g:\mariadb-connector-c-3.1.6-src\client_ed25519.dir\debug\ed25519.obj
g:\mariadb-connector-c-3.1.6-src\client_ed25519.dir\debug\fe_neg.obj
g:\mariadb-connector-c-3.1.6-src\client_ed25519.dir\debug\fe_cmov.obj
g:\mariadb-connector-c-3.1.6-src\client_ed25519.dir\debug\sc_reduce.obj
g:\mariadb-connector-c-3.1.6-src\client_ed25519.dir\debug\ge_precomp_0.obj
g:\mariadb-connector-c-3.1.6-src\client_ed25519.dir\debug\ge_p2_0.obj
g:\mariadb-connector-c-3.1.6-src\client_ed25519.dir\debug\ge_add.obj
g:\mariadb-connector-c-3.1.6-src\client_ed25519.dir\debug\fe_mul.obj
g:\mariadb-connector-c-3.1.6-src\client_ed25519.dir\debug\fe_add.obj
g:\mariadb-connector-c-3.1.6-src\client_ed25519.dir\debug\sc_muladd.obj
g:\mariadb-connector-c-3.1.6-src\client_ed25519.dir\debug\ge_p3_to_p2.obj
g:\mariadb-connector-c-3.1.6-src\client_ed25519.dir\debug\ge_p1p1_to_p3.obj
g:\mariadb-connector-c-3.1.6-src\client_ed25519.dir\debug\fe_tobytes.obj
g:\mariadb-connector-c-3.1.6-src\client_ed25519.dir\debug\fe_isnonzero.obj
g:\mariadb-connector-c-3.1.6-src\client_ed25519.dir\debug\fe_1.obj
g:\mariadb-connector-c-3.1.6-src\client_ed25519.dir\debug\open.obj
g:\mariadb-connector-c-3.1.6-src\client_ed25519.dir\debug\ge_p3_to_cached.obj
g:\mariadb-connector-c-3.1.6-src\client_ed25519.dir\debug\ge_p1p1_to_p2.obj
g:\mariadb-connector-c-3.1.6-src\client_ed25519.dir\debug\fe_sub.obj
g:\mariadb-connector-c-3.1.6-src\client_ed25519.dir\debug\fe_isnegative.obj
g:\mariadb-connector-c-3.1.6-src\client_ed25519.dir\debug\fe_0.obj
g:\mariadb-connector-c-3.1.6-src\client_ed25519.dir\debug\keypair.obj
g:\mariadb-connector-c-3.1.6-src\client_ed25519.dir\debug\ge_p3_tobytes.obj
g:\mariadb-connector-c-3.1.6-src\client_ed25519.dir\debug\ge_msub.obj
g:\mariadb-connector-c-3.1.6-src\client_ed25519.dir\debug\fe_sq.obj
g:\mariadb-connector-c-3.1.6-src\client_ed25519.dir\debug\fe_invert.obj
g:\mariadb-connector-c-3.1.6-src\client_ed25519.dir\debug\ge_tobytes.obj
g:\mariadb-connector-c-3.1.6-src\client_ed25519.dir\debug\ge_p3_dbl.obj
g:\mariadb-connector-c-3.1.6-src\client_ed25519.dir\debug\ge_madd.obj
g:\mariadb-connector-c-3.1.6-src\client_ed25519.dir\debug\fe_sq2.obj
g:\mariadb-connector-c-3.1.6-src\client_ed25519.dir\debug\fe_frombytes.obj
g:\mariadb-connector-c-3.1.6-src\client_ed25519.dir\debug\verify.obj
g:\mariadb-connector-c-3.1.6-src\client_ed25519.dir\debug\ge_sub.obj
g:\mariadb-connector-c-3.1.6-src\client_ed25519.dir\debug\ge_p3_0.obj
g:\mariadb-connector-c-3.1.6-src\client_ed25519.dir\debug\ge_frombytes.obj
g:\mariadb-connector-c-3.1.6-src\client_ed25519.dir\debug\fe_pow22523.obj
g:\mariadb-connector-c-3.1.6-src\client_ed25519.dir\debug\fe_copy.obj
g:\mariadb-connector-c-3.1.6-src\client_ed25519.dir\debug\sign.obj
g:\mariadb-connector-c-3.1.6-src\client_ed25519.dir\debug\ge_scalarmult_base.obj
g:\mariadb-connector-c-3.1.6-src\client_ed25519.dir\debug\ge_p2_dbl.obj
g:\mariadb-connector-c-3.1.6-src\client_ed25519.dir\debug\ge_double_scalarmult.obj
g:\mariadb-connector-c-3.1.6-src\client_ed25519.dir\debug\win_crypt.obj
g:\mariadb-connector-c-3.1.6-src\debug\client_ed25519.lib
g:\mariadb-connector-c-3.1.6-src\debug\client_ed25519.exp
g:\mariadb-connector-c-3.1.6-src\cmakefiles\generate.stamp
g:\mariadb-connector-c-3.1.6-src\debug\client_ed25519.ilk
g:\mariadb-connector-c-3.1.6-src\debug\client_ed25519.dll
g:\mariadb-connector-c-3.1.6-src\debug\client_ed25519.pdb
g:\mariadb-connector-c-3.1.6-src\client_ed25519.dir\debug\client_ed25519.res
g:\mariadb-connector-c-3.1.6-src\client_ed25519.dir\debug\client_ed25519.tlog\cl.command.1.tlog
g:\mariadb-connector-c-3.1.6-src\client_ed25519.dir\debug\client_ed25519.tlog\cl.read.1.tlog
g:\mariadb-connector-c-3.1.6-src\client_ed25519.dir\debug\client_ed25519.tlog\cl.write.1.tlog
g:\mariadb-connector-c-3.1.6-src\client_ed25519.dir\debug\client_ed25519.tlog\client_ed25519.write.1u.tlog
g:\mariadb-connector-c-3.1.6-src\client_ed25519.dir\debug\client_ed25519.tlog\custombuild.command.1.tlog
g:\mariadb-connector-c-3.1.6-src\client_ed25519.dir\debug\client_ed25519.tlog\custombuild.read.1.tlog
g:\mariadb-connector-c-3.1.6-src\client_ed25519.dir\debug\client_ed25519.tlog\custombuild.write.1.tlog
g:\mariadb-connector-c-3.1.6-src\client_ed25519.dir\debug\client_ed25519.tlog\link.command.1.tlog
g:\mariadb-connector-c-3.1.6-src\client_ed25519.dir\debug\client_ed25519.tlog\link.read.1.tlog
g:\mariadb-connector-c-3.1.6-src\client_ed25519.dir\debug\client_ed25519.tlog\link.write.1.tlog
g:\mariadb-connector-c-3.1.6-src\client_ed25519.dir\debug\client_ed25519.tlog\rc.command.1.tlog
g:\mariadb-connector-c-3.1.6-src\client_ed25519.dir\debug\client_ed25519.tlog\rc.read.1.tlog
g:\mariadb-connector-c-3.1.6-src\client_ed25519.dir\debug\client_ed25519.tlog\rc.write.1.tlog
