g:\mariadb-connector-c-3.1.6-src\pvio_shmem.dir\debug\pvio_shmem.obj
g:\mariadb-connector-c-3.1.6-src\cmakefiles\generate.stamp
g:\mariadb-connector-c-3.1.6-src\debug\pvio_shmem.ilk
g:\mariadb-connector-c-3.1.6-src\debug\pvio_shmem.dll
g:\mariadb-connector-c-3.1.6-src\debug\pvio_shmem.pdb
g:\mariadb-connector-c-3.1.6-src\debug\pvio_shmem.lib
g:\mariadb-connector-c-3.1.6-src\debug\pvio_shmem.exp
g:\mariadb-connector-c-3.1.6-src\pvio_shmem.dir\debug\pvio_shmem.res
g:\mariadb-connector-c-3.1.6-src\pvio_shmem.dir\debug\pvio_shmem.tlog\cl.command.1.tlog
g:\mariadb-connector-c-3.1.6-src\pvio_shmem.dir\debug\pvio_shmem.tlog\cl.read.1.tlog
g:\mariadb-connector-c-3.1.6-src\pvio_shmem.dir\debug\pvio_shmem.tlog\cl.write.1.tlog
g:\mariadb-connector-c-3.1.6-src\pvio_shmem.dir\debug\pvio_shmem.tlog\custombuild.command.1.tlog
g:\mariadb-connector-c-3.1.6-src\pvio_shmem.dir\debug\pvio_shmem.tlog\custombuild.read.1.tlog
g:\mariadb-connector-c-3.1.6-src\pvio_shmem.dir\debug\pvio_shmem.tlog\custombuild.write.1.tlog
g:\mariadb-connector-c-3.1.6-src\pvio_shmem.dir\debug\pvio_shmem.tlog\link.command.1.tlog
g:\mariadb-connector-c-3.1.6-src\pvio_shmem.dir\debug\pvio_shmem.tlog\link.read.1.tlog
g:\mariadb-connector-c-3.1.6-src\pvio_shmem.dir\debug\pvio_shmem.tlog\link.write.1.tlog
g:\mariadb-connector-c-3.1.6-src\pvio_shmem.dir\debug\pvio_shmem.tlog\pvio_shmem.write.1u.tlog
g:\mariadb-connector-c-3.1.6-src\pvio_shmem.dir\debug\pvio_shmem.tlog\rc.command.1.tlog
g:\mariadb-connector-c-3.1.6-src\pvio_shmem.dir\debug\pvio_shmem.tlog\rc.read.1.tlog
g:\mariadb-connector-c-3.1.6-src\pvio_shmem.dir\debug\pvio_shmem.tlog\rc.write.1.tlog
