g:\mariadb-connector-c-3.1.6-src\debug\caching_sha2_password.lib
g:\mariadb-connector-c-3.1.6-src\debug\caching_sha2_password.exp
g:\mariadb-connector-c-3.1.6-src\caching_sha2_password.dir\debug\win_crypt.obj
g:\mariadb-connector-c-3.1.6-src\caching_sha2_password.dir\debug\caching_sha2_pw.obj
g:\mariadb-connector-c-3.1.6-src\cmakefiles\generate.stamp
g:\mariadb-connector-c-3.1.6-src\debug\caching_sha2_password.ilk
g:\mariadb-connector-c-3.1.6-src\debug\caching_sha2_password.dll
g:\mariadb-connector-c-3.1.6-src\debug\caching_sha2_password.pdb
g:\mariadb-connector-c-3.1.6-src\caching_sha2_password.dir\debug\caching_sha2_password.res
g:\mariadb-connector-c-3.1.6-src\caching_sha2_password.dir\debug\caching_.2270bd14.tlog\caching_sha2_password.write.1u.tlog
g:\mariadb-connector-c-3.1.6-src\caching_sha2_password.dir\debug\caching_.2270bd14.tlog\cl.command.1.tlog
g:\mariadb-connector-c-3.1.6-src\caching_sha2_password.dir\debug\caching_.2270bd14.tlog\cl.read.1.tlog
g:\mariadb-connector-c-3.1.6-src\caching_sha2_password.dir\debug\caching_.2270bd14.tlog\cl.write.1.tlog
g:\mariadb-connector-c-3.1.6-src\caching_sha2_password.dir\debug\caching_.2270bd14.tlog\custombuild.command.1.tlog
g:\mariadb-connector-c-3.1.6-src\caching_sha2_password.dir\debug\caching_.2270bd14.tlog\custombuild.read.1.tlog
g:\mariadb-connector-c-3.1.6-src\caching_sha2_password.dir\debug\caching_.2270bd14.tlog\custombuild.write.1.tlog
g:\mariadb-connector-c-3.1.6-src\caching_sha2_password.dir\debug\caching_.2270bd14.tlog\link.command.1.tlog
g:\mariadb-connector-c-3.1.6-src\caching_sha2_password.dir\debug\caching_.2270bd14.tlog\link.read.1.tlog
g:\mariadb-connector-c-3.1.6-src\caching_sha2_password.dir\debug\caching_.2270bd14.tlog\link.write.1.tlog
g:\mariadb-connector-c-3.1.6-src\caching_sha2_password.dir\debug\caching_.2270bd14.tlog\rc.command.1.tlog
g:\mariadb-connector-c-3.1.6-src\caching_sha2_password.dir\debug\caching_.2270bd14.tlog\rc.read.1.tlog
g:\mariadb-connector-c-3.1.6-src\caching_sha2_password.dir\debug\caching_.2270bd14.tlog\rc.write.1.tlog
