The system is: Darwin - 19.3.0 - x86_64
Compiling the C compiler identification source file "CMakeCCompilerId.c" succeeded.
Compiler: /Library/Developer/CommandLineTools/usr/bin/cc 
Build flags: 
Id flags:  

The output was:
0


Compilation of the C compiler identification source "CMakeCCompilerId.c" produced "a.out"

The C compiler identification is AppleClang, found in "/Users/junminkim/Workspace/DataBase/External-Library/mariadb-connector-c-3.1.6-src/cmake-build-debug/CMakeFiles/3.15.3/CompilerIdC/a.out"

Determining if the C compiler works passed with the following output:
Change Dir: /Users/junminkim/Workspace/DataBase/External-Library/mariadb-connector-c-3.1.6-src/cmake-build-debug/CMakeFiles/CMakeTmp

Run Build Command(s):/usr/bin/make cmTC_16a22/fast && /Library/Developer/CommandLineTools/usr/bin/make -f CMakeFiles/cmTC_16a22.dir/build.make CMakeFiles/cmTC_16a22.dir/build
Building C object CMakeFiles/cmTC_16a22.dir/testCCompiler.c.o
/Library/Developer/CommandLineTools/usr/bin/cc   -isysroot /Library/Developer/CommandLineTools/SDKs/MacOSX10.15.sdk   -o CMakeFiles/cmTC_16a22.dir/testCCompiler.c.o   -c /Users/junminkim/Workspace/DataBase/External-Library/mariadb-connector-c-3.1.6-src/cmake-build-debug/CMakeFiles/CMakeTmp/testCCompiler.c
Linking C executable cmTC_16a22
/Applications/CLion.app/Contents/bin/cmake/mac/bin/cmake -E cmake_link_script CMakeFiles/cmTC_16a22.dir/link.txt --verbose=1
/Library/Developer/CommandLineTools/usr/bin/cc   -isysroot /Library/Developer/CommandLineTools/SDKs/MacOSX10.15.sdk -Wl,-search_paths_first -Wl,-headerpad_max_install_names   CMakeFiles/cmTC_16a22.dir/testCCompiler.c.o  -o cmTC_16a22 



Detecting C compiler ABI info compiled with the following output:
Change Dir: /Users/junminkim/Workspace/DataBase/External-Library/mariadb-connector-c-3.1.6-src/cmake-build-debug/CMakeFiles/CMakeTmp

Run Build Command(s):/usr/bin/make cmTC_85290/fast && /Library/Developer/CommandLineTools/usr/bin/make -f CMakeFiles/cmTC_85290.dir/build.make CMakeFiles/cmTC_85290.dir/build
Building C object CMakeFiles/cmTC_85290.dir/CMakeCCompilerABI.c.o
/Library/Developer/CommandLineTools/usr/bin/cc   -isysroot /Library/Developer/CommandLineTools/SDKs/MacOSX10.15.sdk   -v -Wl,-v -o CMakeFiles/cmTC_85290.dir/CMakeCCompilerABI.c.o   -c /Applications/CLion.app/Contents/bin/cmake/mac/share/cmake-3.15/Modules/CMakeCCompilerABI.c
Apple clang version 11.0.0 (clang-1100.0.33.17)
Target: x86_64-apple-darwin19.3.0
Thread model: posix
InstalledDir: /Library/Developer/CommandLineTools/usr/bin
clang: warning: -Wl,-v: 'linker' input unused [-Wunused-command-line-argument]
 "/Library/Developer/CommandLineTools/usr/bin/clang" -cc1 -triple x86_64-apple-macosx10.15.0 -Wdeprecated-objc-isa-usage -Werror=deprecated-objc-isa-usage -emit-obj -mrelax-all -disable-free -disable-llvm-verifier -discard-value-names -main-file-name CMakeCCompilerABI.c -mrelocation-model pic -pic-level 2 -mthread-model posix -mdisable-fp-elim -fno-strict-return -masm-verbose -munwind-tables -target-sdk-version=10.15 -target-cpu penryn -dwarf-column-info -debugger-tuning=lldb -ggnu-pubnames -target-linker-version 530 -v -coverage-notes-file /Users/junminkim/Workspace/DataBase/External-Library/mariadb-connector-c-3.1.6-src/cmake-build-debug/CMakeFiles/CMakeTmp/CMakeFiles/cmTC_85290.dir/CMakeCCompilerABI.c.gcno -resource-dir /Library/Developer/CommandLineTools/usr/lib/clang/11.0.0 -isysroot /Library/Developer/CommandLineTools/SDKs/MacOSX10.15.sdk -Wno-framework-include-private-from-public -Wno-atimport-in-framework-header -Wno-extra-semi-stmt -Wno-quoted-include-in-framework-header -fdebug-compilation-dir /Users/junminkim/Workspace/DataBase/External-Library/mariadb-connector-c-3.1.6-src/cmake-build-debug/CMakeFiles/CMakeTmp -ferror-limit 19 -fmessage-length 0 -stack-protector 1 -fstack-check -mdarwin-stkchk-strong-link -fblocks -fencode-extended-block-signature -fregister-global-dtors-with-atexit -fobjc-runtime=macosx-10.15.0 -fmax-type-align=16 -fdiagnostics-show-option -o CMakeFiles/cmTC_85290.dir/CMakeCCompilerABI.c.o -x c /Applications/CLion.app/Contents/bin/cmake/mac/share/cmake-3.15/Modules/CMakeCCompilerABI.c
clang -cc1 version 11.0.0 (clang-1100.0.33.17) default target x86_64-apple-darwin19.3.0
ignoring nonexistent directory "/Library/Developer/CommandLineTools/SDKs/MacOSX10.15.sdk/usr/local/include"
ignoring nonexistent directory "/Library/Developer/CommandLineTools/SDKs/MacOSX10.15.sdk/Library/Frameworks"
#include "..." search starts here:
#include <...> search starts here:
 /Library/Developer/CommandLineTools/usr/lib/clang/11.0.0/include
 /Library/Developer/CommandLineTools/usr/include
 /Library/Developer/CommandLineTools/SDKs/MacOSX10.15.sdk/usr/include
 /Library/Developer/CommandLineTools/SDKs/MacOSX10.15.sdk/System/Library/Frameworks (framework directory)
End of search list.
Linking C executable cmTC_85290
/Applications/CLion.app/Contents/bin/cmake/mac/bin/cmake -E cmake_link_script CMakeFiles/cmTC_85290.dir/link.txt --verbose=1
/Library/Developer/CommandLineTools/usr/bin/cc   -isysroot /Library/Developer/CommandLineTools/SDKs/MacOSX10.15.sdk -Wl,-search_paths_first -Wl,-headerpad_max_install_names  -v -Wl,-v CMakeFiles/cmTC_85290.dir/CMakeCCompilerABI.c.o  -o cmTC_85290 
Apple clang version 11.0.0 (clang-1100.0.33.17)
Target: x86_64-apple-darwin19.3.0
Thread model: posix
InstalledDir: /Library/Developer/CommandLineTools/usr/bin
 "/Library/Developer/CommandLineTools/usr/bin/ld" -demangle -lto_library /Library/Developer/CommandLineTools/usr/lib/libLTO.dylib -dynamic -arch x86_64 -macosx_version_min 10.15.0 -syslibroot /Library/Developer/CommandLineTools/SDKs/MacOSX10.15.sdk -o cmTC_85290 -search_paths_first -headerpad_max_install_names -v CMakeFiles/cmTC_85290.dir/CMakeCCompilerABI.c.o -lSystem /Library/Developer/CommandLineTools/usr/lib/clang/11.0.0/lib/darwin/libclang_rt.osx.a
@(#)PROGRAM:ld  PROJECT:ld64-530
BUILD 18:57:17 Dec 13 2019
configured to support archs: armv6 armv7 armv7s arm64 arm64e arm64_32 i386 x86_64 x86_64h armv6m armv7k armv7m armv7em
Library search paths:
	/Library/Developer/CommandLineTools/SDKs/MacOSX10.15.sdk/usr/lib
Framework search paths:
	/Library/Developer/CommandLineTools/SDKs/MacOSX10.15.sdk/System/Library/Frameworks/



Parsed C implicit include dir info from above output: rv=done
  found start of include info
  found start of implicit include info
    add: [/Library/Developer/CommandLineTools/usr/lib/clang/11.0.0/include]
    add: [/Library/Developer/CommandLineTools/usr/include]
    add: [/Library/Developer/CommandLineTools/SDKs/MacOSX10.15.sdk/usr/include]
  end of search list found
  collapse include dir [/Library/Developer/CommandLineTools/usr/lib/clang/11.0.0/include] ==> [/Library/Developer/CommandLineTools/usr/lib/clang/11.0.0/include]
  collapse include dir [/Library/Developer/CommandLineTools/usr/include] ==> [/Library/Developer/CommandLineTools/usr/include]
  collapse include dir [/Library/Developer/CommandLineTools/SDKs/MacOSX10.15.sdk/usr/include] ==> [/Library/Developer/CommandLineTools/SDKs/MacOSX10.15.sdk/usr/include]
  implicit include dirs: [/Library/Developer/CommandLineTools/usr/lib/clang/11.0.0/include;/Library/Developer/CommandLineTools/usr/include;/Library/Developer/CommandLineTools/SDKs/MacOSX10.15.sdk/usr/include]


Parsed C implicit link information from above output:
  link line regex: [^( *|.*[/\])(ld|CMAKE_LINK_STARTFILE-NOTFOUND|([^/\]+-)?ld|collect2)[^/\]*( |$)]
  ignore line: [Change Dir: /Users/junminkim/Workspace/DataBase/External-Library/mariadb-connector-c-3.1.6-src/cmake-build-debug/CMakeFiles/CMakeTmp]
  ignore line: []
  ignore line: [Run Build Command(s):/usr/bin/make cmTC_85290/fast && /Library/Developer/CommandLineTools/usr/bin/make -f CMakeFiles/cmTC_85290.dir/build.make CMakeFiles/cmTC_85290.dir/build]
  ignore line: [Building C object CMakeFiles/cmTC_85290.dir/CMakeCCompilerABI.c.o]
  ignore line: [/Library/Developer/CommandLineTools/usr/bin/cc   -isysroot /Library/Developer/CommandLineTools/SDKs/MacOSX10.15.sdk   -v -Wl,-v -o CMakeFiles/cmTC_85290.dir/CMakeCCompilerABI.c.o   -c /Applications/CLion.app/Contents/bin/cmake/mac/share/cmake-3.15/Modules/CMakeCCompilerABI.c]
  ignore line: [Apple clang version 11.0.0 (clang-1100.0.33.17)]
  ignore line: [Target: x86_64-apple-darwin19.3.0]
  ignore line: [Thread model: posix]
  ignore line: [InstalledDir: /Library/Developer/CommandLineTools/usr/bin]
  ignore line: [clang: warning: -Wl,-v: 'linker' input unused [-Wunused-command-line-argument]]
  ignore line: [ "/Library/Developer/CommandLineTools/usr/bin/clang" -cc1 -triple x86_64-apple-macosx10.15.0 -Wdeprecated-objc-isa-usage -Werror=deprecated-objc-isa-usage -emit-obj -mrelax-all -disable-free -disable-llvm-verifier -discard-value-names -main-file-name CMakeCCompilerABI.c -mrelocation-model pic -pic-level 2 -mthread-model posix -mdisable-fp-elim -fno-strict-return -masm-verbose -munwind-tables -target-sdk-version=10.15 -target-cpu penryn -dwarf-column-info -debugger-tuning=lldb -ggnu-pubnames -target-linker-version 530 -v -coverage-notes-file /Users/junminkim/Workspace/DataBase/External-Library/mariadb-connector-c-3.1.6-src/cmake-build-debug/CMakeFiles/CMakeTmp/CMakeFiles/cmTC_85290.dir/CMakeCCompilerABI.c.gcno -resource-dir /Library/Developer/CommandLineTools/usr/lib/clang/11.0.0 -isysroot /Library/Developer/CommandLineTools/SDKs/MacOSX10.15.sdk -Wno-framework-include-private-from-public -Wno-atimport-in-framework-header -Wno-extra-semi-stmt -Wno-quoted-include-in-framework-header -fdebug-compilation-dir /Users/junminkim/Workspace/DataBase/External-Library/mariadb-connector-c-3.1.6-src/cmake-build-debug/CMakeFiles/CMakeTmp -ferror-limit 19 -fmessage-length 0 -stack-protector 1 -fstack-check -mdarwin-stkchk-strong-link -fblocks -fencode-extended-block-signature -fregister-global-dtors-with-atexit -fobjc-runtime=macosx-10.15.0 -fmax-type-align=16 -fdiagnostics-show-option -o CMakeFiles/cmTC_85290.dir/CMakeCCompilerABI.c.o -x c /Applications/CLion.app/Contents/bin/cmake/mac/share/cmake-3.15/Modules/CMakeCCompilerABI.c]
  ignore line: [clang -cc1 version 11.0.0 (clang-1100.0.33.17) default target x86_64-apple-darwin19.3.0]
  ignore line: [ignoring nonexistent directory "/Library/Developer/CommandLineTools/SDKs/MacOSX10.15.sdk/usr/local/include"]
  ignore line: [ignoring nonexistent directory "/Library/Developer/CommandLineTools/SDKs/MacOSX10.15.sdk/Library/Frameworks"]
  ignore line: [#include "..." search starts here:]
  ignore line: [#include <...> search starts here:]
  ignore line: [ /Library/Developer/CommandLineTools/usr/lib/clang/11.0.0/include]
  ignore line: [ /Library/Developer/CommandLineTools/usr/include]
  ignore line: [ /Library/Developer/CommandLineTools/SDKs/MacOSX10.15.sdk/usr/include]
  ignore line: [ /Library/Developer/CommandLineTools/SDKs/MacOSX10.15.sdk/System/Library/Frameworks (framework directory)]
  ignore line: [End of search list.]
  ignore line: [Linking C executable cmTC_85290]
  ignore line: [/Applications/CLion.app/Contents/bin/cmake/mac/bin/cmake -E cmake_link_script CMakeFiles/cmTC_85290.dir/link.txt --verbose=1]
  ignore line: [/Library/Developer/CommandLineTools/usr/bin/cc   -isysroot /Library/Developer/CommandLineTools/SDKs/MacOSX10.15.sdk -Wl,-search_paths_first -Wl,-headerpad_max_install_names  -v -Wl,-v CMakeFiles/cmTC_85290.dir/CMakeCCompilerABI.c.o  -o cmTC_85290 ]
  ignore line: [Apple clang version 11.0.0 (clang-1100.0.33.17)]
  ignore line: [Target: x86_64-apple-darwin19.3.0]
  ignore line: [Thread model: posix]
  ignore line: [InstalledDir: /Library/Developer/CommandLineTools/usr/bin]
  link line: [ "/Library/Developer/CommandLineTools/usr/bin/ld" -demangle -lto_library /Library/Developer/CommandLineTools/usr/lib/libLTO.dylib -dynamic -arch x86_64 -macosx_version_min 10.15.0 -syslibroot /Library/Developer/CommandLineTools/SDKs/MacOSX10.15.sdk -o cmTC_85290 -search_paths_first -headerpad_max_install_names -v CMakeFiles/cmTC_85290.dir/CMakeCCompilerABI.c.o -lSystem /Library/Developer/CommandLineTools/usr/lib/clang/11.0.0/lib/darwin/libclang_rt.osx.a]
    arg [/Library/Developer/CommandLineTools/usr/bin/ld] ==> ignore
    arg [-demangle] ==> ignore
    arg [-lto_library] ==> ignore, skip following value
    arg [/Library/Developer/CommandLineTools/usr/lib/libLTO.dylib] ==> skip value of -lto_library
    arg [-dynamic] ==> ignore
    arg [-arch] ==> ignore
    arg [x86_64] ==> ignore
    arg [-macosx_version_min] ==> ignore
    arg [10.15.0] ==> ignore
    arg [-syslibroot] ==> ignore
    arg [/Library/Developer/CommandLineTools/SDKs/MacOSX10.15.sdk] ==> ignore
    arg [-o] ==> ignore
    arg [cmTC_85290] ==> ignore
    arg [-search_paths_first] ==> ignore
    arg [-headerpad_max_install_names] ==> ignore
    arg [-v] ==> ignore
    arg [CMakeFiles/cmTC_85290.dir/CMakeCCompilerABI.c.o] ==> ignore
    arg [-lSystem] ==> lib [System]
    arg [/Library/Developer/CommandLineTools/usr/lib/clang/11.0.0/lib/darwin/libclang_rt.osx.a] ==> lib [/Library/Developer/CommandLineTools/usr/lib/clang/11.0.0/lib/darwin/libclang_rt.osx.a]
  Library search paths: [;/Library/Developer/CommandLineTools/SDKs/MacOSX10.15.sdk/usr/lib]
  Framework search paths: [;/Library/Developer/CommandLineTools/SDKs/MacOSX10.15.sdk/System/Library/Frameworks/]
  remove lib [System]
  remove lib [/Library/Developer/CommandLineTools/usr/lib/clang/11.0.0/lib/darwin/libclang_rt.osx.a]
  collapse library dir [/Library/Developer/CommandLineTools/SDKs/MacOSX10.15.sdk/usr/lib] ==> [/Library/Developer/CommandLineTools/SDKs/MacOSX10.15.sdk/usr/lib]
  collapse framework dir [/Library/Developer/CommandLineTools/SDKs/MacOSX10.15.sdk/System/Library/Frameworks/] ==> [/Library/Developer/CommandLineTools/SDKs/MacOSX10.15.sdk/System/Library/Frameworks]
  implicit libs: []
  implicit dirs: [/Library/Developer/CommandLineTools/SDKs/MacOSX10.15.sdk/usr/lib]
  implicit fwks: [/Library/Developer/CommandLineTools/SDKs/MacOSX10.15.sdk/System/Library/Frameworks]


Determining if the include file sys/types.h exists passed with the following output:
Change Dir: /Users/junminkim/Workspace/DataBase/External-Library/mariadb-connector-c-3.1.6-src/cmake-build-debug/CMakeFiles/CMakeTmp

Run Build Command(s):/usr/bin/make cmTC_f461d/fast && /Library/Developer/CommandLineTools/usr/bin/make -f CMakeFiles/cmTC_f461d.dir/build.make CMakeFiles/cmTC_f461d.dir/build
Building C object CMakeFiles/cmTC_f461d.dir/CheckIncludeFile.c.o
/Library/Developer/CommandLineTools/usr/bin/cc   -isysroot /Library/Developer/CommandLineTools/SDKs/MacOSX10.15.sdk   -o CMakeFiles/cmTC_f461d.dir/CheckIncludeFile.c.o   -c /Users/junminkim/Workspace/DataBase/External-Library/mariadb-connector-c-3.1.6-src/cmake-build-debug/CMakeFiles/CMakeTmp/CheckIncludeFile.c
Linking C executable cmTC_f461d
/Applications/CLion.app/Contents/bin/cmake/mac/bin/cmake -E cmake_link_script CMakeFiles/cmTC_f461d.dir/link.txt --verbose=1
/Library/Developer/CommandLineTools/usr/bin/cc   -isysroot /Library/Developer/CommandLineTools/SDKs/MacOSX10.15.sdk -Wl,-search_paths_first -Wl,-headerpad_max_install_names   CMakeFiles/cmTC_f461d.dir/CheckIncludeFile.c.o  -o cmTC_f461d 



Determining if the include file stdint.h exists passed with the following output:
Change Dir: /Users/junminkim/Workspace/DataBase/External-Library/mariadb-connector-c-3.1.6-src/cmake-build-debug/CMakeFiles/CMakeTmp

Run Build Command(s):/usr/bin/make cmTC_62455/fast && /Library/Developer/CommandLineTools/usr/bin/make -f CMakeFiles/cmTC_62455.dir/build.make CMakeFiles/cmTC_62455.dir/build
Building C object CMakeFiles/cmTC_62455.dir/CheckIncludeFile.c.o
/Library/Developer/CommandLineTools/usr/bin/cc   -isysroot /Library/Developer/CommandLineTools/SDKs/MacOSX10.15.sdk   -o CMakeFiles/cmTC_62455.dir/CheckIncludeFile.c.o   -c /Users/junminkim/Workspace/DataBase/External-Library/mariadb-connector-c-3.1.6-src/cmake-build-debug/CMakeFiles/CMakeTmp/CheckIncludeFile.c
Linking C executable cmTC_62455
/Applications/CLion.app/Contents/bin/cmake/mac/bin/cmake -E cmake_link_script CMakeFiles/cmTC_62455.dir/link.txt --verbose=1
/Library/Developer/CommandLineTools/usr/bin/cc   -isysroot /Library/Developer/CommandLineTools/SDKs/MacOSX10.15.sdk -Wl,-search_paths_first -Wl,-headerpad_max_install_names   CMakeFiles/cmTC_62455.dir/CheckIncludeFile.c.o  -o cmTC_62455 



Determining if the include file stddef.h exists passed with the following output:
Change Dir: /Users/junminkim/Workspace/DataBase/External-Library/mariadb-connector-c-3.1.6-src/cmake-build-debug/CMakeFiles/CMakeTmp

Run Build Command(s):/usr/bin/make cmTC_d5938/fast && /Library/Developer/CommandLineTools/usr/bin/make -f CMakeFiles/cmTC_d5938.dir/build.make CMakeFiles/cmTC_d5938.dir/build
Building C object CMakeFiles/cmTC_d5938.dir/CheckIncludeFile.c.o
/Library/Developer/CommandLineTools/usr/bin/cc   -isysroot /Library/Developer/CommandLineTools/SDKs/MacOSX10.15.sdk   -o CMakeFiles/cmTC_d5938.dir/CheckIncludeFile.c.o   -c /Users/junminkim/Workspace/DataBase/External-Library/mariadb-connector-c-3.1.6-src/cmake-build-debug/CMakeFiles/CMakeTmp/CheckIncludeFile.c
Linking C executable cmTC_d5938
/Applications/CLion.app/Contents/bin/cmake/mac/bin/cmake -E cmake_link_script CMakeFiles/cmTC_d5938.dir/link.txt --verbose=1
/Library/Developer/CommandLineTools/usr/bin/cc   -isysroot /Library/Developer/CommandLineTools/SDKs/MacOSX10.15.sdk -Wl,-search_paths_first -Wl,-headerpad_max_install_names   CMakeFiles/cmTC_d5938.dir/CheckIncludeFile.c.o  -o cmTC_d5938 



Determining size of unsigned short passed with the following output:
Change Dir: /Users/junminkim/Workspace/DataBase/External-Library/mariadb-connector-c-3.1.6-src/cmake-build-debug/CMakeFiles/CMakeTmp

Run Build Command(s):/usr/bin/make cmTC_94977/fast && /Library/Developer/CommandLineTools/usr/bin/make -f CMakeFiles/cmTC_94977.dir/build.make CMakeFiles/cmTC_94977.dir/build
Building C object CMakeFiles/cmTC_94977.dir/CMAKE_SIZEOF_UNSIGNED_SHORT.c.o
/Library/Developer/CommandLineTools/usr/bin/cc   -isysroot /Library/Developer/CommandLineTools/SDKs/MacOSX10.15.sdk   -o CMakeFiles/cmTC_94977.dir/CMAKE_SIZEOF_UNSIGNED_SHORT.c.o   -c /Users/junminkim/Workspace/DataBase/External-Library/mariadb-connector-c-3.1.6-src/cmake-build-debug/CMakeFiles/CheckTypeSize/CMAKE_SIZEOF_UNSIGNED_SHORT.c
Linking C executable cmTC_94977
/Applications/CLion.app/Contents/bin/cmake/mac/bin/cmake -E cmake_link_script CMakeFiles/cmTC_94977.dir/link.txt --verbose=1
/Library/Developer/CommandLineTools/usr/bin/cc   -isysroot /Library/Developer/CommandLineTools/SDKs/MacOSX10.15.sdk -Wl,-search_paths_first -Wl,-headerpad_max_install_names   CMakeFiles/cmTC_94977.dir/CMAKE_SIZEOF_UNSIGNED_SHORT.c.o  -o cmTC_94977 



Determining if the system is big endian passed with the following output:
Change Dir: /Users/junminkim/Workspace/DataBase/External-Library/mariadb-connector-c-3.1.6-src/cmake-build-debug/CMakeFiles/CMakeTmp

Run Build Command(s):/usr/bin/make cmTC_09d54/fast && /Library/Developer/CommandLineTools/usr/bin/make -f CMakeFiles/cmTC_09d54.dir/build.make CMakeFiles/cmTC_09d54.dir/build
Building C object CMakeFiles/cmTC_09d54.dir/TestEndianess.c.o
/Library/Developer/CommandLineTools/usr/bin/cc   -isysroot /Library/Developer/CommandLineTools/SDKs/MacOSX10.15.sdk   -o CMakeFiles/cmTC_09d54.dir/TestEndianess.c.o   -c /Users/junminkim/Workspace/DataBase/External-Library/mariadb-connector-c-3.1.6-src/cmake-build-debug/CMakeFiles/CMakeTmp/TestEndianess.c
Linking C executable cmTC_09d54
/Applications/CLion.app/Contents/bin/cmake/mac/bin/cmake -E cmake_link_script CMakeFiles/cmTC_09d54.dir/link.txt --verbose=1
/Library/Developer/CommandLineTools/usr/bin/cc   -isysroot /Library/Developer/CommandLineTools/SDKs/MacOSX10.15.sdk -Wl,-search_paths_first -Wl,-headerpad_max_install_names   CMakeFiles/cmTC_09d54.dir/TestEndianess.c.o  -o cmTC_09d54 


TestEndianess.c:
/* A 16 bit integer is required. */
typedef unsigned short cmakeint16;

/* On a little endian machine, these 16bit ints will give "THIS IS LITTLE ENDIAN."
   On a big endian machine the characters will be exchanged pairwise. */
const cmakeint16 info_little[] =  {0x4854, 0x5349, 0x4920, 0x2053, 0x494c, 0x5454, 0x454c, 0x4520, 0x444e, 0x4149, 0x2e4e, 0x0000};

/* on a big endian machine, these 16bit ints will give "THIS IS BIG ENDIAN."
   On a little endian machine the characters will be exchanged pairwise. */
const cmakeint16 info_big[] =     {0x5448, 0x4953, 0x2049, 0x5320, 0x4249, 0x4720, 0x454e, 0x4449, 0x414e, 0x2e2e, 0x0000};

#ifdef __CLASSIC_C__
int main(argc, argv) int argc; char *argv[];
#else
int main(int argc, char *argv[])
#endif
{
  int require = 0;
  require += info_little[argc];
  require += info_big[argc];
  (void)argv;
  return require;
}


Determining if files alloca.h exist passed with the following output:
Change Dir: /Users/junminkim/Workspace/DataBase/External-Library/mariadb-connector-c-3.1.6-src/cmake-build-debug/CMakeFiles/CMakeTmp

Run Build Command(s):/usr/bin/make cmTC_de904/fast && /Library/Developer/CommandLineTools/usr/bin/make -f CMakeFiles/cmTC_de904.dir/build.make CMakeFiles/cmTC_de904.dir/build
Building C object CMakeFiles/cmTC_de904.dir/HAVE_ALLOCA_H.c.o
/Library/Developer/CommandLineTools/usr/bin/cc   -isysroot /Library/Developer/CommandLineTools/SDKs/MacOSX10.15.sdk   -o CMakeFiles/cmTC_de904.dir/HAVE_ALLOCA_H.c.o   -c /Users/junminkim/Workspace/DataBase/External-Library/mariadb-connector-c-3.1.6-src/cmake-build-debug/CMakeFiles/CheckIncludeFiles/HAVE_ALLOCA_H.c
Linking C executable cmTC_de904
/Applications/CLion.app/Contents/bin/cmake/mac/bin/cmake -E cmake_link_script CMakeFiles/cmTC_de904.dir/link.txt --verbose=1
/Library/Developer/CommandLineTools/usr/bin/cc   -isysroot /Library/Developer/CommandLineTools/SDKs/MacOSX10.15.sdk -Wl,-search_paths_first -Wl,-headerpad_max_install_names   CMakeFiles/cmTC_de904.dir/HAVE_ALLOCA_H.c.o  -o cmTC_de904 



Determining if files arpa/inet.h exist passed with the following output:
Change Dir: /Users/junminkim/Workspace/DataBase/External-Library/mariadb-connector-c-3.1.6-src/cmake-build-debug/CMakeFiles/CMakeTmp

Run Build Command(s):/usr/bin/make cmTC_b5b7f/fast && /Library/Developer/CommandLineTools/usr/bin/make -f CMakeFiles/cmTC_b5b7f.dir/build.make CMakeFiles/cmTC_b5b7f.dir/build
Building C object CMakeFiles/cmTC_b5b7f.dir/HAVE_ARPA_INET_H.c.o
/Library/Developer/CommandLineTools/usr/bin/cc   -isysroot /Library/Developer/CommandLineTools/SDKs/MacOSX10.15.sdk   -o CMakeFiles/cmTC_b5b7f.dir/HAVE_ARPA_INET_H.c.o   -c /Users/junminkim/Workspace/DataBase/External-Library/mariadb-connector-c-3.1.6-src/cmake-build-debug/CMakeFiles/CheckIncludeFiles/HAVE_ARPA_INET_H.c
Linking C executable cmTC_b5b7f
/Applications/CLion.app/Contents/bin/cmake/mac/bin/cmake -E cmake_link_script CMakeFiles/cmTC_b5b7f.dir/link.txt --verbose=1
/Library/Developer/CommandLineTools/usr/bin/cc   -isysroot /Library/Developer/CommandLineTools/SDKs/MacOSX10.15.sdk -Wl,-search_paths_first -Wl,-headerpad_max_install_names   CMakeFiles/cmTC_b5b7f.dir/HAVE_ARPA_INET_H.c.o  -o cmTC_b5b7f 



Determining if files dlfcn.h exist passed with the following output:
Change Dir: /Users/junminkim/Workspace/DataBase/External-Library/mariadb-connector-c-3.1.6-src/cmake-build-debug/CMakeFiles/CMakeTmp

Run Build Command(s):/usr/bin/make cmTC_74344/fast && /Library/Developer/CommandLineTools/usr/bin/make -f CMakeFiles/cmTC_74344.dir/build.make CMakeFiles/cmTC_74344.dir/build
Building C object CMakeFiles/cmTC_74344.dir/HAVE_DLFCN_H.c.o
/Library/Developer/CommandLineTools/usr/bin/cc   -isysroot /Library/Developer/CommandLineTools/SDKs/MacOSX10.15.sdk   -o CMakeFiles/cmTC_74344.dir/HAVE_DLFCN_H.c.o   -c /Users/junminkim/Workspace/DataBase/External-Library/mariadb-connector-c-3.1.6-src/cmake-build-debug/CMakeFiles/CheckIncludeFiles/HAVE_DLFCN_H.c
Linking C executable cmTC_74344
/Applications/CLion.app/Contents/bin/cmake/mac/bin/cmake -E cmake_link_script CMakeFiles/cmTC_74344.dir/link.txt --verbose=1
/Library/Developer/CommandLineTools/usr/bin/cc   -isysroot /Library/Developer/CommandLineTools/SDKs/MacOSX10.15.sdk -Wl,-search_paths_first -Wl,-headerpad_max_install_names   CMakeFiles/cmTC_74344.dir/HAVE_DLFCN_H.c.o  -o cmTC_74344 



Determining if files fcntl.h exist passed with the following output:
Change Dir: /Users/junminkim/Workspace/DataBase/External-Library/mariadb-connector-c-3.1.6-src/cmake-build-debug/CMakeFiles/CMakeTmp

Run Build Command(s):/usr/bin/make cmTC_147b3/fast && /Library/Developer/CommandLineTools/usr/bin/make -f CMakeFiles/cmTC_147b3.dir/build.make CMakeFiles/cmTC_147b3.dir/build
Building C object CMakeFiles/cmTC_147b3.dir/HAVE_FCNTL_H.c.o
/Library/Developer/CommandLineTools/usr/bin/cc   -isysroot /Library/Developer/CommandLineTools/SDKs/MacOSX10.15.sdk   -o CMakeFiles/cmTC_147b3.dir/HAVE_FCNTL_H.c.o   -c /Users/junminkim/Workspace/DataBase/External-Library/mariadb-connector-c-3.1.6-src/cmake-build-debug/CMakeFiles/CheckIncludeFiles/HAVE_FCNTL_H.c
Linking C executable cmTC_147b3
/Applications/CLion.app/Contents/bin/cmake/mac/bin/cmake -E cmake_link_script CMakeFiles/cmTC_147b3.dir/link.txt --verbose=1
/Library/Developer/CommandLineTools/usr/bin/cc   -isysroot /Library/Developer/CommandLineTools/SDKs/MacOSX10.15.sdk -Wl,-search_paths_first -Wl,-headerpad_max_install_names   CMakeFiles/cmTC_147b3.dir/HAVE_FCNTL_H.c.o  -o cmTC_147b3 



Determining if files float.h exist passed with the following output:
Change Dir: /Users/junminkim/Workspace/DataBase/External-Library/mariadb-connector-c-3.1.6-src/cmake-build-debug/CMakeFiles/CMakeTmp

Run Build Command(s):/usr/bin/make cmTC_2a919/fast && /Library/Developer/CommandLineTools/usr/bin/make -f CMakeFiles/cmTC_2a919.dir/build.make CMakeFiles/cmTC_2a919.dir/build
Building C object CMakeFiles/cmTC_2a919.dir/HAVE_FLOAT_H.c.o
/Library/Developer/CommandLineTools/usr/bin/cc   -isysroot /Library/Developer/CommandLineTools/SDKs/MacOSX10.15.sdk   -o CMakeFiles/cmTC_2a919.dir/HAVE_FLOAT_H.c.o   -c /Users/junminkim/Workspace/DataBase/External-Library/mariadb-connector-c-3.1.6-src/cmake-build-debug/CMakeFiles/CheckIncludeFiles/HAVE_FLOAT_H.c
Linking C executable cmTC_2a919
/Applications/CLion.app/Contents/bin/cmake/mac/bin/cmake -E cmake_link_script CMakeFiles/cmTC_2a919.dir/link.txt --verbose=1
/Library/Developer/CommandLineTools/usr/bin/cc   -isysroot /Library/Developer/CommandLineTools/SDKs/MacOSX10.15.sdk -Wl,-search_paths_first -Wl,-headerpad_max_install_names   CMakeFiles/cmTC_2a919.dir/HAVE_FLOAT_H.c.o  -o cmTC_2a919 



Determining if files limits.h exist passed with the following output:
Change Dir: /Users/junminkim/Workspace/DataBase/External-Library/mariadb-connector-c-3.1.6-src/cmake-build-debug/CMakeFiles/CMakeTmp

Run Build Command(s):/usr/bin/make cmTC_b93dd/fast && /Library/Developer/CommandLineTools/usr/bin/make -f CMakeFiles/cmTC_b93dd.dir/build.make CMakeFiles/cmTC_b93dd.dir/build
Building C object CMakeFiles/cmTC_b93dd.dir/HAVE_LIMITS_H.c.o
/Library/Developer/CommandLineTools/usr/bin/cc   -isysroot /Library/Developer/CommandLineTools/SDKs/MacOSX10.15.sdk   -o CMakeFiles/cmTC_b93dd.dir/HAVE_LIMITS_H.c.o   -c /Users/junminkim/Workspace/DataBase/External-Library/mariadb-connector-c-3.1.6-src/cmake-build-debug/CMakeFiles/CheckIncludeFiles/HAVE_LIMITS_H.c
Linking C executable cmTC_b93dd
/Applications/CLion.app/Contents/bin/cmake/mac/bin/cmake -E cmake_link_script CMakeFiles/cmTC_b93dd.dir/link.txt --verbose=1
/Library/Developer/CommandLineTools/usr/bin/cc   -isysroot /Library/Developer/CommandLineTools/SDKs/MacOSX10.15.sdk -Wl,-search_paths_first -Wl,-headerpad_max_install_names   CMakeFiles/cmTC_b93dd.dir/HAVE_LIMITS_H.c.o  -o cmTC_b93dd 



Determining if files pwd.h exist passed with the following output:
Change Dir: /Users/junminkim/Workspace/DataBase/External-Library/mariadb-connector-c-3.1.6-src/cmake-build-debug/CMakeFiles/CMakeTmp

Run Build Command(s):/usr/bin/make cmTC_d20c9/fast && /Library/Developer/CommandLineTools/usr/bin/make -f CMakeFiles/cmTC_d20c9.dir/build.make CMakeFiles/cmTC_d20c9.dir/build
Building C object CMakeFiles/cmTC_d20c9.dir/HAVE_PWD_H.c.o
/Library/Developer/CommandLineTools/usr/bin/cc   -isysroot /Library/Developer/CommandLineTools/SDKs/MacOSX10.15.sdk   -o CMakeFiles/cmTC_d20c9.dir/HAVE_PWD_H.c.o   -c /Users/junminkim/Workspace/DataBase/External-Library/mariadb-connector-c-3.1.6-src/cmake-build-debug/CMakeFiles/CheckIncludeFiles/HAVE_PWD_H.c
Linking C executable cmTC_d20c9
/Applications/CLion.app/Contents/bin/cmake/mac/bin/cmake -E cmake_link_script CMakeFiles/cmTC_d20c9.dir/link.txt --verbose=1
/Library/Developer/CommandLineTools/usr/bin/cc   -isysroot /Library/Developer/CommandLineTools/SDKs/MacOSX10.15.sdk -Wl,-search_paths_first -Wl,-headerpad_max_install_names   CMakeFiles/cmTC_d20c9.dir/HAVE_PWD_H.c.o  -o cmTC_d20c9 



Determining if files sched.h exist passed with the following output:
Change Dir: /Users/junminkim/Workspace/DataBase/External-Library/mariadb-connector-c-3.1.6-src/cmake-build-debug/CMakeFiles/CMakeTmp

Run Build Command(s):/usr/bin/make cmTC_bba8a/fast && /Library/Developer/CommandLineTools/usr/bin/make -f CMakeFiles/cmTC_bba8a.dir/build.make CMakeFiles/cmTC_bba8a.dir/build
Building C object CMakeFiles/cmTC_bba8a.dir/HAVE_SCHED_H.c.o
/Library/Developer/CommandLineTools/usr/bin/cc   -isysroot /Library/Developer/CommandLineTools/SDKs/MacOSX10.15.sdk   -o CMakeFiles/cmTC_bba8a.dir/HAVE_SCHED_H.c.o   -c /Users/junminkim/Workspace/DataBase/External-Library/mariadb-connector-c-3.1.6-src/cmake-build-debug/CMakeFiles/CheckIncludeFiles/HAVE_SCHED_H.c
Linking C executable cmTC_bba8a
/Applications/CLion.app/Contents/bin/cmake/mac/bin/cmake -E cmake_link_script CMakeFiles/cmTC_bba8a.dir/link.txt --verbose=1
/Library/Developer/CommandLineTools/usr/bin/cc   -isysroot /Library/Developer/CommandLineTools/SDKs/MacOSX10.15.sdk -Wl,-search_paths_first -Wl,-headerpad_max_install_names   CMakeFiles/cmTC_bba8a.dir/HAVE_SCHED_H.c.o  -o cmTC_bba8a 



Determining if files signal.h exist passed with the following output:
Change Dir: /Users/junminkim/Workspace/DataBase/External-Library/mariadb-connector-c-3.1.6-src/cmake-build-debug/CMakeFiles/CMakeTmp

Run Build Command(s):/usr/bin/make cmTC_a6708/fast && /Library/Developer/CommandLineTools/usr/bin/make -f CMakeFiles/cmTC_a6708.dir/build.make CMakeFiles/cmTC_a6708.dir/build
Building C object CMakeFiles/cmTC_a6708.dir/INCLUDE_SIGNAL.c.o
/Library/Developer/CommandLineTools/usr/bin/cc   -isysroot /Library/Developer/CommandLineTools/SDKs/MacOSX10.15.sdk   -o CMakeFiles/cmTC_a6708.dir/INCLUDE_SIGNAL.c.o   -c /Users/junminkim/Workspace/DataBase/External-Library/mariadb-connector-c-3.1.6-src/cmake-build-debug/CMakeFiles/CheckIncludeFiles/INCLUDE_SIGNAL.c
Linking C executable cmTC_a6708
/Applications/CLion.app/Contents/bin/cmake/mac/bin/cmake -E cmake_link_script CMakeFiles/cmTC_a6708.dir/link.txt --verbose=1
/Library/Developer/CommandLineTools/usr/bin/cc   -isysroot /Library/Developer/CommandLineTools/SDKs/MacOSX10.15.sdk -Wl,-search_paths_first -Wl,-headerpad_max_install_names   CMakeFiles/cmTC_a6708.dir/INCLUDE_SIGNAL.c.o  -o cmTC_a6708 



Determining if files stdlib.h exist passed with the following output:
Change Dir: /Users/junminkim/Workspace/DataBase/External-Library/mariadb-connector-c-3.1.6-src/cmake-build-debug/CMakeFiles/CMakeTmp

Run Build Command(s):/usr/bin/make cmTC_7e28b/fast && /Library/Developer/CommandLineTools/usr/bin/make -f CMakeFiles/cmTC_7e28b.dir/build.make CMakeFiles/cmTC_7e28b.dir/build
Building C object CMakeFiles/cmTC_7e28b.dir/HAVE_STDLIB_H.c.o
/Library/Developer/CommandLineTools/usr/bin/cc   -isysroot /Library/Developer/CommandLineTools/SDKs/MacOSX10.15.sdk   -o CMakeFiles/cmTC_7e28b.dir/HAVE_STDLIB_H.c.o   -c /Users/junminkim/Workspace/DataBase/External-Library/mariadb-connector-c-3.1.6-src/cmake-build-debug/CMakeFiles/CheckIncludeFiles/HAVE_STDLIB_H.c
Linking C executable cmTC_7e28b
/Applications/CLion.app/Contents/bin/cmake/mac/bin/cmake -E cmake_link_script CMakeFiles/cmTC_7e28b.dir/link.txt --verbose=1
/Library/Developer/CommandLineTools/usr/bin/cc   -isysroot /Library/Developer/CommandLineTools/SDKs/MacOSX10.15.sdk -Wl,-search_paths_first -Wl,-headerpad_max_install_names   CMakeFiles/cmTC_7e28b.dir/HAVE_STDLIB_H.c.o  -o cmTC_7e28b 



Determining if files string.h exist passed with the following output:
Change Dir: /Users/junminkim/Workspace/DataBase/External-Library/mariadb-connector-c-3.1.6-src/cmake-build-debug/CMakeFiles/CMakeTmp

Run Build Command(s):/usr/bin/make cmTC_f8471/fast && /Library/Developer/CommandLineTools/usr/bin/make -f CMakeFiles/cmTC_f8471.dir/build.make CMakeFiles/cmTC_f8471.dir/build
Building C object CMakeFiles/cmTC_f8471.dir/HAVE_STRING_H.c.o
/Library/Developer/CommandLineTools/usr/bin/cc   -isysroot /Library/Developer/CommandLineTools/SDKs/MacOSX10.15.sdk   -o CMakeFiles/cmTC_f8471.dir/HAVE_STRING_H.c.o   -c /Users/junminkim/Workspace/DataBase/External-Library/mariadb-connector-c-3.1.6-src/cmake-build-debug/CMakeFiles/CheckIncludeFiles/HAVE_STRING_H.c
Linking C executable cmTC_f8471
/Applications/CLion.app/Contents/bin/cmake/mac/bin/cmake -E cmake_link_script CMakeFiles/cmTC_f8471.dir/link.txt --verbose=1
/Library/Developer/CommandLineTools/usr/bin/cc   -isysroot /Library/Developer/CommandLineTools/SDKs/MacOSX10.15.sdk -Wl,-search_paths_first -Wl,-headerpad_max_install_names   CMakeFiles/cmTC_f8471.dir/HAVE_STRING_H.c.o  -o cmTC_f8471 



Determining if files strings.h exist passed with the following output:
Change Dir: /Users/junminkim/Workspace/DataBase/External-Library/mariadb-connector-c-3.1.6-src/cmake-build-debug/CMakeFiles/CMakeTmp

Run Build Command(s):/usr/bin/make cmTC_93586/fast && /Library/Developer/CommandLineTools/usr/bin/make -f CMakeFiles/cmTC_93586.dir/build.make CMakeFiles/cmTC_93586.dir/build
Building C object CMakeFiles/cmTC_93586.dir/HAVE_STRINGS_H.c.o
/Library/Developer/CommandLineTools/usr/bin/cc   -isysroot /Library/Developer/CommandLineTools/SDKs/MacOSX10.15.sdk   -o CMakeFiles/cmTC_93586.dir/HAVE_STRINGS_H.c.o   -c /Users/junminkim/Workspace/DataBase/External-Library/mariadb-connector-c-3.1.6-src/cmake-build-debug/CMakeFiles/CheckIncludeFiles/HAVE_STRINGS_H.c
Linking C executable cmTC_93586
/Applications/CLion.app/Contents/bin/cmake/mac/bin/cmake -E cmake_link_script CMakeFiles/cmTC_93586.dir/link.txt --verbose=1
/Library/Developer/CommandLineTools/usr/bin/cc   -isysroot /Library/Developer/CommandLineTools/SDKs/MacOSX10.15.sdk -Wl,-search_paths_first -Wl,-headerpad_max_install_names   CMakeFiles/cmTC_93586.dir/HAVE_STRINGS_H.c.o  -o cmTC_93586 



Determining if files sys/ioctl.h exist passed with the following output:
Change Dir: /Users/junminkim/Workspace/DataBase/External-Library/mariadb-connector-c-3.1.6-src/cmake-build-debug/CMakeFiles/CMakeTmp

Run Build Command(s):/usr/bin/make cmTC_9dd04/fast && /Library/Developer/CommandLineTools/usr/bin/make -f CMakeFiles/cmTC_9dd04.dir/build.make CMakeFiles/cmTC_9dd04.dir/build
Building C object CMakeFiles/cmTC_9dd04.dir/HAVE_SYS_IOCTL_H.c.o
/Library/Developer/CommandLineTools/usr/bin/cc   -isysroot /Library/Developer/CommandLineTools/SDKs/MacOSX10.15.sdk   -o CMakeFiles/cmTC_9dd04.dir/HAVE_SYS_IOCTL_H.c.o   -c /Users/junminkim/Workspace/DataBase/External-Library/mariadb-connector-c-3.1.6-src/cmake-build-debug/CMakeFiles/CheckIncludeFiles/HAVE_SYS_IOCTL_H.c
Linking C executable cmTC_9dd04
/Applications/CLion.app/Contents/bin/cmake/mac/bin/cmake -E cmake_link_script CMakeFiles/cmTC_9dd04.dir/link.txt --verbose=1
/Library/Developer/CommandLineTools/usr/bin/cc   -isysroot /Library/Developer/CommandLineTools/SDKs/MacOSX10.15.sdk -Wl,-search_paths_first -Wl,-headerpad_max_install_names   CMakeFiles/cmTC_9dd04.dir/HAVE_SYS_IOCTL_H.c.o  -o cmTC_9dd04 



Determining if files sys/select.h exist passed with the following output:
Change Dir: /Users/junminkim/Workspace/DataBase/External-Library/mariadb-connector-c-3.1.6-src/cmake-build-debug/CMakeFiles/CMakeTmp

Run Build Command(s):/usr/bin/make cmTC_f1527/fast && /Library/Developer/CommandLineTools/usr/bin/make -f CMakeFiles/cmTC_f1527.dir/build.make CMakeFiles/cmTC_f1527.dir/build
Building C object CMakeFiles/cmTC_f1527.dir/HAVE_SYS_SELECT_H.c.o
/Library/Developer/CommandLineTools/usr/bin/cc   -isysroot /Library/Developer/CommandLineTools/SDKs/MacOSX10.15.sdk   -o CMakeFiles/cmTC_f1527.dir/HAVE_SYS_SELECT_H.c.o   -c /Users/junminkim/Workspace/DataBase/External-Library/mariadb-connector-c-3.1.6-src/cmake-build-debug/CMakeFiles/CheckIncludeFiles/HAVE_SYS_SELECT_H.c
Linking C executable cmTC_f1527
/Applications/CLion.app/Contents/bin/cmake/mac/bin/cmake -E cmake_link_script CMakeFiles/cmTC_f1527.dir/link.txt --verbose=1
/Library/Developer/CommandLineTools/usr/bin/cc   -isysroot /Library/Developer/CommandLineTools/SDKs/MacOSX10.15.sdk -Wl,-search_paths_first -Wl,-headerpad_max_install_names   CMakeFiles/cmTC_f1527.dir/HAVE_SYS_SELECT_H.c.o  -o cmTC_f1527 



Determining if files sys/socket.h exist passed with the following output:
Change Dir: /Users/junminkim/Workspace/DataBase/External-Library/mariadb-connector-c-3.1.6-src/cmake-build-debug/CMakeFiles/CMakeTmp

Run Build Command(s):/usr/bin/make cmTC_373a6/fast && /Library/Developer/CommandLineTools/usr/bin/make -f CMakeFiles/cmTC_373a6.dir/build.make CMakeFiles/cmTC_373a6.dir/build
Building C object CMakeFiles/cmTC_373a6.dir/HAVE_SYS_SOCKET_H.c.o
/Library/Developer/CommandLineTools/usr/bin/cc   -isysroot /Library/Developer/CommandLineTools/SDKs/MacOSX10.15.sdk   -o CMakeFiles/cmTC_373a6.dir/HAVE_SYS_SOCKET_H.c.o   -c /Users/junminkim/Workspace/DataBase/External-Library/mariadb-connector-c-3.1.6-src/cmake-build-debug/CMakeFiles/CheckIncludeFiles/HAVE_SYS_SOCKET_H.c
Linking C executable cmTC_373a6
/Applications/CLion.app/Contents/bin/cmake/mac/bin/cmake -E cmake_link_script CMakeFiles/cmTC_373a6.dir/link.txt --verbose=1
/Library/Developer/CommandLineTools/usr/bin/cc   -isysroot /Library/Developer/CommandLineTools/SDKs/MacOSX10.15.sdk -Wl,-search_paths_first -Wl,-headerpad_max_install_names   CMakeFiles/cmTC_373a6.dir/HAVE_SYS_SOCKET_H.c.o  -o cmTC_373a6 



Determining if files sys/un.h exist passed with the following output:
Change Dir: /Users/junminkim/Workspace/DataBase/External-Library/mariadb-connector-c-3.1.6-src/cmake-build-debug/CMakeFiles/CMakeTmp

Run Build Command(s):/usr/bin/make cmTC_c3c0c/fast && /Library/Developer/CommandLineTools/usr/bin/make -f CMakeFiles/cmTC_c3c0c.dir/build.make CMakeFiles/cmTC_c3c0c.dir/build
Building C object CMakeFiles/cmTC_c3c0c.dir/HAVE_SYS_UN_H.c.o
/Library/Developer/CommandLineTools/usr/bin/cc   -isysroot /Library/Developer/CommandLineTools/SDKs/MacOSX10.15.sdk   -o CMakeFiles/cmTC_c3c0c.dir/HAVE_SYS_UN_H.c.o   -c /Users/junminkim/Workspace/DataBase/External-Library/mariadb-connector-c-3.1.6-src/cmake-build-debug/CMakeFiles/CheckIncludeFiles/HAVE_SYS_UN_H.c
Linking C executable cmTC_c3c0c
/Applications/CLion.app/Contents/bin/cmake/mac/bin/cmake -E cmake_link_script CMakeFiles/cmTC_c3c0c.dir/link.txt --verbose=1
/Library/Developer/CommandLineTools/usr/bin/cc   -isysroot /Library/Developer/CommandLineTools/SDKs/MacOSX10.15.sdk -Wl,-search_paths_first -Wl,-headerpad_max_install_names   CMakeFiles/cmTC_c3c0c.dir/HAVE_SYS_UN_H.c.o  -o cmTC_c3c0c 



Determining if files unistd.h exist passed with the following output:
Change Dir: /Users/junminkim/Workspace/DataBase/External-Library/mariadb-connector-c-3.1.6-src/cmake-build-debug/CMakeFiles/CMakeTmp

Run Build Command(s):/usr/bin/make cmTC_7c3c1/fast && /Library/Developer/CommandLineTools/usr/bin/make -f CMakeFiles/cmTC_7c3c1.dir/build.make CMakeFiles/cmTC_7c3c1.dir/build
Building C object CMakeFiles/cmTC_7c3c1.dir/HAVE_UNISTD_H.c.o
/Library/Developer/CommandLineTools/usr/bin/cc   -isysroot /Library/Developer/CommandLineTools/SDKs/MacOSX10.15.sdk   -o CMakeFiles/cmTC_7c3c1.dir/HAVE_UNISTD_H.c.o   -c /Users/junminkim/Workspace/DataBase/External-Library/mariadb-connector-c-3.1.6-src/cmake-build-debug/CMakeFiles/CheckIncludeFiles/HAVE_UNISTD_H.c
Linking C executable cmTC_7c3c1
/Applications/CLion.app/Contents/bin/cmake/mac/bin/cmake -E cmake_link_script CMakeFiles/cmTC_7c3c1.dir/link.txt --verbose=1
/Library/Developer/CommandLineTools/usr/bin/cc   -isysroot /Library/Developer/CommandLineTools/SDKs/MacOSX10.15.sdk -Wl,-search_paths_first -Wl,-headerpad_max_install_names   CMakeFiles/cmTC_7c3c1.dir/HAVE_UNISTD_H.c.o  -o cmTC_7c3c1 



Determining if files utime.h exist passed with the following output:
Change Dir: /Users/junminkim/Workspace/DataBase/External-Library/mariadb-connector-c-3.1.6-src/cmake-build-debug/CMakeFiles/CMakeTmp

Run Build Command(s):/usr/bin/make cmTC_22041/fast && /Library/Developer/CommandLineTools/usr/bin/make -f CMakeFiles/cmTC_22041.dir/build.make CMakeFiles/cmTC_22041.dir/build
Building C object CMakeFiles/cmTC_22041.dir/HAVE_UTIME_H.c.o
/Library/Developer/CommandLineTools/usr/bin/cc   -isysroot /Library/Developer/CommandLineTools/SDKs/MacOSX10.15.sdk   -o CMakeFiles/cmTC_22041.dir/HAVE_UTIME_H.c.o   -c /Users/junminkim/Workspace/DataBase/External-Library/mariadb-connector-c-3.1.6-src/cmake-build-debug/CMakeFiles/CheckIncludeFiles/HAVE_UTIME_H.c
Linking C executable cmTC_22041
/Applications/CLion.app/Contents/bin/cmake/mac/bin/cmake -E cmake_link_script CMakeFiles/cmTC_22041.dir/link.txt --verbose=1
/Library/Developer/CommandLineTools/usr/bin/cc   -isysroot /Library/Developer/CommandLineTools/SDKs/MacOSX10.15.sdk -Wl,-search_paths_first -Wl,-headerpad_max_install_names   CMakeFiles/cmTC_22041.dir/HAVE_UTIME_H.c.o  -o cmTC_22041 



Determining if the function dlerror exists passed with the following output:
Change Dir: /Users/junminkim/Workspace/DataBase/External-Library/mariadb-connector-c-3.1.6-src/cmake-build-debug/CMakeFiles/CMakeTmp

Run Build Command(s):/usr/bin/make cmTC_5db14/fast && /Library/Developer/CommandLineTools/usr/bin/make -f CMakeFiles/cmTC_5db14.dir/build.make CMakeFiles/cmTC_5db14.dir/build
Building C object CMakeFiles/cmTC_5db14.dir/CheckFunctionExists.c.o
/Library/Developer/CommandLineTools/usr/bin/cc   -DCHECK_FUNCTION_EXISTS=dlerror -isysroot /Library/Developer/CommandLineTools/SDKs/MacOSX10.15.sdk   -o CMakeFiles/cmTC_5db14.dir/CheckFunctionExists.c.o   -c /Applications/CLion.app/Contents/bin/cmake/mac/share/cmake-3.15/Modules/CheckFunctionExists.c
Linking C executable cmTC_5db14
/Applications/CLion.app/Contents/bin/cmake/mac/bin/cmake -E cmake_link_script CMakeFiles/cmTC_5db14.dir/link.txt --verbose=1
/Library/Developer/CommandLineTools/usr/bin/cc  -DCHECK_FUNCTION_EXISTS=dlerror -isysroot /Library/Developer/CommandLineTools/SDKs/MacOSX10.15.sdk -Wl,-search_paths_first -Wl,-headerpad_max_install_names   CMakeFiles/cmTC_5db14.dir/CheckFunctionExists.c.o  -o cmTC_5db14 



Determining if the function dlopen exists passed with the following output:
Change Dir: /Users/junminkim/Workspace/DataBase/External-Library/mariadb-connector-c-3.1.6-src/cmake-build-debug/CMakeFiles/CMakeTmp

Run Build Command(s):/usr/bin/make cmTC_dee7d/fast && /Library/Developer/CommandLineTools/usr/bin/make -f CMakeFiles/cmTC_dee7d.dir/build.make CMakeFiles/cmTC_dee7d.dir/build
Building C object CMakeFiles/cmTC_dee7d.dir/CheckFunctionExists.c.o
/Library/Developer/CommandLineTools/usr/bin/cc   -DCHECK_FUNCTION_EXISTS=dlopen -isysroot /Library/Developer/CommandLineTools/SDKs/MacOSX10.15.sdk   -o CMakeFiles/cmTC_dee7d.dir/CheckFunctionExists.c.o   -c /Applications/CLion.app/Contents/bin/cmake/mac/share/cmake-3.15/Modules/CheckFunctionExists.c
Linking C executable cmTC_dee7d
/Applications/CLion.app/Contents/bin/cmake/mac/bin/cmake -E cmake_link_script CMakeFiles/cmTC_dee7d.dir/link.txt --verbose=1
/Library/Developer/CommandLineTools/usr/bin/cc  -DCHECK_FUNCTION_EXISTS=dlopen -isysroot /Library/Developer/CommandLineTools/SDKs/MacOSX10.15.sdk -Wl,-search_paths_first -Wl,-headerpad_max_install_names   CMakeFiles/cmTC_dee7d.dir/CheckFunctionExists.c.o  -o cmTC_dee7d 



Determining if the function fcntl exists passed with the following output:
Change Dir: /Users/junminkim/Workspace/DataBase/External-Library/mariadb-connector-c-3.1.6-src/cmake-build-debug/CMakeFiles/CMakeTmp

Run Build Command(s):/usr/bin/make cmTC_358c2/fast && /Library/Developer/CommandLineTools/usr/bin/make -f CMakeFiles/cmTC_358c2.dir/build.make CMakeFiles/cmTC_358c2.dir/build
Building C object CMakeFiles/cmTC_358c2.dir/CheckFunctionExists.c.o
/Library/Developer/CommandLineTools/usr/bin/cc   -DCHECK_FUNCTION_EXISTS=fcntl -isysroot /Library/Developer/CommandLineTools/SDKs/MacOSX10.15.sdk   -o CMakeFiles/cmTC_358c2.dir/CheckFunctionExists.c.o   -c /Applications/CLion.app/Contents/bin/cmake/mac/share/cmake-3.15/Modules/CheckFunctionExists.c
Linking C executable cmTC_358c2
/Applications/CLion.app/Contents/bin/cmake/mac/bin/cmake -E cmake_link_script CMakeFiles/cmTC_358c2.dir/link.txt --verbose=1
/Library/Developer/CommandLineTools/usr/bin/cc  -DCHECK_FUNCTION_EXISTS=fcntl -isysroot /Library/Developer/CommandLineTools/SDKs/MacOSX10.15.sdk -Wl,-search_paths_first -Wl,-headerpad_max_install_names   CMakeFiles/cmTC_358c2.dir/CheckFunctionExists.c.o  -o cmTC_358c2 



Determining if the function memcpy exists passed with the following output:
Change Dir: /Users/junminkim/Workspace/DataBase/External-Library/mariadb-connector-c-3.1.6-src/cmake-build-debug/CMakeFiles/CMakeTmp

Run Build Command(s):/usr/bin/make cmTC_bd0e0/fast && /Library/Developer/CommandLineTools/usr/bin/make -f CMakeFiles/cmTC_bd0e0.dir/build.make CMakeFiles/cmTC_bd0e0.dir/build
Building C object CMakeFiles/cmTC_bd0e0.dir/CheckFunctionExists.c.o
/Library/Developer/CommandLineTools/usr/bin/cc   -DCHECK_FUNCTION_EXISTS=memcpy -isysroot /Library/Developer/CommandLineTools/SDKs/MacOSX10.15.sdk   -o CMakeFiles/cmTC_bd0e0.dir/CheckFunctionExists.c.o   -c /Applications/CLion.app/Contents/bin/cmake/mac/share/cmake-3.15/Modules/CheckFunctionExists.c
/Applications/CLion.app/Contents/bin/cmake/mac/share/cmake-3.15/Modules/CheckFunctionExists.c:7:3: warning: incompatible redeclaration of library function 'memcpy' [-Wincompatible-library-redeclaration]
  CHECK_FUNCTION_EXISTS(void);
  ^
<command line>:1:31: note: expanded from here
#define CHECK_FUNCTION_EXISTS memcpy
                              ^
/Applications/CLion.app/Contents/bin/cmake/mac/share/cmake-3.15/Modules/CheckFunctionExists.c:7:3: note: 'memcpy' is a builtin with type 'void *(void *, const void *, unsigned long)'
<command line>:1:31: note: expanded from here
#define CHECK_FUNCTION_EXISTS memcpy
                              ^
1 warning generated.
Linking C executable cmTC_bd0e0
/Applications/CLion.app/Contents/bin/cmake/mac/bin/cmake -E cmake_link_script CMakeFiles/cmTC_bd0e0.dir/link.txt --verbose=1
/Library/Developer/CommandLineTools/usr/bin/cc  -DCHECK_FUNCTION_EXISTS=memcpy -isysroot /Library/Developer/CommandLineTools/SDKs/MacOSX10.15.sdk -Wl,-search_paths_first -Wl,-headerpad_max_install_names   CMakeFiles/cmTC_bd0e0.dir/CheckFunctionExists.c.o  -o cmTC_bd0e0 



Determining if the function nl_langinfo exists passed with the following output:
Change Dir: /Users/junminkim/Workspace/DataBase/External-Library/mariadb-connector-c-3.1.6-src/cmake-build-debug/CMakeFiles/CMakeTmp

Run Build Command(s):/usr/bin/make cmTC_8ee22/fast && /Library/Developer/CommandLineTools/usr/bin/make -f CMakeFiles/cmTC_8ee22.dir/build.make CMakeFiles/cmTC_8ee22.dir/build
Building C object CMakeFiles/cmTC_8ee22.dir/CheckFunctionExists.c.o
/Library/Developer/CommandLineTools/usr/bin/cc   -DCHECK_FUNCTION_EXISTS=nl_langinfo -isysroot /Library/Developer/CommandLineTools/SDKs/MacOSX10.15.sdk   -o CMakeFiles/cmTC_8ee22.dir/CheckFunctionExists.c.o   -c /Applications/CLion.app/Contents/bin/cmake/mac/share/cmake-3.15/Modules/CheckFunctionExists.c
Linking C executable cmTC_8ee22
/Applications/CLion.app/Contents/bin/cmake/mac/bin/cmake -E cmake_link_script CMakeFiles/cmTC_8ee22.dir/link.txt --verbose=1
/Library/Developer/CommandLineTools/usr/bin/cc  -DCHECK_FUNCTION_EXISTS=nl_langinfo -isysroot /Library/Developer/CommandLineTools/SDKs/MacOSX10.15.sdk -Wl,-search_paths_first -Wl,-headerpad_max_install_names   CMakeFiles/cmTC_8ee22.dir/CheckFunctionExists.c.o  -o cmTC_8ee22 



Determining if the function setlocale exists passed with the following output:
Change Dir: /Users/junminkim/Workspace/DataBase/External-Library/mariadb-connector-c-3.1.6-src/cmake-build-debug/CMakeFiles/CMakeTmp

Run Build Command(s):/usr/bin/make cmTC_ae427/fast && /Library/Developer/CommandLineTools/usr/bin/make -f CMakeFiles/cmTC_ae427.dir/build.make CMakeFiles/cmTC_ae427.dir/build
Building C object CMakeFiles/cmTC_ae427.dir/CheckFunctionExists.c.o
/Library/Developer/CommandLineTools/usr/bin/cc   -DCHECK_FUNCTION_EXISTS=setlocale -isysroot /Library/Developer/CommandLineTools/SDKs/MacOSX10.15.sdk   -o CMakeFiles/cmTC_ae427.dir/CheckFunctionExists.c.o   -c /Applications/CLion.app/Contents/bin/cmake/mac/share/cmake-3.15/Modules/CheckFunctionExists.c
Linking C executable cmTC_ae427
/Applications/CLion.app/Contents/bin/cmake/mac/bin/cmake -E cmake_link_script CMakeFiles/cmTC_ae427.dir/link.txt --verbose=1
/Library/Developer/CommandLineTools/usr/bin/cc  -DCHECK_FUNCTION_EXISTS=setlocale -isysroot /Library/Developer/CommandLineTools/SDKs/MacOSX10.15.sdk -Wl,-search_paths_first -Wl,-headerpad_max_install_names   CMakeFiles/cmTC_ae427.dir/CheckFunctionExists.c.o  -o cmTC_ae427 



Determining if the function poll exists passed with the following output:
Change Dir: /Users/junminkim/Workspace/DataBase/External-Library/mariadb-connector-c-3.1.6-src/cmake-build-debug/CMakeFiles/CMakeTmp

Run Build Command(s):/usr/bin/make cmTC_ccf0f/fast && /Library/Developer/CommandLineTools/usr/bin/make -f CMakeFiles/cmTC_ccf0f.dir/build.make CMakeFiles/cmTC_ccf0f.dir/build
Building C object CMakeFiles/cmTC_ccf0f.dir/CheckFunctionExists.c.o
/Library/Developer/CommandLineTools/usr/bin/cc   -DCHECK_FUNCTION_EXISTS=poll -isysroot /Library/Developer/CommandLineTools/SDKs/MacOSX10.15.sdk   -o CMakeFiles/cmTC_ccf0f.dir/CheckFunctionExists.c.o   -c /Applications/CLion.app/Contents/bin/cmake/mac/share/cmake-3.15/Modules/CheckFunctionExists.c
Linking C executable cmTC_ccf0f
/Applications/CLion.app/Contents/bin/cmake/mac/bin/cmake -E cmake_link_script CMakeFiles/cmTC_ccf0f.dir/link.txt --verbose=1
/Library/Developer/CommandLineTools/usr/bin/cc  -DCHECK_FUNCTION_EXISTS=poll -isysroot /Library/Developer/CommandLineTools/SDKs/MacOSX10.15.sdk -Wl,-search_paths_first -Wl,-headerpad_max_install_names   CMakeFiles/cmTC_ccf0f.dir/CheckFunctionExists.c.o  -o cmTC_ccf0f 



Determining if the function getpwuid exists passed with the following output:
Change Dir: /Users/junminkim/Workspace/DataBase/External-Library/mariadb-connector-c-3.1.6-src/cmake-build-debug/CMakeFiles/CMakeTmp

Run Build Command(s):/usr/bin/make cmTC_9548f/fast && /Library/Developer/CommandLineTools/usr/bin/make -f CMakeFiles/cmTC_9548f.dir/build.make CMakeFiles/cmTC_9548f.dir/build
Building C object CMakeFiles/cmTC_9548f.dir/CheckFunctionExists.c.o
/Library/Developer/CommandLineTools/usr/bin/cc   -DCHECK_FUNCTION_EXISTS=getpwuid -isysroot /Library/Developer/CommandLineTools/SDKs/MacOSX10.15.sdk   -o CMakeFiles/cmTC_9548f.dir/CheckFunctionExists.c.o   -c /Applications/CLion.app/Contents/bin/cmake/mac/share/cmake-3.15/Modules/CheckFunctionExists.c
Linking C executable cmTC_9548f
/Applications/CLion.app/Contents/bin/cmake/mac/bin/cmake -E cmake_link_script CMakeFiles/cmTC_9548f.dir/link.txt --verbose=1
/Library/Developer/CommandLineTools/usr/bin/cc  -DCHECK_FUNCTION_EXISTS=getpwuid -isysroot /Library/Developer/CommandLineTools/SDKs/MacOSX10.15.sdk -Wl,-search_paths_first -Wl,-headerpad_max_install_names   CMakeFiles/cmTC_9548f.dir/CheckFunctionExists.c.o  -o cmTC_9548f 



Determining size of char * passed with the following output:
Change Dir: /Users/junminkim/Workspace/DataBase/External-Library/mariadb-connector-c-3.1.6-src/cmake-build-debug/CMakeFiles/CMakeTmp

Run Build Command(s):/usr/bin/make cmTC_68302/fast && /Library/Developer/CommandLineTools/usr/bin/make -f CMakeFiles/cmTC_68302.dir/build.make CMakeFiles/cmTC_68302.dir/build
Building C object CMakeFiles/cmTC_68302.dir/SIZEOF_CHARP.c.o
/Library/Developer/CommandLineTools/usr/bin/cc   -isysroot /Library/Developer/CommandLineTools/SDKs/MacOSX10.15.sdk   -o CMakeFiles/cmTC_68302.dir/SIZEOF_CHARP.c.o   -c /Users/junminkim/Workspace/DataBase/External-Library/mariadb-connector-c-3.1.6-src/cmake-build-debug/CMakeFiles/CheckTypeSize/SIZEOF_CHARP.c
Linking C executable cmTC_68302
/Applications/CLion.app/Contents/bin/cmake/mac/bin/cmake -E cmake_link_script CMakeFiles/cmTC_68302.dir/link.txt --verbose=1
/Library/Developer/CommandLineTools/usr/bin/cc   -isysroot /Library/Developer/CommandLineTools/SDKs/MacOSX10.15.sdk -Wl,-search_paths_first -Wl,-headerpad_max_install_names   CMakeFiles/cmTC_68302.dir/SIZEOF_CHARP.c.o  -o cmTC_68302 



Determining size of int passed with the following output:
Change Dir: /Users/junminkim/Workspace/DataBase/External-Library/mariadb-connector-c-3.1.6-src/cmake-build-debug/CMakeFiles/CMakeTmp

Run Build Command(s):/usr/bin/make cmTC_2384c/fast && /Library/Developer/CommandLineTools/usr/bin/make -f CMakeFiles/cmTC_2384c.dir/build.make CMakeFiles/cmTC_2384c.dir/build
Building C object CMakeFiles/cmTC_2384c.dir/SIZEOF_INT.c.o
/Library/Developer/CommandLineTools/usr/bin/cc   -isysroot /Library/Developer/CommandLineTools/SDKs/MacOSX10.15.sdk   -o CMakeFiles/cmTC_2384c.dir/SIZEOF_INT.c.o   -c /Users/junminkim/Workspace/DataBase/External-Library/mariadb-connector-c-3.1.6-src/cmake-build-debug/CMakeFiles/CheckTypeSize/SIZEOF_INT.c
Linking C executable cmTC_2384c
/Applications/CLion.app/Contents/bin/cmake/mac/bin/cmake -E cmake_link_script CMakeFiles/cmTC_2384c.dir/link.txt --verbose=1
/Library/Developer/CommandLineTools/usr/bin/cc   -isysroot /Library/Developer/CommandLineTools/SDKs/MacOSX10.15.sdk -Wl,-search_paths_first -Wl,-headerpad_max_install_names   CMakeFiles/cmTC_2384c.dir/SIZEOF_INT.c.o  -o cmTC_2384c 



Determining size of long passed with the following output:
Change Dir: /Users/junminkim/Workspace/DataBase/External-Library/mariadb-connector-c-3.1.6-src/cmake-build-debug/CMakeFiles/CMakeTmp

Run Build Command(s):/usr/bin/make cmTC_3d67c/fast && /Library/Developer/CommandLineTools/usr/bin/make -f CMakeFiles/cmTC_3d67c.dir/build.make CMakeFiles/cmTC_3d67c.dir/build
Building C object CMakeFiles/cmTC_3d67c.dir/SIZEOF_LONG.c.o
/Library/Developer/CommandLineTools/usr/bin/cc   -isysroot /Library/Developer/CommandLineTools/SDKs/MacOSX10.15.sdk   -o CMakeFiles/cmTC_3d67c.dir/SIZEOF_LONG.c.o   -c /Users/junminkim/Workspace/DataBase/External-Library/mariadb-connector-c-3.1.6-src/cmake-build-debug/CMakeFiles/CheckTypeSize/SIZEOF_LONG.c
Linking C executable cmTC_3d67c
/Applications/CLion.app/Contents/bin/cmake/mac/bin/cmake -E cmake_link_script CMakeFiles/cmTC_3d67c.dir/link.txt --verbose=1
/Library/Developer/CommandLineTools/usr/bin/cc   -isysroot /Library/Developer/CommandLineTools/SDKs/MacOSX10.15.sdk -Wl,-search_paths_first -Wl,-headerpad_max_install_names   CMakeFiles/cmTC_3d67c.dir/SIZEOF_LONG.c.o  -o cmTC_3d67c 



Determining size of long long passed with the following output:
Change Dir: /Users/junminkim/Workspace/DataBase/External-Library/mariadb-connector-c-3.1.6-src/cmake-build-debug/CMakeFiles/CMakeTmp

Run Build Command(s):/usr/bin/make cmTC_bd62b/fast && /Library/Developer/CommandLineTools/usr/bin/make -f CMakeFiles/cmTC_bd62b.dir/build.make CMakeFiles/cmTC_bd62b.dir/build
Building C object CMakeFiles/cmTC_bd62b.dir/SIZEOF_LONG_LONG.c.o
/Library/Developer/CommandLineTools/usr/bin/cc   -isysroot /Library/Developer/CommandLineTools/SDKs/MacOSX10.15.sdk   -o CMakeFiles/cmTC_bd62b.dir/SIZEOF_LONG_LONG.c.o   -c /Users/junminkim/Workspace/DataBase/External-Library/mariadb-connector-c-3.1.6-src/cmake-build-debug/CMakeFiles/CheckTypeSize/SIZEOF_LONG_LONG.c
Linking C executable cmTC_bd62b
/Applications/CLion.app/Contents/bin/cmake/mac/bin/cmake -E cmake_link_script CMakeFiles/cmTC_bd62b.dir/link.txt --verbose=1
/Library/Developer/CommandLineTools/usr/bin/cc   -isysroot /Library/Developer/CommandLineTools/SDKs/MacOSX10.15.sdk -Wl,-search_paths_first -Wl,-headerpad_max_install_names   CMakeFiles/cmTC_bd62b.dir/SIZEOF_LONG_LONG.c.o  -o cmTC_bd62b 



Determining size of size_t passed with the following output:
Change Dir: /Users/junminkim/Workspace/DataBase/External-Library/mariadb-connector-c-3.1.6-src/cmake-build-debug/CMakeFiles/CMakeTmp

Run Build Command(s):/usr/bin/make cmTC_51e66/fast && /Library/Developer/CommandLineTools/usr/bin/make -f CMakeFiles/cmTC_51e66.dir/build.make CMakeFiles/cmTC_51e66.dir/build
Building C object CMakeFiles/cmTC_51e66.dir/SIZEOF_SIZE_T.c.o
/Library/Developer/CommandLineTools/usr/bin/cc   -isysroot /Library/Developer/CommandLineTools/SDKs/MacOSX10.15.sdk   -o CMakeFiles/cmTC_51e66.dir/SIZEOF_SIZE_T.c.o   -c /Users/junminkim/Workspace/DataBase/External-Library/mariadb-connector-c-3.1.6-src/cmake-build-debug/CMakeFiles/CheckTypeSize/SIZEOF_SIZE_T.c
Linking C executable cmTC_51e66
/Applications/CLion.app/Contents/bin/cmake/mac/bin/cmake -E cmake_link_script CMakeFiles/cmTC_51e66.dir/link.txt --verbose=1
/Library/Developer/CommandLineTools/usr/bin/cc   -isysroot /Library/Developer/CommandLineTools/SDKs/MacOSX10.15.sdk -Wl,-search_paths_first -Wl,-headerpad_max_install_names   CMakeFiles/cmTC_51e66.dir/SIZEOF_SIZE_T.c.o  -o cmTC_51e66 



Determining size of uint passed with the following output:
Change Dir: /Users/junminkim/Workspace/DataBase/External-Library/mariadb-connector-c-3.1.6-src/cmake-build-debug/CMakeFiles/CMakeTmp

Run Build Command(s):/usr/bin/make cmTC_9a731/fast && /Library/Developer/CommandLineTools/usr/bin/make -f CMakeFiles/cmTC_9a731.dir/build.make CMakeFiles/cmTC_9a731.dir/build
Building C object CMakeFiles/cmTC_9a731.dir/SIZEOF_UINT.c.o
/Library/Developer/CommandLineTools/usr/bin/cc   -isysroot /Library/Developer/CommandLineTools/SDKs/MacOSX10.15.sdk   -o CMakeFiles/cmTC_9a731.dir/SIZEOF_UINT.c.o   -c /Users/junminkim/Workspace/DataBase/External-Library/mariadb-connector-c-3.1.6-src/cmake-build-debug/CMakeFiles/CheckTypeSize/SIZEOF_UINT.c
Linking C executable cmTC_9a731
/Applications/CLion.app/Contents/bin/cmake/mac/bin/cmake -E cmake_link_script CMakeFiles/cmTC_9a731.dir/link.txt --verbose=1
/Library/Developer/CommandLineTools/usr/bin/cc   -isysroot /Library/Developer/CommandLineTools/SDKs/MacOSX10.15.sdk -Wl,-search_paths_first -Wl,-headerpad_max_install_names   CMakeFiles/cmTC_9a731.dir/SIZEOF_UINT.c.o  -o cmTC_9a731 



Performing C SOURCE FILE Test SOCKET_SIZE_FOUND_socklen_t succeeded with the following output:
Change Dir: /Users/junminkim/Workspace/DataBase/External-Library/mariadb-connector-c-3.1.6-src/cmake-build-debug/CMakeFiles/CMakeTmp

Run Build Command(s):/usr/bin/make cmTC_bfaa3/fast && /Library/Developer/CommandLineTools/usr/bin/make -f CMakeFiles/cmTC_bfaa3.dir/build.make CMakeFiles/cmTC_bfaa3.dir/build
Building C object CMakeFiles/cmTC_bfaa3.dir/src.c.o
/Library/Developer/CommandLineTools/usr/bin/cc   -DSOCKET_SIZE_FOUND_socklen_t -isysroot /Library/Developer/CommandLineTools/SDKs/MacOSX10.15.sdk   -o CMakeFiles/cmTC_bfaa3.dir/src.c.o   -c /Users/junminkim/Workspace/DataBase/External-Library/mariadb-connector-c-3.1.6-src/cmake-build-debug/CMakeFiles/CMakeTmp/src.c
Linking C executable cmTC_bfaa3
/Applications/CLion.app/Contents/bin/cmake/mac/bin/cmake -E cmake_link_script CMakeFiles/cmTC_bfaa3.dir/link.txt --verbose=1
/Library/Developer/CommandLineTools/usr/bin/cc  -DSOCKET_SIZE_FOUND_socklen_t -isysroot /Library/Developer/CommandLineTools/SDKs/MacOSX10.15.sdk -Wl,-search_paths_first -Wl,-headerpad_max_install_names   CMakeFiles/cmTC_bfaa3.dir/src.c.o  -o cmTC_bfaa3 


Source file was:

        #include <sys/socket.h>
        int main(int argc, char **argv)
        {
          getsockname(0, 0, (socklen_t *)0);
          return 0;
        }
Determining if the function dlopen exists passed with the following output:
Change Dir: /Users/junminkim/Workspace/DataBase/External-Library/mariadb-connector-c-3.1.6-src/cmake-build-debug/CMakeFiles/CMakeTmp

Run Build Command(s):/usr/bin/make cmTC_28c9d/fast && /Library/Developer/CommandLineTools/usr/bin/make -f CMakeFiles/cmTC_28c9d.dir/build.make CMakeFiles/cmTC_28c9d.dir/build
Building C object CMakeFiles/cmTC_28c9d.dir/CheckFunctionExists.c.o
/Library/Developer/CommandLineTools/usr/bin/cc   -DCHECK_FUNCTION_EXISTS=dlopen -isysroot /Library/Developer/CommandLineTools/SDKs/MacOSX10.15.sdk   -o CMakeFiles/cmTC_28c9d.dir/CheckFunctionExists.c.o   -c /Applications/CLion.app/Contents/bin/cmake/mac/share/cmake-3.15/Modules/CheckFunctionExists.c
Linking C executable cmTC_28c9d
/Applications/CLion.app/Contents/bin/cmake/mac/bin/cmake -E cmake_link_script CMakeFiles/cmTC_28c9d.dir/link.txt --verbose=1
/Library/Developer/CommandLineTools/usr/bin/cc  -DCHECK_FUNCTION_EXISTS=dlopen -isysroot /Library/Developer/CommandLineTools/SDKs/MacOSX10.15.sdk -Wl,-search_paths_first -Wl,-headerpad_max_install_names   CMakeFiles/cmTC_28c9d.dir/CheckFunctionExists.c.o  -o cmTC_28c9d 



Determining if the function floor exists passed with the following output:
Change Dir: /Users/junminkim/Workspace/DataBase/External-Library/mariadb-connector-c-3.1.6-src/cmake-build-debug/CMakeFiles/CMakeTmp

Run Build Command(s):/usr/bin/make cmTC_b6e8c/fast && /Library/Developer/CommandLineTools/usr/bin/make -f CMakeFiles/cmTC_b6e8c.dir/build.make CMakeFiles/cmTC_b6e8c.dir/build
Building C object CMakeFiles/cmTC_b6e8c.dir/CheckFunctionExists.c.o
/Library/Developer/CommandLineTools/usr/bin/cc   -DCHECK_FUNCTION_EXISTS=floor -isysroot /Library/Developer/CommandLineTools/SDKs/MacOSX10.15.sdk   -o CMakeFiles/cmTC_b6e8c.dir/CheckFunctionExists.c.o   -c /Applications/CLion.app/Contents/bin/cmake/mac/share/cmake-3.15/Modules/CheckFunctionExists.c
/Applications/CLion.app/Contents/bin/cmake/mac/share/cmake-3.15/Modules/CheckFunctionExists.c:7:3: warning: incompatible redeclaration of library function 'floor' [-Wincompatible-library-redeclaration]
  CHECK_FUNCTION_EXISTS(void);
  ^
<command line>:1:31: note: expanded from here
#define CHECK_FUNCTION_EXISTS floor
                              ^
/Applications/CLion.app/Contents/bin/cmake/mac/share/cmake-3.15/Modules/CheckFunctionExists.c:7:3: note: 'floor' is a builtin with type 'double (double)'
<command line>:1:31: note: expanded from here
#define CHECK_FUNCTION_EXISTS floor
                              ^
1 warning generated.
Linking C executable cmTC_b6e8c
/Applications/CLion.app/Contents/bin/cmake/mac/bin/cmake -E cmake_link_script CMakeFiles/cmTC_b6e8c.dir/link.txt --verbose=1
/Library/Developer/CommandLineTools/usr/bin/cc  -DCHECK_FUNCTION_EXISTS=floor -isysroot /Library/Developer/CommandLineTools/SDKs/MacOSX10.15.sdk -Wl,-search_paths_first -Wl,-headerpad_max_install_names   CMakeFiles/cmTC_b6e8c.dir/CheckFunctionExists.c.o  -o cmTC_b6e8c 



Determining if the function pthread_getspecific exists passed with the following output:
Change Dir: /Users/junminkim/Workspace/DataBase/External-Library/mariadb-connector-c-3.1.6-src/cmake-build-debug/CMakeFiles/CMakeTmp

Run Build Command(s):/usr/bin/make cmTC_a2d86/fast && /Library/Developer/CommandLineTools/usr/bin/make -f CMakeFiles/cmTC_a2d86.dir/build.make CMakeFiles/cmTC_a2d86.dir/build
Building C object CMakeFiles/cmTC_a2d86.dir/CheckFunctionExists.c.o
/Library/Developer/CommandLineTools/usr/bin/cc   -DCHECK_FUNCTION_EXISTS=pthread_getspecific -isysroot /Library/Developer/CommandLineTools/SDKs/MacOSX10.15.sdk   -o CMakeFiles/cmTC_a2d86.dir/CheckFunctionExists.c.o   -c /Applications/CLion.app/Contents/bin/cmake/mac/share/cmake-3.15/Modules/CheckFunctionExists.c
Linking C executable cmTC_a2d86
/Applications/CLion.app/Contents/bin/cmake/mac/bin/cmake -E cmake_link_script CMakeFiles/cmTC_a2d86.dir/link.txt --verbose=1
/Library/Developer/CommandLineTools/usr/bin/cc  -DCHECK_FUNCTION_EXISTS=pthread_getspecific -isysroot /Library/Developer/CommandLineTools/SDKs/MacOSX10.15.sdk -Wl,-search_paths_first -Wl,-headerpad_max_install_names   CMakeFiles/cmTC_a2d86.dir/CheckFunctionExists.c.o  -o cmTC_a2d86 



Determining if the function setsockopt exists passed with the following output:
Change Dir: /Users/junminkim/Workspace/DataBase/External-Library/mariadb-connector-c-3.1.6-src/cmake-build-debug/CMakeFiles/CMakeTmp

Run Build Command(s):/usr/bin/make cmTC_764ce/fast && /Library/Developer/CommandLineTools/usr/bin/make -f CMakeFiles/cmTC_764ce.dir/build.make CMakeFiles/cmTC_764ce.dir/build
Building C object CMakeFiles/cmTC_764ce.dir/CheckFunctionExists.c.o
/Library/Developer/CommandLineTools/usr/bin/cc   -DCHECK_FUNCTION_EXISTS=setsockopt -isysroot /Library/Developer/CommandLineTools/SDKs/MacOSX10.15.sdk   -o CMakeFiles/cmTC_764ce.dir/CheckFunctionExists.c.o   -c /Applications/CLion.app/Contents/bin/cmake/mac/share/cmake-3.15/Modules/CheckFunctionExists.c
Linking C executable cmTC_764ce
/Applications/CLion.app/Contents/bin/cmake/mac/bin/cmake -E cmake_link_script CMakeFiles/cmTC_764ce.dir/link.txt --verbose=1
/Library/Developer/CommandLineTools/usr/bin/cc  -DCHECK_FUNCTION_EXISTS=setsockopt -isysroot /Library/Developer/CommandLineTools/SDKs/MacOSX10.15.sdk -Wl,-search_paths_first -Wl,-headerpad_max_install_names   CMakeFiles/cmTC_764ce.dir/CheckFunctionExists.c.o  -o cmTC_764ce 



Determining if the include file pthread.h exists passed with the following output:
Change Dir: /Users/junminkim/Workspace/DataBase/External-Library/mariadb-connector-c-3.1.6-src/cmake-build-debug/CMakeFiles/CMakeTmp

Run Build Command(s):/usr/bin/make cmTC_01ff2/fast && /Library/Developer/CommandLineTools/usr/bin/make -f CMakeFiles/cmTC_01ff2.dir/build.make CMakeFiles/cmTC_01ff2.dir/build
Building C object CMakeFiles/cmTC_01ff2.dir/CheckIncludeFile.c.o
/Library/Developer/CommandLineTools/usr/bin/cc   -isysroot /Library/Developer/CommandLineTools/SDKs/MacOSX10.15.sdk   -o CMakeFiles/cmTC_01ff2.dir/CheckIncludeFile.c.o   -c /Users/junminkim/Workspace/DataBase/External-Library/mariadb-connector-c-3.1.6-src/cmake-build-debug/CMakeFiles/CMakeTmp/CheckIncludeFile.c
Linking C executable cmTC_01ff2
/Applications/CLion.app/Contents/bin/cmake/mac/bin/cmake -E cmake_link_script CMakeFiles/cmTC_01ff2.dir/link.txt --verbose=1
/Library/Developer/CommandLineTools/usr/bin/cc   -isysroot /Library/Developer/CommandLineTools/SDKs/MacOSX10.15.sdk -Wl,-search_paths_first -Wl,-headerpad_max_install_names   CMakeFiles/cmTC_01ff2.dir/CheckIncludeFile.c.o  -o cmTC_01ff2 



Performing C SOURCE FILE Test CMAKE_HAVE_LIBC_PTHREAD succeeded with the following output:
Change Dir: /Users/junminkim/Workspace/DataBase/External-Library/mariadb-connector-c-3.1.6-src/cmake-build-debug/CMakeFiles/CMakeTmp

Run Build Command(s):/usr/bin/make cmTC_eab63/fast && /Library/Developer/CommandLineTools/usr/bin/make -f CMakeFiles/cmTC_eab63.dir/build.make CMakeFiles/cmTC_eab63.dir/build
Building C object CMakeFiles/cmTC_eab63.dir/src.c.o
/Library/Developer/CommandLineTools/usr/bin/cc   -DCMAKE_HAVE_LIBC_PTHREAD -isysroot /Library/Developer/CommandLineTools/SDKs/MacOSX10.15.sdk   -o CMakeFiles/cmTC_eab63.dir/src.c.o   -c /Users/junminkim/Workspace/DataBase/External-Library/mariadb-connector-c-3.1.6-src/cmake-build-debug/CMakeFiles/CMakeTmp/src.c
Linking C executable cmTC_eab63
/Applications/CLion.app/Contents/bin/cmake/mac/bin/cmake -E cmake_link_script CMakeFiles/cmTC_eab63.dir/link.txt --verbose=1
/Library/Developer/CommandLineTools/usr/bin/cc  -DCMAKE_HAVE_LIBC_PTHREAD -isysroot /Library/Developer/CommandLineTools/SDKs/MacOSX10.15.sdk -Wl,-search_paths_first -Wl,-headerpad_max_install_names   CMakeFiles/cmTC_eab63.dir/src.c.o  -o cmTC_eab63 


Source file was:
#include <pthread.h>

void* test_func(void* data)
{
  return data;
}

int main(void)
{
  pthread_t thread;
  pthread_create(&thread, NULL, test_func, NULL);
  pthread_detach(thread);
  pthread_join(thread, NULL);
  pthread_atfork(NULL, NULL, NULL);
  pthread_exit(NULL);

  return 0;
}

Performing C SOURCE FILE Test ICONV_SECOND_ARGUMENT_IS_CONST succeeded with the following output:
Change Dir: /Users/junminkim/Workspace/DataBase/External-Library/mariadb-connector-c-3.1.6-src/cmake-build-debug/CMakeFiles/CMakeTmp

Run Build Command(s):/usr/bin/make cmTC_79dc8/fast && /Library/Developer/CommandLineTools/usr/bin/make -f CMakeFiles/cmTC_79dc8.dir/build.make CMakeFiles/cmTC_79dc8.dir/build
Building C object CMakeFiles/cmTC_79dc8.dir/src.c.o
/Library/Developer/CommandLineTools/usr/bin/cc   -DICONV_SECOND_ARGUMENT_IS_CONST -isysroot /Library/Developer/CommandLineTools/SDKs/MacOSX10.15.sdk   -o CMakeFiles/cmTC_79dc8.dir/src.c.o   -c /Users/junminkim/Workspace/DataBase/External-Library/mariadb-connector-c-3.1.6-src/cmake-build-debug/CMakeFiles/CMakeTmp/src.c
/Users/junminkim/Workspace/DataBase/External-Library/mariadb-connector-c-3.1.6-src/cmake-build-debug/CMakeFiles/CMakeTmp/src.c:9:17: warning: passing 'const char **' to parameter of type 'char **' discards qualifiers in nested pointer types [-Wincompatible-pointer-types-discards-qualifiers]
    iconv(conv, &in, &ilen, &out, &olen);
                ^~~
/Library/Developer/CommandLineTools/SDKs/MacOSX10.15.sdk/usr/include/iconv.h:75:79: note: passing argument to parameter '__inbuf' here
extern __LIBICONV_DLL_EXPORTED size_t iconv (iconv_t __cd, char* * __restrict __inbuf, size_t * __restrict __inbytesleft, char* * __restrict __outbuf, size_t * __restrict __outbytesleft);
                                                                              ^
1 warning generated.
Linking C executable cmTC_79dc8
/Applications/CLion.app/Contents/bin/cmake/mac/bin/cmake -E cmake_link_script CMakeFiles/cmTC_79dc8.dir/link.txt --verbose=1
/Library/Developer/CommandLineTools/usr/bin/cc  -DICONV_SECOND_ARGUMENT_IS_CONST -isysroot /Library/Developer/CommandLineTools/SDKs/MacOSX10.15.sdk -Wl,-search_paths_first -Wl,-headerpad_max_install_names   CMakeFiles/cmTC_79dc8.dir/src.c.o  -o cmTC_79dc8 /usr/lib/libiconv.dylib 


Source file was:

  #include <iconv.h>
  int main(){
    iconv_t conv = 0;
    const char* in = 0;
    size_t ilen = 0;
    char* out = 0;
    size_t olen = 0;
    iconv(conv, &in, &ilen, &out, &olen);
    return 0;
  }

