g:\mariadb-connector-c-3.1.6-src\sha256_password.dir\debug\sha256_pw.obj
g:\mariadb-connector-c-3.1.6-src\cmakefiles\generate.stamp
g:\mariadb-connector-c-3.1.6-src\debug\sha256_password.ilk
g:\mariadb-connector-c-3.1.6-src\debug\sha256_password.dll
g:\mariadb-connector-c-3.1.6-src\debug\sha256_password.pdb
g:\mariadb-connector-c-3.1.6-src\sha256_password.dir\debug\sha256_password.res
g:\mariadb-connector-c-3.1.6-src\debug\sha256_password.lib
g:\mariadb-connector-c-3.1.6-src\debug\sha256_password.exp
g:\mariadb-connector-c-3.1.6-src\sha256_password.dir\debug\sha256_password.tlog\cl.command.1.tlog
g:\mariadb-connector-c-3.1.6-src\sha256_password.dir\debug\sha256_password.tlog\cl.read.1.tlog
g:\mariadb-connector-c-3.1.6-src\sha256_password.dir\debug\sha256_password.tlog\cl.write.1.tlog
g:\mariadb-connector-c-3.1.6-src\sha256_password.dir\debug\sha256_password.tlog\custombuild.command.1.tlog
g:\mariadb-connector-c-3.1.6-src\sha256_password.dir\debug\sha256_password.tlog\custombuild.read.1.tlog
g:\mariadb-connector-c-3.1.6-src\sha256_password.dir\debug\sha256_password.tlog\custombuild.write.1.tlog
g:\mariadb-connector-c-3.1.6-src\sha256_password.dir\debug\sha256_password.tlog\link.command.1.tlog
g:\mariadb-connector-c-3.1.6-src\sha256_password.dir\debug\sha256_password.tlog\link.read.1.tlog
g:\mariadb-connector-c-3.1.6-src\sha256_password.dir\debug\sha256_password.tlog\link.write.1.tlog
g:\mariadb-connector-c-3.1.6-src\sha256_password.dir\debug\sha256_password.tlog\rc.command.1.tlog
g:\mariadb-connector-c-3.1.6-src\sha256_password.dir\debug\sha256_password.tlog\rc.read.1.tlog
g:\mariadb-connector-c-3.1.6-src\sha256_password.dir\debug\sha256_password.tlog\rc.write.1.tlog
g:\mariadb-connector-c-3.1.6-src\sha256_password.dir\debug\sha256_password.tlog\sha256_password.write.1u.tlog
