C:\Program Files (x86)\Microsoft Visual Studio\2019\Community\MSBuild\Current\Bin\Microsoft.Common.CurrentVersion.targets(1875,5): warning : The referenced project 'G:\mariadb-connector-c-3.1.6-src\ZERO_CHECK.vcxproj' does not exist.
C:\Program Files (x86)\Microsoft Visual Studio\2019\Community\MSBuild\Current\Bin\Microsoft.Common.CurrentVersion.targets(1875,5): warning : The referenced project 'G:\mariadb-connector-c-3.1.6-src\unittest\libmariadb\async.vcxproj' does not exist.
C:\Program Files (x86)\Microsoft Visual Studio\2019\Community\MSBuild\Current\Bin\Microsoft.Common.CurrentVersion.targets(1875,5): warning : The referenced project 'G:\mariadb-connector-c-3.1.6-src\auth_gssapi_client.vcxproj' does not exist.
C:\Program Files (x86)\Microsoft Visual Studio\2019\Community\MSBuild\Current\Bin\Microsoft.Common.CurrentVersion.targets(1875,5): warning : The referenced project 'G:\mariadb-connector-c-3.1.6-src\unittest\libmariadb\basic-t.vcxproj' does not exist.
C:\Program Files (x86)\Microsoft Visual Studio\2019\Community\MSBuild\Current\Bin\Microsoft.Common.CurrentVersion.targets(1875,5): warning : The referenced project 'G:\mariadb-connector-c-3.1.6-src\unittest\libmariadb\bulk1.vcxproj' does not exist.
C:\Program Files (x86)\Microsoft Visual Studio\2019\Community\MSBuild\Current\Bin\Microsoft.Common.CurrentVersion.targets(1875,5): warning : The referenced project 'G:\mariadb-connector-c-3.1.6-src\caching_sha2_password.vcxproj' does not exist.
C:\Program Files (x86)\Microsoft Visual Studio\2019\Community\MSBuild\Current\Bin\Microsoft.Common.CurrentVersion.targets(1875,5): warning : The referenced project 'G:\mariadb-connector-c-3.1.6-src\unittest\mytap\cctap.vcxproj' does not exist.
C:\Program Files (x86)\Microsoft Visual Studio\2019\Community\MSBuild\Current\Bin\Microsoft.Common.CurrentVersion.targets(1875,5): warning : The referenced project 'G:\mariadb-connector-c-3.1.6-src\unittest\libmariadb\charset.vcxproj' does not exist.
C:\Program Files (x86)\Microsoft Visual Studio\2019\Community\MSBuild\Current\Bin\Microsoft.Common.CurrentVersion.targets(1875,5): warning : The referenced project 'G:\mariadb-connector-c-3.1.6-src\client_ed25519.vcxproj' does not exist.
C:\Program Files (x86)\Microsoft Visual Studio\2019\Community\MSBuild\Current\Bin\Microsoft.Common.CurrentVersion.targets(1875,5): warning : The referenced project 'G:\mariadb-connector-c-3.1.6-src\unittest\libmariadb\conc336.vcxproj' does not exist.
C:\Program Files (x86)\Microsoft Visual Studio\2019\Community\MSBuild\Current\Bin\Microsoft.Common.CurrentVersion.targets(1875,5): warning : The referenced project 'G:\mariadb-connector-c-3.1.6-src\unittest\libmariadb\connection.vcxproj' does not exist.
C:\Program Files (x86)\Microsoft Visual Studio\2019\Community\MSBuild\Current\Bin\Microsoft.Common.CurrentVersion.targets(1875,5): warning : The referenced project 'G:\mariadb-connector-c-3.1.6-src\unittest\libmariadb\cursor.vcxproj' does not exist.
C:\Program Files (x86)\Microsoft Visual Studio\2019\Community\MSBuild\Current\Bin\Microsoft.Common.CurrentVersion.targets(1875,5): warning : The referenced project 'G:\mariadb-connector-c-3.1.6-src\dialog.vcxproj' does not exist.
C:\Program Files (x86)\Microsoft Visual Studio\2019\Community\MSBuild\Current\Bin\Microsoft.Common.CurrentVersion.targets(1875,5): warning : The referenced project 'G:\mariadb-connector-c-3.1.6-src\unittest\libmariadb\dyncol.vcxproj' does not exist.
C:\Program Files (x86)\Microsoft Visual Studio\2019\Community\MSBuild\Current\Bin\Microsoft.Common.CurrentVersion.targets(1875,5): warning : The referenced project 'G:\mariadb-connector-c-3.1.6-src\unittest\libmariadb\errors.vcxproj' does not exist.
C:\Program Files (x86)\Microsoft Visual Studio\2019\Community\MSBuild\Current\Bin\Microsoft.Common.CurrentVersion.targets(1875,5): warning : The referenced project 'G:\mariadb-connector-c-3.1.6-src\unittest\libmariadb\features-10_2.vcxproj' does not exist.
C:\Program Files (x86)\Microsoft Visual Studio\2019\Community\MSBuild\Current\Bin\Microsoft.Common.CurrentVersion.targets(1875,5): warning : The referenced project 'G:\mariadb-connector-c-3.1.6-src\unittest\libmariadb\fetch.vcxproj' does not exist.
C:\Program Files (x86)\Microsoft Visual Studio\2019\Community\MSBuild\Current\Bin\Microsoft.Common.CurrentVersion.targets(1875,5): warning : The referenced project 'G:\mariadb-connector-c-3.1.6-src\libmariadb\libmariadb.vcxproj' does not exist.
C:\Program Files (x86)\Microsoft Visual Studio\2019\Community\MSBuild\Current\Bin\Microsoft.Common.CurrentVersion.targets(1875,5): warning : The referenced project 'G:\mariadb-connector-c-3.1.6-src\unittest\libmariadb\logs.vcxproj' does not exist.
C:\Program Files (x86)\Microsoft Visual Studio\2019\Community\MSBuild\Current\Bin\Microsoft.Common.CurrentVersion.targets(1875,5): warning : The referenced project 'G:\mariadb-connector-c-3.1.6-src\unittest\libmariadb\ma_getopt.vcxproj' does not exist.
C:\Program Files (x86)\Microsoft Visual Studio\2019\Community\MSBuild\Current\Bin\Microsoft.Common.CurrentVersion.targets(1875,5): warning : The referenced project 'G:\mariadb-connector-c-3.1.6-src\libmariadb\mariadbclient.vcxproj' does not exist.
C:\Program Files (x86)\Microsoft Visual Studio\2019\Community\MSBuild\Current\Bin\Microsoft.Common.CurrentVersion.targets(1875,5): warning : The referenced project 'G:\mariadb-connector-c-3.1.6-src\unittest\libmariadb\misc.vcxproj' does not exist.
C:\Program Files (x86)\Microsoft Visual Studio\2019\Community\MSBuild\Current\Bin\Microsoft.Common.CurrentVersion.targets(1875,5): warning : The referenced project 'G:\mariadb-connector-c-3.1.6-src\mysql_clear_password.vcxproj' does not exist.
C:\Program Files (x86)\Microsoft Visual Studio\2019\Community\MSBuild\Current\Bin\Microsoft.Common.CurrentVersion.targets(1875,5): warning : The referenced project 'G:\mariadb-connector-c-3.1.6-src\unittest\libmariadb\performance.vcxproj' does not exist.
C:\Program Files (x86)\Microsoft Visual Studio\2019\Community\MSBuild\Current\Bin\Microsoft.Common.CurrentVersion.targets(1875,5): warning : The referenced project 'G:\mariadb-connector-c-3.1.6-src\unittest\libmariadb\ps.vcxproj' does not exist.
C:\Program Files (x86)\Microsoft Visual Studio\2019\Community\MSBuild\Current\Bin\Microsoft.Common.CurrentVersion.targets(1875,5): warning : The referenced project 'G:\mariadb-connector-c-3.1.6-src\unittest\libmariadb\ps_bugs.vcxproj' does not exist.
C:\Program Files (x86)\Microsoft Visual Studio\2019\Community\MSBuild\Current\Bin\Microsoft.Common.CurrentVersion.targets(1875,5): warning : The referenced project 'G:\mariadb-connector-c-3.1.6-src\unittest\libmariadb\ps_new.vcxproj' does not exist.
C:\Program Files (x86)\Microsoft Visual Studio\2019\Community\MSBuild\Current\Bin\Microsoft.Common.CurrentVersion.targets(1875,5): warning : The referenced project 'G:\mariadb-connector-c-3.1.6-src\pvio_npipe.vcxproj' does not exist.
C:\Program Files (x86)\Microsoft Visual Studio\2019\Community\MSBuild\Current\Bin\Microsoft.Common.CurrentVersion.targets(1875,5): warning : The referenced project 'G:\mariadb-connector-c-3.1.6-src\pvio_shmem.vcxproj' does not exist.
C:\Program Files (x86)\Microsoft Visual Studio\2019\Community\MSBuild\Current\Bin\Microsoft.Common.CurrentVersion.targets(1875,5): warning : The referenced project 'G:\mariadb-connector-c-3.1.6-src\unittest\libmariadb\result.vcxproj' does not exist.
C:\Program Files (x86)\Microsoft Visual Studio\2019\Community\MSBuild\Current\Bin\Microsoft.Common.CurrentVersion.targets(1875,5): warning : The referenced project 'G:\mariadb-connector-c-3.1.6-src\unittest\libmariadb\rpl_api.vcxproj' does not exist.
C:\Program Files (x86)\Microsoft Visual Studio\2019\Community\MSBuild\Current\Bin\Microsoft.Common.CurrentVersion.targets(1875,5): warning : The referenced project 'G:\mariadb-connector-c-3.1.6-src\sha256_password.vcxproj' does not exist.
C:\Program Files (x86)\Microsoft Visual Studio\2019\Community\MSBuild\Current\Bin\Microsoft.Common.CurrentVersion.targets(1875,5): warning : The referenced project 'G:\mariadb-connector-c-3.1.6-src\unittest\libmariadb\sp.vcxproj' does not exist.
C:\Program Files (x86)\Microsoft Visual Studio\2019\Community\MSBuild\Current\Bin\Microsoft.Common.CurrentVersion.targets(1875,5): warning : The referenced project 'G:\mariadb-connector-c-3.1.6-src\unittest\libmariadb\t_aurora.vcxproj' does not exist.
C:\Program Files (x86)\Microsoft Visual Studio\2019\Community\MSBuild\Current\Bin\Microsoft.Common.CurrentVersion.targets(1875,5): warning : The referenced project 'G:\mariadb-connector-c-3.1.6-src\unittest\libmariadb\t_conc173.vcxproj' does not exist.
C:\Program Files (x86)\Microsoft Visual Studio\2019\Community\MSBuild\Current\Bin\Microsoft.Common.CurrentVersion.targets(1875,5): warning : The referenced project 'G:\mariadb-connector-c-3.1.6-src\unittest\libmariadb\thread.vcxproj' does not exist.
C:\Program Files (x86)\Microsoft Visual Studio\2019\Community\MSBuild\Current\Bin\Microsoft.Common.CurrentVersion.targets(1875,5): warning : The referenced project 'G:\mariadb-connector-c-3.1.6-src\unittest\libmariadb\view.vcxproj' does not exist.
C:\Program Files (x86)\Microsoft Visual Studio\2019\Community\MSBuild\Microsoft\VC\v160\Microsoft.CppBuild.targets(1075,5): error MSB3191: "G:\mariadb-connector-c-3.1.6-src\CMakeFiles\" 디렉터리를 만들 수 없습니다. 'G:\mariadb-connector-c-3.1.6-src\CMakeFiles\' 경로의 일부를 찾을 수 없습니다.
