g:\mariadb-connector-c-3.1.6-src\dialog.dir\debug\get_password.obj
g:\mariadb-connector-c-3.1.6-src\dialog.dir\debug\dialog.obj
g:\mariadb-connector-c-3.1.6-src\cmakefiles\generate.stamp
g:\mariadb-connector-c-3.1.6-src\debug\dialog.lib
g:\mariadb-connector-c-3.1.6-src\debug\dialog.exp
g:\mariadb-connector-c-3.1.6-src\debug\dialog.ilk
g:\mariadb-connector-c-3.1.6-src\debug\dialog.dll
g:\mariadb-connector-c-3.1.6-src\debug\dialog.pdb
g:\mariadb-connector-c-3.1.6-src\dialog.dir\debug\dialog.res
g:\mariadb-connector-c-3.1.6-src\dialog.dir\debug\dialog.tlog\cl.command.1.tlog
g:\mariadb-connector-c-3.1.6-src\dialog.dir\debug\dialog.tlog\cl.read.1.tlog
g:\mariadb-connector-c-3.1.6-src\dialog.dir\debug\dialog.tlog\cl.write.1.tlog
g:\mariadb-connector-c-3.1.6-src\dialog.dir\debug\dialog.tlog\custombuild.command.1.tlog
g:\mariadb-connector-c-3.1.6-src\dialog.dir\debug\dialog.tlog\custombuild.read.1.tlog
g:\mariadb-connector-c-3.1.6-src\dialog.dir\debug\dialog.tlog\custombuild.write.1.tlog
g:\mariadb-connector-c-3.1.6-src\dialog.dir\debug\dialog.tlog\dialog.write.1u.tlog
g:\mariadb-connector-c-3.1.6-src\dialog.dir\debug\dialog.tlog\link.command.1.tlog
g:\mariadb-connector-c-3.1.6-src\dialog.dir\debug\dialog.tlog\link.read.1.tlog
g:\mariadb-connector-c-3.1.6-src\dialog.dir\debug\dialog.tlog\link.write.1.tlog
g:\mariadb-connector-c-3.1.6-src\dialog.dir\debug\dialog.tlog\rc.command.1.tlog
g:\mariadb-connector-c-3.1.6-src\dialog.dir\debug\dialog.tlog\rc.read.1.tlog
g:\mariadb-connector-c-3.1.6-src\dialog.dir\debug\dialog.tlog\rc.write.1.tlog
