g:\mariadb-connector-c-3.1.6-src\mysql_clear_password.dir\debug\mariadb_cleartext.obj
g:\mariadb-connector-c-3.1.6-src\cmakefiles\generate.stamp
g:\mariadb-connector-c-3.1.6-src\debug\mysql_clear_password.ilk
g:\mariadb-connector-c-3.1.6-src\debug\mysql_clear_password.dll
g:\mariadb-connector-c-3.1.6-src\debug\mysql_clear_password.pdb
g:\mariadb-connector-c-3.1.6-src\debug\mysql_clear_password.lib
g:\mariadb-connector-c-3.1.6-src\debug\mysql_clear_password.exp
g:\mariadb-connector-c-3.1.6-src\mysql_clear_password.dir\debug\mysql_clear_password.res
g:\mariadb-connector-c-3.1.6-src\mysql_clear_password.dir\debug\mysql_cl.8224d9b1.tlog\cl.command.1.tlog
g:\mariadb-connector-c-3.1.6-src\mysql_clear_password.dir\debug\mysql_cl.8224d9b1.tlog\cl.read.1.tlog
g:\mariadb-connector-c-3.1.6-src\mysql_clear_password.dir\debug\mysql_cl.8224d9b1.tlog\cl.write.1.tlog
g:\mariadb-connector-c-3.1.6-src\mysql_clear_password.dir\debug\mysql_cl.8224d9b1.tlog\custombuild.command.1.tlog
g:\mariadb-connector-c-3.1.6-src\mysql_clear_password.dir\debug\mysql_cl.8224d9b1.tlog\custombuild.read.1.tlog
g:\mariadb-connector-c-3.1.6-src\mysql_clear_password.dir\debug\mysql_cl.8224d9b1.tlog\custombuild.write.1.tlog
g:\mariadb-connector-c-3.1.6-src\mysql_clear_password.dir\debug\mysql_cl.8224d9b1.tlog\link.command.1.tlog
g:\mariadb-connector-c-3.1.6-src\mysql_clear_password.dir\debug\mysql_cl.8224d9b1.tlog\link.read.1.tlog
g:\mariadb-connector-c-3.1.6-src\mysql_clear_password.dir\debug\mysql_cl.8224d9b1.tlog\link.write.1.tlog
g:\mariadb-connector-c-3.1.6-src\mysql_clear_password.dir\debug\mysql_cl.8224d9b1.tlog\mysql_clear_password.write.1u.tlog
g:\mariadb-connector-c-3.1.6-src\mysql_clear_password.dir\debug\mysql_cl.8224d9b1.tlog\rc.command.1.tlog
g:\mariadb-connector-c-3.1.6-src\mysql_clear_password.dir\debug\mysql_cl.8224d9b1.tlog\rc.read.1.tlog
g:\mariadb-connector-c-3.1.6-src\mysql_clear_password.dir\debug\mysql_cl.8224d9b1.tlog\rc.write.1.tlog
