The system is: Windows - 10.0.18363 - AMD64
Compiling the C compiler identification source file "CMakeCCompilerId.c" succeeded.
Compiler: C:/Program Files (x86)/Microsoft Visual Studio/2019/Community/VC/Tools/MSVC/14.24.28314/bin/HostX64/x64/cl.exe 
Build flags: 
Id flags:  

The output was:
0
Microsoft (R) C/C++ 최적화 컴파일러 버전 19.24.28316(x64)
Copyright (c) Microsoft Corporation. All rights reserved.

CMakeCCompilerId.c
Microsoft (R) Incremental Linker Version 14.24.28316.0
Copyright (C) Microsoft Corporation.  All rights reserved.

/out:CMakeCCompilerId.exe 
CMakeCCompilerId.obj 


Compilation of the C compiler identification source "CMakeCCompilerId.c" produced "CMakeCCompilerId.exe"

Compilation of the C compiler identification source "CMakeCCompilerId.c" produced "CMakeCCompilerId.obj"

The C compiler identification is MSVC, found in "D:/DataBase/External Library/mariadb-connector-c-3.1.6-src/out/build/x64-Debug/CMakeFiles/3.15.19101501-MSVC_2/CompilerIdC/CMakeCCompilerId.exe"

Determining if the C compiler works passed with the following output:
Change Dir: D:/DataBase/External Library/mariadb-connector-c-3.1.6-src/out/build/x64-Debug/CMakeFiles/CMakeTmp

Run Build Command(s):C:/Program Files (x86)/Microsoft Visual Studio/2019/Community/Common7/IDE/CommonExtensions/Microsoft/CMake/Ninja/ninja.exe cmTC_188ab && [1/2] Building C object CMakeFiles\cmTC_188ab.dir\testCCompiler.c.obj
[2/2] Linking C executable cmTC_188ab.exe



Detecting C compiler ABI info compiled with the following output:
Change Dir: D:/DataBase/External Library/mariadb-connector-c-3.1.6-src/out/build/x64-Debug/CMakeFiles/CMakeTmp

Run Build Command(s):C:/Program Files (x86)/Microsoft Visual Studio/2019/Community/Common7/IDE/CommonExtensions/Microsoft/CMake/Ninja/ninja.exe cmTC_d5f0b && [1/2] Building C object CMakeFiles\cmTC_d5f0b.dir\CMakeCCompilerABI.c.obj
[2/2] Linking C executable cmTC_d5f0b.exe



Determining if files signal.h exist passed with the following output:
Change Dir: D:/DataBase/External Library/mariadb-connector-c-3.1.6-src/out/build/x64-Debug/CMakeFiles/CMakeTmp

Run Build Command(s):C:/Program Files (x86)/Microsoft Visual Studio/2019/Community/Common7/IDE/CommonExtensions/Microsoft/CMake/Ninja/ninja.exe cmTC_1b32f && [1/2] Building C object CMakeFiles\cmTC_1b32f.dir\INCLUDE_SIGNAL.c.obj
[2/2] Linking C executable cmTC_1b32f.exe



