g:\mariadb-connector-c-3.1.6-src\libmariadb\mariadbclient.dir\debug\ma_ll2str.obj
g:\mariadb-connector-c-3.1.6-src\libmariadb\mariadbclient.dir\debug\ma_password.obj
g:\mariadb-connector-c-3.1.6-src\libmariadb\mariadbclient.dir\debug\ma_init.obj
g:\mariadb-connector-c-3.1.6-src\libmariadb\mariadbclient.dir\debug\ma_compress.obj
g:\mariadb-connector-c-3.1.6-src\libmariadb\mariadbclient.dir\debug\ma_alloc.obj
g:\mariadb-connector-c-3.1.6-src\libmariadb\mariadbclient.dir\debug\ma_tls.obj
g:\mariadb-connector-c-3.1.6-src\libmariadb\mariadbclient.dir\debug\ma_pvio.obj
g:\mariadb-connector-c-3.1.6-src\libmariadb\mariadbclient.dir\debug\ma_list.obj
g:\mariadb-connector-c-3.1.6-src\libmariadb\mariadbclient.dir\debug\mariadb_lib.obj
g:\mariadb-connector-c-3.1.6-src\libmariadb\mariadbclient.dir\debug\ma_errmsg.obj
g:\mariadb-connector-c-3.1.6-src\libmariadb\mariadbclient.dir\debug\ma_default.obj
g:\mariadb-connector-c-3.1.6-src\libmariadb\mariadbclient.dir\debug\ma_time.obj
g:\mariadb-connector-c-3.1.6-src\libmariadb\mariadbclient.dir\debug\mariadb_charset.obj
g:\mariadb-connector-c-3.1.6-src\libmariadb\mariadbclient.dir\debug\ma_net.obj
g:\mariadb-connector-c-3.1.6-src\libmariadb\mariadbclient.dir\debug\ma_hash.obj
g:\mariadb-connector-c-3.1.6-src\libmariadb\mariadbclient.dir\debug\ma_charset.obj
g:\mariadb-connector-c-3.1.6-src\libmariadb\mariadbclient.dir\debug\ma_array.obj
g:\mariadb-connector-c-3.1.6-src\libmariadb\mariadbclient.dir\debug\pvio_socket.obj
g:\mariadb-connector-c-3.1.6-src\libmariadb\mariadbclient.dir\debug\old_password.obj
g:\mariadb-connector-c-3.1.6-src\libmariadb\mariadbclient.dir\debug\my_auth.obj
g:\mariadb-connector-c-3.1.6-src\libmariadb\mariadbclient.dir\debug\gzlib.obj
g:\mariadb-connector-c-3.1.6-src\libmariadb\mariadbclient.dir\debug\gzclose.obj
g:\mariadb-connector-c-3.1.6-src\libmariadb\mariadbclient.dir\debug\deflate.obj
g:\mariadb-connector-c-3.1.6-src\libmariadb\mariadbclient.dir\debug\crc32.obj
g:\mariadb-connector-c-3.1.6-src\libmariadb\mariadbclient.dir\debug\compress.obj
g:\mariadb-connector-c-3.1.6-src\libmariadb\mariadbclient.dir\debug\adler32.obj
g:\mariadb-connector-c-3.1.6-src\libmariadb\mariadbclient.dir\debug\win32_errmsg.obj
g:\mariadb-connector-c-3.1.6-src\libmariadb\mariadbclient.dir\debug\win_iconv.obj
g:\mariadb-connector-c-3.1.6-src\libmariadb\mariadbclient.dir\debug\ma_schannel.obj
g:\mariadb-connector-c-3.1.6-src\libmariadb\mariadbclient.dir\debug\schannel.obj
g:\mariadb-connector-c-3.1.6-src\libmariadb\mariadbclient.dir\debug\ma_io.obj
g:\mariadb-connector-c-3.1.6-src\libmariadb\mariadbclient.dir\debug\ma_client_plugin.obj
g:\mariadb-connector-c-3.1.6-src\libmariadb\mariadbclient.dir\debug\mariadb_rpl.obj
g:\mariadb-connector-c-3.1.6-src\libmariadb\mariadbclient.dir\debug\ma_dtoa.obj
g:\mariadb-connector-c-3.1.6-src\libmariadb\mariadbclient.dir\debug\ma_string.obj
g:\mariadb-connector-c-3.1.6-src\libmariadb\mariadbclient.dir\debug\ma_stmt_codec.obj
g:\mariadb-connector-c-3.1.6-src\libmariadb\mariadbclient.dir\debug\ma_loaddata.obj
g:\mariadb-connector-c-3.1.6-src\libmariadb\mariadbclient.dir\debug\mariadb_stmt.obj
g:\mariadb-connector-c-3.1.6-src\libmariadb\mariadbclient.dir\debug\ma_sha1.obj
g:\mariadb-connector-c-3.1.6-src\libmariadb\mariadbclient.dir\debug\ma_context.obj
g:\mariadb-connector-c-3.1.6-src\libmariadb\mariadbclient.dir\debug\mariadb_async.obj
g:\mariadb-connector-c-3.1.6-src\libmariadb\mariadbclient.dir\debug\mariadb_dyncol.obj
g:\mariadb-connector-c-3.1.6-src\libmariadb\mariadbclient.dir\debug\zutil.obj
g:\mariadb-connector-c-3.1.6-src\libmariadb\mariadbclient.dir\debug\uncompr.obj
g:\mariadb-connector-c-3.1.6-src\libmariadb\mariadbclient.dir\debug\trees.obj
g:\mariadb-connector-c-3.1.6-src\libmariadb\mariadbclient.dir\debug\inftrees.obj
g:\mariadb-connector-c-3.1.6-src\libmariadb\mariadbclient.dir\debug\inflate.obj
g:\mariadb-connector-c-3.1.6-src\libmariadb\mariadbclient.dir\debug\inffast.obj
g:\mariadb-connector-c-3.1.6-src\libmariadb\mariadbclient.dir\debug\infback.obj
g:\mariadb-connector-c-3.1.6-src\libmariadb\mariadbclient.dir\debug\gzwrite.obj
g:\mariadb-connector-c-3.1.6-src\libmariadb\mariadbclient.dir\debug\gzread.obj
g:\mariadb-connector-c-3.1.6-src\libmariadb\cmakefiles\generate.stamp
g:\mariadb-connector-c-3.1.6-src\libmariadb\mariadbclient.dir\debug\mariadbclient.tlog\cl.command.1.tlog
g:\mariadb-connector-c-3.1.6-src\libmariadb\mariadbclient.dir\debug\mariadbclient.tlog\cl.read.1.tlog
g:\mariadb-connector-c-3.1.6-src\libmariadb\mariadbclient.dir\debug\mariadbclient.tlog\cl.write.1.tlog
g:\mariadb-connector-c-3.1.6-src\libmariadb\mariadbclient.dir\debug\mariadbclient.tlog\custombuild.command.1.tlog
g:\mariadb-connector-c-3.1.6-src\libmariadb\mariadbclient.dir\debug\mariadbclient.tlog\custombuild.read.1.tlog
g:\mariadb-connector-c-3.1.6-src\libmariadb\mariadbclient.dir\debug\mariadbclient.tlog\custombuild.write.1.tlog
