g:\mariadb-connector-c-3.1.6-src\pvio_npipe.dir\debug\pvio_npipe.obj
g:\mariadb-connector-c-3.1.6-src\cmakefiles\generate.stamp
g:\mariadb-connector-c-3.1.6-src\debug\pvio_npipe.ilk
g:\mariadb-connector-c-3.1.6-src\debug\pvio_npipe.dll
g:\mariadb-connector-c-3.1.6-src\debug\pvio_npipe.pdb
g:\mariadb-connector-c-3.1.6-src\debug\pvio_npipe.lib
g:\mariadb-connector-c-3.1.6-src\debug\pvio_npipe.exp
g:\mariadb-connector-c-3.1.6-src\pvio_npipe.dir\debug\pvio_npipe.res
g:\mariadb-connector-c-3.1.6-src\pvio_npipe.dir\debug\pvio_npipe.tlog\cl.command.1.tlog
g:\mariadb-connector-c-3.1.6-src\pvio_npipe.dir\debug\pvio_npipe.tlog\cl.read.1.tlog
g:\mariadb-connector-c-3.1.6-src\pvio_npipe.dir\debug\pvio_npipe.tlog\cl.write.1.tlog
g:\mariadb-connector-c-3.1.6-src\pvio_npipe.dir\debug\pvio_npipe.tlog\custombuild.command.1.tlog
g:\mariadb-connector-c-3.1.6-src\pvio_npipe.dir\debug\pvio_npipe.tlog\custombuild.read.1.tlog
g:\mariadb-connector-c-3.1.6-src\pvio_npipe.dir\debug\pvio_npipe.tlog\custombuild.write.1.tlog
g:\mariadb-connector-c-3.1.6-src\pvio_npipe.dir\debug\pvio_npipe.tlog\link.command.1.tlog
g:\mariadb-connector-c-3.1.6-src\pvio_npipe.dir\debug\pvio_npipe.tlog\link.read.1.tlog
g:\mariadb-connector-c-3.1.6-src\pvio_npipe.dir\debug\pvio_npipe.tlog\link.write.1.tlog
g:\mariadb-connector-c-3.1.6-src\pvio_npipe.dir\debug\pvio_npipe.tlog\pvio_npipe.write.1u.tlog
g:\mariadb-connector-c-3.1.6-src\pvio_npipe.dir\debug\pvio_npipe.tlog\rc.command.1.tlog
g:\mariadb-connector-c-3.1.6-src\pvio_npipe.dir\debug\pvio_npipe.tlog\rc.read.1.tlog
g:\mariadb-connector-c-3.1.6-src\pvio_npipe.dir\debug\pvio_npipe.tlog\rc.write.1.tlog
