Determining if files ucontext.h exist failed with the following output:
Change Dir: G:/mariadb-connector-c-3.1.6-src/CMakeFiles/CMakeTmp

Run Build Command(s):C:/Program Files (x86)/Microsoft Visual Studio/2019/Community/MSBuild/Current/Bin/MSBuild.exe cmTC_644e8.vcxproj /p:Configuration=Debug /p:Platform=x64 /p:VisualStudioVersion=16.0 /v:m && .NET Framework용 Microsoft (R) Build Engine 버전 16.4.0+e901037fe
Copyright (C) Microsoft Corporation. All rights reserved.

  Microsoft (R) C/C++ 최적화 컴파일러 버전 19.24.28314(x64)
  HAVE_UCONTEXT_H.c
  Copyright (c) Microsoft Corporation. All rights reserved.
  cl /c /Zi /W3 /WX- /diagnostics:column /Od /Ob0 /D WIN32 /D _WINDOWS /D "CMAKE_INTDIR=\"Debug\"" /D _MBCS /Gm- /RTC1 /MDd /GS /fp:precise /Zc:wchar_t /Zc:forScope /Zc:inline /Fo"cmTC_644e8.dir\Debug\\" /Fd"cmTC_644e8.dir\Debug\vc142.pdb" /Gd /TC /errorReport:queue "G:\mariadb-connector-c-3.1.6-src\CMakeFiles\CheckIncludeFiles\HAVE_UCONTEXT_H.c"
G:\mariadb-connector-c-3.1.6-src\CMakeFiles\CheckIncludeFiles\HAVE_UCONTEXT_H.c(2,10): fatal error C1083: 포함 파일을 열 수 없습니다. 'ucontext.h': No such file or directory [G:\mariadb-connector-c-3.1.6-src\CMakeFiles\CMakeTmp\cmTC_644e8.vcxproj]


Source:
/* */
#include <ucontext.h>


int main(void){return 0;}

Determining if files select.h exist failed with the following output:
Change Dir: /Users/junminkim/Workspace/DataBase/External-Library/mariadb-connector-c-3.1.6-src/CMakeFiles/CMakeTmp

Run Build Command(s):/usr/bin/make cmTC_a03fa/fast && /Library/Developer/CommandLineTools/usr/bin/make -f CMakeFiles/cmTC_a03fa.dir/build.make CMakeFiles/cmTC_a03fa.dir/build
Building C object CMakeFiles/cmTC_a03fa.dir/HAVE_SELECT_H.c.o
/Library/Developer/CommandLineTools/usr/bin/cc   -isysroot /Library/Developer/CommandLineTools/SDKs/MacOSX10.15.sdk   -o CMakeFiles/cmTC_a03fa.dir/HAVE_SELECT_H.c.o   -c /Users/junminkim/Workspace/DataBase/External-Library/mariadb-connector-c-3.1.6-src/CMakeFiles/CheckIncludeFiles/HAVE_SELECT_H.c
/Users/junminkim/Workspace/DataBase/External-Library/mariadb-connector-c-3.1.6-src/CMakeFiles/CheckIncludeFiles/HAVE_SELECT_H.c:2:10: fatal error: 'select.h' file not found
#include <select.h>
         ^~~~~~~~~~
1 error generated.
make[1]: *** [CMakeFiles/cmTC_a03fa.dir/HAVE_SELECT_H.c.o] Error 1
make: *** [cmTC_a03fa/fast] Error 2


Source:
/* */
#include <select.h>


int main(void){return 0;}

Determining if files ucontext.h exist failed with the following output:
Change Dir: /Users/junminkim/Workspace/DataBase/External-Library/mariadb-connector-c-3.1.6-src/CMakeFiles/CMakeTmp

Run Build Command(s):/usr/bin/make cmTC_f8fb7/fast && /Library/Developer/CommandLineTools/usr/bin/make -f CMakeFiles/cmTC_f8fb7.dir/build.make CMakeFiles/cmTC_f8fb7.dir/build
Building C object CMakeFiles/cmTC_f8fb7.dir/HAVE_UCONTEXT_H.c.o
/Library/Developer/CommandLineTools/usr/bin/cc   -isysroot /Library/Developer/CommandLineTools/SDKs/MacOSX10.15.sdk   -o CMakeFiles/cmTC_f8fb7.dir/HAVE_UCONTEXT_H.c.o   -c /Users/junminkim/Workspace/DataBase/External-Library/mariadb-connector-c-3.1.6-src/CMakeFiles/CheckIncludeFiles/HAVE_UCONTEXT_H.c
In file included from /Users/junminkim/Workspace/DataBase/External-Library/mariadb-connector-c-3.1.6-src/CMakeFiles/CheckIncludeFiles/HAVE_UCONTEXT_H.c:2:
/Library/Developer/CommandLineTools/SDKs/MacOSX10.15.sdk/usr/include/ucontext.h:43:2: error: The deprecated ucontext routines require _XOPEN_SOURCE to be defined
#error The deprecated ucontext routines require _XOPEN_SOURCE to be defined
 ^
1 error generated.
make[1]: *** [CMakeFiles/cmTC_f8fb7.dir/HAVE_UCONTEXT_H.c.o] Error 1
make: *** [cmTC_f8fb7/fast] Error 2


Source:
/* */
#include <ucontext.h>


int main(void){return 0;}

Determining if the function alloca exists failed with the following output:
Change Dir: /Users/junminkim/Workspace/DataBase/External-Library/mariadb-connector-c-3.1.6-src/CMakeFiles/CMakeTmp

Run Build Command(s):/usr/bin/make cmTC_dd363/fast && /Library/Developer/CommandLineTools/usr/bin/make -f CMakeFiles/cmTC_dd363.dir/build.make CMakeFiles/cmTC_dd363.dir/build
Building C object CMakeFiles/cmTC_dd363.dir/CheckFunctionExists.c.o
/Library/Developer/CommandLineTools/usr/bin/cc   -DCHECK_FUNCTION_EXISTS=alloca -isysroot /Library/Developer/CommandLineTools/SDKs/MacOSX10.15.sdk   -o CMakeFiles/cmTC_dd363.dir/CheckFunctionExists.c.o   -c /usr/local/Cellar/cmake/3.16.4/share/cmake/Modules/CheckFunctionExists.c
/usr/local/Cellar/cmake/3.16.4/share/cmake/Modules/CheckFunctionExists.c:7:3: warning: incompatible redeclaration of library function 'alloca' [-Wincompatible-library-redeclaration]
  CHECK_FUNCTION_EXISTS(void);
  ^
<command line>:1:31: note: expanded from here
#define CHECK_FUNCTION_EXISTS alloca
                              ^
/usr/local/Cellar/cmake/3.16.4/share/cmake/Modules/CheckFunctionExists.c:7:3: note: 'alloca' is a builtin with type 'void *(unsigned long)'
<command line>:1:31: note: expanded from here
#define CHECK_FUNCTION_EXISTS alloca
                              ^
1 warning generated.
Linking C executable cmTC_dd363
/usr/local/Cellar/cmake/3.16.4/bin/cmake -E cmake_link_script CMakeFiles/cmTC_dd363.dir/link.txt --verbose=1
/Library/Developer/CommandLineTools/usr/bin/cc  -DCHECK_FUNCTION_EXISTS=alloca -isysroot /Library/Developer/CommandLineTools/SDKs/MacOSX10.15.sdk -Wl,-search_paths_first -Wl,-headerpad_max_install_names   CMakeFiles/cmTC_dd363.dir/CheckFunctionExists.c.o  -o cmTC_dd363 
Undefined symbols for architecture x86_64:
  "_alloca", referenced from:
      _main in CheckFunctionExists.c.o
ld: symbol(s) not found for architecture x86_64
clang: error: linker command failed with exit code 1 (use -v to see invocation)
make[1]: *** [cmTC_dd363] Error 1
make: *** [cmTC_dd363/fast] Error 2



Determining size of uchar failed with the following output:
Change Dir: /Users/junminkim/Workspace/DataBase/External-Library/mariadb-connector-c-3.1.6-src/CMakeFiles/CMakeTmp

Run Build Command(s):/usr/bin/make cmTC_e811a/fast && /Library/Developer/CommandLineTools/usr/bin/make -f CMakeFiles/cmTC_e811a.dir/build.make CMakeFiles/cmTC_e811a.dir/build
Building C object CMakeFiles/cmTC_e811a.dir/SIZEOF_UCHAR.c.o
/Library/Developer/CommandLineTools/usr/bin/cc   -isysroot /Library/Developer/CommandLineTools/SDKs/MacOSX10.15.sdk   -o CMakeFiles/cmTC_e811a.dir/SIZEOF_UCHAR.c.o   -c /Users/junminkim/Workspace/DataBase/External-Library/mariadb-connector-c-3.1.6-src/CMakeFiles/CheckTypeSize/SIZEOF_UCHAR.c
/Users/junminkim/Workspace/DataBase/External-Library/mariadb-connector-c-3.1.6-src/CMakeFiles/CheckTypeSize/SIZEOF_UCHAR.c:26:12: error: use of undeclared identifier 'uchar'
  ('0' + ((SIZE / 10000)%10)),
           ^
/Users/junminkim/Workspace/DataBase/External-Library/mariadb-connector-c-3.1.6-src/CMakeFiles/CheckTypeSize/SIZEOF_UCHAR.c:24:22: note: expanded from macro 'SIZE'
#define SIZE (sizeof(uchar))
                     ^
/Users/junminkim/Workspace/DataBase/External-Library/mariadb-connector-c-3.1.6-src/CMakeFiles/CheckTypeSize/SIZEOF_UCHAR.c:27:12: error: use of undeclared identifier 'uchar'
  ('0' + ((SIZE / 1000)%10)),
           ^
/Users/junminkim/Workspace/DataBase/External-Library/mariadb-connector-c-3.1.6-src/CMakeFiles/CheckTypeSize/SIZEOF_UCHAR.c:24:22: note: expanded from macro 'SIZE'
#define SIZE (sizeof(uchar))
                     ^
/Users/junminkim/Workspace/DataBase/External-Library/mariadb-connector-c-3.1.6-src/CMakeFiles/CheckTypeSize/SIZEOF_UCHAR.c:28:12: error: use of undeclared identifier 'uchar'
  ('0' + ((SIZE / 100)%10)),
           ^
/Users/junminkim/Workspace/DataBase/External-Library/mariadb-connector-c-3.1.6-src/CMakeFiles/CheckTypeSize/SIZEOF_UCHAR.c:24:22: note: expanded from macro 'SIZE'
#define SIZE (sizeof(uchar))
                     ^
/Users/junminkim/Workspace/DataBase/External-Library/mariadb-connector-c-3.1.6-src/CMakeFiles/CheckTypeSize/SIZEOF_UCHAR.c:29:12: error: use of undeclared identifier 'uchar'
  ('0' + ((SIZE / 10)%10)),
           ^
/Users/junminkim/Workspace/DataBase/External-Library/mariadb-connector-c-3.1.6-src/CMakeFiles/CheckTypeSize/SIZEOF_UCHAR.c:24:22: note: expanded from macro 'SIZE'
#define SIZE (sizeof(uchar))
                     ^
/Users/junminkim/Workspace/DataBase/External-Library/mariadb-connector-c-3.1.6-src/CMakeFiles/CheckTypeSize/SIZEOF_UCHAR.c:30:12: error: use of undeclared identifier 'uchar'
  ('0' +  (SIZE    % 10)),
           ^
/Users/junminkim/Workspace/DataBase/External-Library/mariadb-connector-c-3.1.6-src/CMakeFiles/CheckTypeSize/SIZEOF_UCHAR.c:24:22: note: expanded from macro 'SIZE'
#define SIZE (sizeof(uchar))
                     ^
5 errors generated.
make[1]: *** [CMakeFiles/cmTC_e811a.dir/SIZEOF_UCHAR.c.o] Error 1
make: *** [cmTC_e811a/fast] Error 2


/Users/junminkim/Workspace/DataBase/External-Library/mariadb-connector-c-3.1.6-src/CMakeFiles/CheckTypeSize/SIZEOF_UCHAR.c:
#include <sys/types.h>
#include <stdint.h>
#include <stddef.h>
#include "sys/types.h"


#undef KEY
#if defined(__i386)
# define KEY '_','_','i','3','8','6'
#elif defined(__x86_64)
# define KEY '_','_','x','8','6','_','6','4'
#elif defined(__ppc__)
# define KEY '_','_','p','p','c','_','_'
#elif defined(__ppc64__)
# define KEY '_','_','p','p','c','6','4','_','_'
#elif defined(__aarch64__)
# define KEY '_','_','a','a','r','c','h','6','4','_','_'
#elif defined(__ARM_ARCH_7A__)
# define KEY '_','_','A','R','M','_','A','R','C','H','_','7','A','_','_'
#elif defined(__ARM_ARCH_7S__)
# define KEY '_','_','A','R','M','_','A','R','C','H','_','7','S','_','_'
#endif

#define SIZE (sizeof(uchar))
static char info_size[] =  {'I', 'N', 'F', 'O', ':', 's','i','z','e','[',
  ('0' + ((SIZE / 10000)%10)),
  ('0' + ((SIZE / 1000)%10)),
  ('0' + ((SIZE / 100)%10)),
  ('0' + ((SIZE / 10)%10)),
  ('0' +  (SIZE    % 10)),
  ']',
#ifdef KEY
  ' ','k','e','y','[', KEY, ']',
#endif
  '\0'};

#ifdef __CLASSIC_C__
int main(argc, argv) int argc; char *argv[];
#else
int main(int argc, char *argv[])
#endif
{
  int require = 0;
  require += info_size[argc];
  (void)argv;
  return require;
}


Determining size of ulong failed with the following output:
Change Dir: /Users/junminkim/Workspace/DataBase/External-Library/mariadb-connector-c-3.1.6-src/CMakeFiles/CMakeTmp

Run Build Command(s):/usr/bin/make cmTC_f3366/fast && /Library/Developer/CommandLineTools/usr/bin/make -f CMakeFiles/cmTC_f3366.dir/build.make CMakeFiles/cmTC_f3366.dir/build
Building C object CMakeFiles/cmTC_f3366.dir/SIZEOF_ULONG.c.o
/Library/Developer/CommandLineTools/usr/bin/cc   -isysroot /Library/Developer/CommandLineTools/SDKs/MacOSX10.15.sdk   -o CMakeFiles/cmTC_f3366.dir/SIZEOF_ULONG.c.o   -c /Users/junminkim/Workspace/DataBase/External-Library/mariadb-connector-c-3.1.6-src/CMakeFiles/CheckTypeSize/SIZEOF_ULONG.c
/Users/junminkim/Workspace/DataBase/External-Library/mariadb-connector-c-3.1.6-src/CMakeFiles/CheckTypeSize/SIZEOF_ULONG.c:26:12: error: use of undeclared identifier 'ulong'; did you mean 'long'?
  ('0' + ((SIZE / 10000)%10)),
           ^
/Users/junminkim/Workspace/DataBase/External-Library/mariadb-connector-c-3.1.6-src/CMakeFiles/CheckTypeSize/SIZEOF_ULONG.c:24:22: note: expanded from macro 'SIZE'
#define SIZE (sizeof(ulong))
                     ^
/Users/junminkim/Workspace/DataBase/External-Library/mariadb-connector-c-3.1.6-src/CMakeFiles/CheckTypeSize/SIZEOF_ULONG.c:26:12: error: reference to overloaded function could not be resolved; did you mean to call it?
  ('0' + ((SIZE / 10000)%10)),
           ^~~~
/Users/junminkim/Workspace/DataBase/External-Library/mariadb-connector-c-3.1.6-src/CMakeFiles/CheckTypeSize/SIZEOF_ULONG.c:24:21: note: expanded from macro 'SIZE'
#define SIZE (sizeof(ulong))
                    ^~~~~~~
/Users/junminkim/Workspace/DataBase/External-Library/mariadb-connector-c-3.1.6-src/CMakeFiles/CheckTypeSize/SIZEOF_ULONG.c:27:12: error: use of undeclared identifier 'ulong'; did you mean 'long'?
  ('0' + ((SIZE / 1000)%10)),
           ^
/Users/junminkim/Workspace/DataBase/External-Library/mariadb-connector-c-3.1.6-src/CMakeFiles/CheckTypeSize/SIZEOF_ULONG.c:24:22: note: expanded from macro 'SIZE'
#define SIZE (sizeof(ulong))
                     ^
/Users/junminkim/Workspace/DataBase/External-Library/mariadb-connector-c-3.1.6-src/CMakeFiles/CheckTypeSize/SIZEOF_ULONG.c:27:12: error: reference to overloaded function could not be resolved; did you mean to call it?
  ('0' + ((SIZE / 1000)%10)),
           ^~~~
/Users/junminkim/Workspace/DataBase/External-Library/mariadb-connector-c-3.1.6-src/CMakeFiles/CheckTypeSize/SIZEOF_ULONG.c:24:21: note: expanded from macro 'SIZE'
#define SIZE (sizeof(ulong))
                    ^~~~~~~
/Users/junminkim/Workspace/DataBase/External-Library/mariadb-connector-c-3.1.6-src/CMakeFiles/CheckTypeSize/SIZEOF_ULONG.c:28:12: error: use of undeclared identifier 'ulong'; did you mean 'long'?
  ('0' + ((SIZE / 100)%10)),
           ^
/Users/junminkim/Workspace/DataBase/External-Library/mariadb-connector-c-3.1.6-src/CMakeFiles/CheckTypeSize/SIZEOF_ULONG.c:24:22: note: expanded from macro 'SIZE'
#define SIZE (sizeof(ulong))
                     ^
/Users/junminkim/Workspace/DataBase/External-Library/mariadb-connector-c-3.1.6-src/CMakeFiles/CheckTypeSize/SIZEOF_ULONG.c:28:12: error: reference to overloaded function could not be resolved; did you mean to call it?
  ('0' + ((SIZE / 100)%10)),
           ^~~~
/Users/junminkim/Workspace/DataBase/External-Library/mariadb-connector-c-3.1.6-src/CMakeFiles/CheckTypeSize/SIZEOF_ULONG.c:24:21: note: expanded from macro 'SIZE'
#define SIZE (sizeof(ulong))
                    ^~~~~~~
/Users/junminkim/Workspace/DataBase/External-Library/mariadb-connector-c-3.1.6-src/CMakeFiles/CheckTypeSize/SIZEOF_ULONG.c:29:12: error: use of undeclared identifier 'ulong'; did you mean 'long'?
  ('0' + ((SIZE / 10)%10)),
           ^
/Users/junminkim/Workspace/DataBase/External-Library/mariadb-connector-c-3.1.6-src/CMakeFiles/CheckTypeSize/SIZEOF_ULONG.c:24:22: note: expanded from macro 'SIZE'
#define SIZE (sizeof(ulong))
                     ^
/Users/junminkim/Workspace/DataBase/External-Library/mariadb-connector-c-3.1.6-src/CMakeFiles/CheckTypeSize/SIZEOF_ULONG.c:29:12: error: reference to overloaded function could not be resolved; did you mean to call it?
  ('0' + ((SIZE / 10)%10)),
           ^~~~
/Users/junminkim/Workspace/DataBase/External-Library/mariadb-connector-c-3.1.6-src/CMakeFiles/CheckTypeSize/SIZEOF_ULONG.c:24:21: note: expanded from macro 'SIZE'
#define SIZE (sizeof(ulong))
                    ^~~~~~~
/Users/junminkim/Workspace/DataBase/External-Library/mariadb-connector-c-3.1.6-src/CMakeFiles/CheckTypeSize/SIZEOF_ULONG.c:30:12: error: use of undeclared identifier 'ulong'; did you mean 'long'?
  ('0' +  (SIZE    % 10)),
           ^
/Users/junminkim/Workspace/DataBase/External-Library/mariadb-connector-c-3.1.6-src/CMakeFiles/CheckTypeSize/SIZEOF_ULONG.c:24:22: note: expanded from macro 'SIZE'
#define SIZE (sizeof(ulong))
                     ^
/Users/junminkim/Workspace/DataBase/External-Library/mariadb-connector-c-3.1.6-src/CMakeFiles/CheckTypeSize/SIZEOF_ULONG.c:30:12: error: reference to overloaded function could not be resolved; did you mean to call it?
  ('0' +  (SIZE    % 10)),
           ^~~~
/Users/junminkim/Workspace/DataBase/External-Library/mariadb-connector-c-3.1.6-src/CMakeFiles/CheckTypeSize/SIZEOF_ULONG.c:24:21: note: expanded from macro 'SIZE'
#define SIZE (sizeof(ulong))
                    ^~~~~~~
10 errors generated.
make[1]: *** [CMakeFiles/cmTC_f3366.dir/SIZEOF_ULONG.c.o] Error 1
make: *** [cmTC_f3366/fast] Error 2


/Users/junminkim/Workspace/DataBase/External-Library/mariadb-connector-c-3.1.6-src/CMakeFiles/CheckTypeSize/SIZEOF_ULONG.c:
#include <sys/types.h>
#include <stdint.h>
#include <stddef.h>
#include "sys/types.h"


#undef KEY
#if defined(__i386)
# define KEY '_','_','i','3','8','6'
#elif defined(__x86_64)
# define KEY '_','_','x','8','6','_','6','4'
#elif defined(__ppc__)
# define KEY '_','_','p','p','c','_','_'
#elif defined(__ppc64__)
# define KEY '_','_','p','p','c','6','4','_','_'
#elif defined(__aarch64__)
# define KEY '_','_','a','a','r','c','h','6','4','_','_'
#elif defined(__ARM_ARCH_7A__)
# define KEY '_','_','A','R','M','_','A','R','C','H','_','7','A','_','_'
#elif defined(__ARM_ARCH_7S__)
# define KEY '_','_','A','R','M','_','A','R','C','H','_','7','S','_','_'
#endif

#define SIZE (sizeof(ulong))
static char info_size[] =  {'I', 'N', 'F', 'O', ':', 's','i','z','e','[',
  ('0' + ((SIZE / 10000)%10)),
  ('0' + ((SIZE / 1000)%10)),
  ('0' + ((SIZE / 100)%10)),
  ('0' + ((SIZE / 10)%10)),
  ('0' +  (SIZE    % 10)),
  ']',
#ifdef KEY
  ' ','k','e','y','[', KEY, ']',
#endif
  '\0'};

#ifdef __CLASSIC_C__
int main(argc, argv) int argc; char *argv[];
#else
int main(int argc, char *argv[])
#endif
{
  int require = 0;
  require += info_size[argc];
  (void)argv;
  return require;
}


Determining size of int8 failed with the following output:
Change Dir: /Users/junminkim/Workspace/DataBase/External-Library/mariadb-connector-c-3.1.6-src/CMakeFiles/CMakeTmp

Run Build Command(s):/usr/bin/make cmTC_73618/fast && /Library/Developer/CommandLineTools/usr/bin/make -f CMakeFiles/cmTC_73618.dir/build.make CMakeFiles/cmTC_73618.dir/build
Building C object CMakeFiles/cmTC_73618.dir/SIZEOF_INT8.c.o
/Library/Developer/CommandLineTools/usr/bin/cc   -isysroot /Library/Developer/CommandLineTools/SDKs/MacOSX10.15.sdk   -o CMakeFiles/cmTC_73618.dir/SIZEOF_INT8.c.o   -c /Users/junminkim/Workspace/DataBase/External-Library/mariadb-connector-c-3.1.6-src/CMakeFiles/CheckTypeSize/SIZEOF_INT8.c
/Users/junminkim/Workspace/DataBase/External-Library/mariadb-connector-c-3.1.6-src/CMakeFiles/CheckTypeSize/SIZEOF_INT8.c:26:12: error: use of undeclared identifier 'int8'; did you mean 'int'?
  ('0' + ((SIZE / 10000)%10)),
           ^
/Users/junminkim/Workspace/DataBase/External-Library/mariadb-connector-c-3.1.6-src/CMakeFiles/CheckTypeSize/SIZEOF_INT8.c:24:22: note: expanded from macro 'SIZE'
#define SIZE (sizeof(int8))
                     ^
/Users/junminkim/Workspace/DataBase/External-Library/mariadb-connector-c-3.1.6-src/CMakeFiles/CheckTypeSize/SIZEOF_INT8.c:26:12: error: reference to overloaded function could not be resolved; did you mean to call it?
  ('0' + ((SIZE / 10000)%10)),
           ^~~~
/Users/junminkim/Workspace/DataBase/External-Library/mariadb-connector-c-3.1.6-src/CMakeFiles/CheckTypeSize/SIZEOF_INT8.c:24:21: note: expanded from macro 'SIZE'
#define SIZE (sizeof(int8))
                    ^~~~~~
/Users/junminkim/Workspace/DataBase/External-Library/mariadb-connector-c-3.1.6-src/CMakeFiles/CheckTypeSize/SIZEOF_INT8.c:27:12: error: use of undeclared identifier 'int8'; did you mean 'int'?
  ('0' + ((SIZE / 1000)%10)),
           ^
/Users/junminkim/Workspace/DataBase/External-Library/mariadb-connector-c-3.1.6-src/CMakeFiles/CheckTypeSize/SIZEOF_INT8.c:24:22: note: expanded from macro 'SIZE'
#define SIZE (sizeof(int8))
                     ^
/Users/junminkim/Workspace/DataBase/External-Library/mariadb-connector-c-3.1.6-src/CMakeFiles/CheckTypeSize/SIZEOF_INT8.c:27:12: error: reference to overloaded function could not be resolved; did you mean to call it?
  ('0' + ((SIZE / 1000)%10)),
           ^~~~
/Users/junminkim/Workspace/DataBase/External-Library/mariadb-connector-c-3.1.6-src/CMakeFiles/CheckTypeSize/SIZEOF_INT8.c:24:21: note: expanded from macro 'SIZE'
#define SIZE (sizeof(int8))
                    ^~~~~~
/Users/junminkim/Workspace/DataBase/External-Library/mariadb-connector-c-3.1.6-src/CMakeFiles/CheckTypeSize/SIZEOF_INT8.c:28:12: error: use of undeclared identifier 'int8'; did you mean 'int'?
  ('0' + ((SIZE / 100)%10)),
           ^
/Users/junminkim/Workspace/DataBase/External-Library/mariadb-connector-c-3.1.6-src/CMakeFiles/CheckTypeSize/SIZEOF_INT8.c:24:22: note: expanded from macro 'SIZE'
#define SIZE (sizeof(int8))
                     ^
/Users/junminkim/Workspace/DataBase/External-Library/mariadb-connector-c-3.1.6-src/CMakeFiles/CheckTypeSize/SIZEOF_INT8.c:28:12: error: reference to overloaded function could not be resolved; did you mean to call it?
  ('0' + ((SIZE / 100)%10)),
           ^~~~
/Users/junminkim/Workspace/DataBase/External-Library/mariadb-connector-c-3.1.6-src/CMakeFiles/CheckTypeSize/SIZEOF_INT8.c:24:21: note: expanded from macro 'SIZE'
#define SIZE (sizeof(int8))
                    ^~~~~~
/Users/junminkim/Workspace/DataBase/External-Library/mariadb-connector-c-3.1.6-src/CMakeFiles/CheckTypeSize/SIZEOF_INT8.c:29:12: error: use of undeclared identifier 'int8'; did you mean 'int'?
  ('0' + ((SIZE / 10)%10)),
           ^
/Users/junminkim/Workspace/DataBase/External-Library/mariadb-connector-c-3.1.6-src/CMakeFiles/CheckTypeSize/SIZEOF_INT8.c:24:22: note: expanded from macro 'SIZE'
#define SIZE (sizeof(int8))
                     ^
/Users/junminkim/Workspace/DataBase/External-Library/mariadb-connector-c-3.1.6-src/CMakeFiles/CheckTypeSize/SIZEOF_INT8.c:29:12: error: reference to overloaded function could not be resolved; did you mean to call it?
  ('0' + ((SIZE / 10)%10)),
           ^~~~
/Users/junminkim/Workspace/DataBase/External-Library/mariadb-connector-c-3.1.6-src/CMakeFiles/CheckTypeSize/SIZEOF_INT8.c:24:21: note: expanded from macro 'SIZE'
#define SIZE (sizeof(int8))
                    ^~~~~~
/Users/junminkim/Workspace/DataBase/External-Library/mariadb-connector-c-3.1.6-src/CMakeFiles/CheckTypeSize/SIZEOF_INT8.c:30:12: error: use of undeclared identifier 'int8'; did you mean 'int'?
  ('0' +  (SIZE    % 10)),
           ^
/Users/junminkim/Workspace/DataBase/External-Library/mariadb-connector-c-3.1.6-src/CMakeFiles/CheckTypeSize/SIZEOF_INT8.c:24:22: note: expanded from macro 'SIZE'
#define SIZE (sizeof(int8))
                     ^
/Users/junminkim/Workspace/DataBase/External-Library/mariadb-connector-c-3.1.6-src/CMakeFiles/CheckTypeSize/SIZEOF_INT8.c:30:12: error: reference to overloaded function could not be resolved; did you mean to call it?
  ('0' +  (SIZE    % 10)),
           ^~~~
/Users/junminkim/Workspace/DataBase/External-Library/mariadb-connector-c-3.1.6-src/CMakeFiles/CheckTypeSize/SIZEOF_INT8.c:24:21: note: expanded from macro 'SIZE'
#define SIZE (sizeof(int8))
                    ^~~~~~
10 errors generated.
make[1]: *** [CMakeFiles/cmTC_73618.dir/SIZEOF_INT8.c.o] Error 1
make: *** [cmTC_73618/fast] Error 2


/Users/junminkim/Workspace/DataBase/External-Library/mariadb-connector-c-3.1.6-src/CMakeFiles/CheckTypeSize/SIZEOF_INT8.c:
#include <sys/types.h>
#include <stdint.h>
#include <stddef.h>
#include "sys/types.h"


#undef KEY
#if defined(__i386)
# define KEY '_','_','i','3','8','6'
#elif defined(__x86_64)
# define KEY '_','_','x','8','6','_','6','4'
#elif defined(__ppc__)
# define KEY '_','_','p','p','c','_','_'
#elif defined(__ppc64__)
# define KEY '_','_','p','p','c','6','4','_','_'
#elif defined(__aarch64__)
# define KEY '_','_','a','a','r','c','h','6','4','_','_'
#elif defined(__ARM_ARCH_7A__)
# define KEY '_','_','A','R','M','_','A','R','C','H','_','7','A','_','_'
#elif defined(__ARM_ARCH_7S__)
# define KEY '_','_','A','R','M','_','A','R','C','H','_','7','S','_','_'
#endif

#define SIZE (sizeof(int8))
static char info_size[] =  {'I', 'N', 'F', 'O', ':', 's','i','z','e','[',
  ('0' + ((SIZE / 10000)%10)),
  ('0' + ((SIZE / 1000)%10)),
  ('0' + ((SIZE / 100)%10)),
  ('0' + ((SIZE / 10)%10)),
  ('0' +  (SIZE    % 10)),
  ']',
#ifdef KEY
  ' ','k','e','y','[', KEY, ']',
#endif
  '\0'};

#ifdef __CLASSIC_C__
int main(argc, argv) int argc; char *argv[];
#else
int main(int argc, char *argv[])
#endif
{
  int require = 0;
  require += info_size[argc];
  (void)argv;
  return require;
}


Determining size of uint8 failed with the following output:
Change Dir: /Users/junminkim/Workspace/DataBase/External-Library/mariadb-connector-c-3.1.6-src/CMakeFiles/CMakeTmp

Run Build Command(s):/usr/bin/make cmTC_c83bb/fast && /Library/Developer/CommandLineTools/usr/bin/make -f CMakeFiles/cmTC_c83bb.dir/build.make CMakeFiles/cmTC_c83bb.dir/build
Building C object CMakeFiles/cmTC_c83bb.dir/SIZEOF_UINT8.c.o
/Library/Developer/CommandLineTools/usr/bin/cc   -isysroot /Library/Developer/CommandLineTools/SDKs/MacOSX10.15.sdk   -o CMakeFiles/cmTC_c83bb.dir/SIZEOF_UINT8.c.o   -c /Users/junminkim/Workspace/DataBase/External-Library/mariadb-connector-c-3.1.6-src/CMakeFiles/CheckTypeSize/SIZEOF_UINT8.c
/Users/junminkim/Workspace/DataBase/External-Library/mariadb-connector-c-3.1.6-src/CMakeFiles/CheckTypeSize/SIZEOF_UINT8.c:26:12: error: use of undeclared identifier 'uint8'
  ('0' + ((SIZE / 10000)%10)),
           ^
/Users/junminkim/Workspace/DataBase/External-Library/mariadb-connector-c-3.1.6-src/CMakeFiles/CheckTypeSize/SIZEOF_UINT8.c:24:22: note: expanded from macro 'SIZE'
#define SIZE (sizeof(uint8))
                     ^
/Users/junminkim/Workspace/DataBase/External-Library/mariadb-connector-c-3.1.6-src/CMakeFiles/CheckTypeSize/SIZEOF_UINT8.c:27:12: error: use of undeclared identifier 'uint8'
  ('0' + ((SIZE / 1000)%10)),
           ^
/Users/junminkim/Workspace/DataBase/External-Library/mariadb-connector-c-3.1.6-src/CMakeFiles/CheckTypeSize/SIZEOF_UINT8.c:24:22: note: expanded from macro 'SIZE'
#define SIZE (sizeof(uint8))
                     ^
/Users/junminkim/Workspace/DataBase/External-Library/mariadb-connector-c-3.1.6-src/CMakeFiles/CheckTypeSize/SIZEOF_UINT8.c:28:12: error: use of undeclared identifier 'uint8'
  ('0' + ((SIZE / 100)%10)),
           ^
/Users/junminkim/Workspace/DataBase/External-Library/mariadb-connector-c-3.1.6-src/CMakeFiles/CheckTypeSize/SIZEOF_UINT8.c:24:22: note: expanded from macro 'SIZE'
#define SIZE (sizeof(uint8))
                     ^
/Users/junminkim/Workspace/DataBase/External-Library/mariadb-connector-c-3.1.6-src/CMakeFiles/CheckTypeSize/SIZEOF_UINT8.c:29:12: error: use of undeclared identifier 'uint8'
  ('0' + ((SIZE / 10)%10)),
           ^
/Users/junminkim/Workspace/DataBase/External-Library/mariadb-connector-c-3.1.6-src/CMakeFiles/CheckTypeSize/SIZEOF_UINT8.c:24:22: note: expanded from macro 'SIZE'
#define SIZE (sizeof(uint8))
                     ^
/Users/junminkim/Workspace/DataBase/External-Library/mariadb-connector-c-3.1.6-src/CMakeFiles/CheckTypeSize/SIZEOF_UINT8.c:30:12: error: use of undeclared identifier 'uint8'
  ('0' +  (SIZE    % 10)),
           ^
/Users/junminkim/Workspace/DataBase/External-Library/mariadb-connector-c-3.1.6-src/CMakeFiles/CheckTypeSize/SIZEOF_UINT8.c:24:22: note: expanded from macro 'SIZE'
#define SIZE (sizeof(uint8))
                     ^
5 errors generated.
make[1]: *** [CMakeFiles/cmTC_c83bb.dir/SIZEOF_UINT8.c.o] Error 1
make: *** [cmTC_c83bb/fast] Error 2


/Users/junminkim/Workspace/DataBase/External-Library/mariadb-connector-c-3.1.6-src/CMakeFiles/CheckTypeSize/SIZEOF_UINT8.c:
#include <sys/types.h>
#include <stdint.h>
#include <stddef.h>
#include "sys/types.h"


#undef KEY
#if defined(__i386)
# define KEY '_','_','i','3','8','6'
#elif defined(__x86_64)
# define KEY '_','_','x','8','6','_','6','4'
#elif defined(__ppc__)
# define KEY '_','_','p','p','c','_','_'
#elif defined(__ppc64__)
# define KEY '_','_','p','p','c','6','4','_','_'
#elif defined(__aarch64__)
# define KEY '_','_','a','a','r','c','h','6','4','_','_'
#elif defined(__ARM_ARCH_7A__)
# define KEY '_','_','A','R','M','_','A','R','C','H','_','7','A','_','_'
#elif defined(__ARM_ARCH_7S__)
# define KEY '_','_','A','R','M','_','A','R','C','H','_','7','S','_','_'
#endif

#define SIZE (sizeof(uint8))
static char info_size[] =  {'I', 'N', 'F', 'O', ':', 's','i','z','e','[',
  ('0' + ((SIZE / 10000)%10)),
  ('0' + ((SIZE / 1000)%10)),
  ('0' + ((SIZE / 100)%10)),
  ('0' + ((SIZE / 10)%10)),
  ('0' +  (SIZE    % 10)),
  ']',
#ifdef KEY
  ' ','k','e','y','[', KEY, ']',
#endif
  '\0'};

#ifdef __CLASSIC_C__
int main(argc, argv) int argc; char *argv[];
#else
int main(int argc, char *argv[])
#endif
{
  int require = 0;
  require += info_size[argc];
  (void)argv;
  return require;
}


Determining size of int16 failed with the following output:
Change Dir: /Users/junminkim/Workspace/DataBase/External-Library/mariadb-connector-c-3.1.6-src/CMakeFiles/CMakeTmp

Run Build Command(s):/usr/bin/make cmTC_e8028/fast && /Library/Developer/CommandLineTools/usr/bin/make -f CMakeFiles/cmTC_e8028.dir/build.make CMakeFiles/cmTC_e8028.dir/build
Building C object CMakeFiles/cmTC_e8028.dir/SIZEOF_INT16.c.o
/Library/Developer/CommandLineTools/usr/bin/cc   -isysroot /Library/Developer/CommandLineTools/SDKs/MacOSX10.15.sdk   -o CMakeFiles/cmTC_e8028.dir/SIZEOF_INT16.c.o   -c /Users/junminkim/Workspace/DataBase/External-Library/mariadb-connector-c-3.1.6-src/CMakeFiles/CheckTypeSize/SIZEOF_INT16.c
/Users/junminkim/Workspace/DataBase/External-Library/mariadb-connector-c-3.1.6-src/CMakeFiles/CheckTypeSize/SIZEOF_INT16.c:26:12: error: use of undeclared identifier 'int16'
  ('0' + ((SIZE / 10000)%10)),
           ^
/Users/junminkim/Workspace/DataBase/External-Library/mariadb-connector-c-3.1.6-src/CMakeFiles/CheckTypeSize/SIZEOF_INT16.c:24:22: note: expanded from macro 'SIZE'
#define SIZE (sizeof(int16))
                     ^
/Users/junminkim/Workspace/DataBase/External-Library/mariadb-connector-c-3.1.6-src/CMakeFiles/CheckTypeSize/SIZEOF_INT16.c:27:12: error: use of undeclared identifier 'int16'
  ('0' + ((SIZE / 1000)%10)),
           ^
/Users/junminkim/Workspace/DataBase/External-Library/mariadb-connector-c-3.1.6-src/CMakeFiles/CheckTypeSize/SIZEOF_INT16.c:24:22: note: expanded from macro 'SIZE'
#define SIZE (sizeof(int16))
                     ^
/Users/junminkim/Workspace/DataBase/External-Library/mariadb-connector-c-3.1.6-src/CMakeFiles/CheckTypeSize/SIZEOF_INT16.c:28:12: error: use of undeclared identifier 'int16'
  ('0' + ((SIZE / 100)%10)),
           ^
/Users/junminkim/Workspace/DataBase/External-Library/mariadb-connector-c-3.1.6-src/CMakeFiles/CheckTypeSize/SIZEOF_INT16.c:24:22: note: expanded from macro 'SIZE'
#define SIZE (sizeof(int16))
                     ^
/Users/junminkim/Workspace/DataBase/External-Library/mariadb-connector-c-3.1.6-src/CMakeFiles/CheckTypeSize/SIZEOF_INT16.c:29:12: error: use of undeclared identifier 'int16'
  ('0' + ((SIZE / 10)%10)),
           ^
/Users/junminkim/Workspace/DataBase/External-Library/mariadb-connector-c-3.1.6-src/CMakeFiles/CheckTypeSize/SIZEOF_INT16.c:24:22: note: expanded from macro 'SIZE'
#define SIZE (sizeof(int16))
                     ^
/Users/junminkim/Workspace/DataBase/External-Library/mariadb-connector-c-3.1.6-src/CMakeFiles/CheckTypeSize/SIZEOF_INT16.c:30:12: error: use of undeclared identifier 'int16'
  ('0' +  (SIZE    % 10)),
           ^
/Users/junminkim/Workspace/DataBase/External-Library/mariadb-connector-c-3.1.6-src/CMakeFiles/CheckTypeSize/SIZEOF_INT16.c:24:22: note: expanded from macro 'SIZE'
#define SIZE (sizeof(int16))
                     ^
5 errors generated.
make[1]: *** [CMakeFiles/cmTC_e8028.dir/SIZEOF_INT16.c.o] Error 1
make: *** [cmTC_e8028/fast] Error 2


/Users/junminkim/Workspace/DataBase/External-Library/mariadb-connector-c-3.1.6-src/CMakeFiles/CheckTypeSize/SIZEOF_INT16.c:
#include <sys/types.h>
#include <stdint.h>
#include <stddef.h>
#include "sys/types.h"


#undef KEY
#if defined(__i386)
# define KEY '_','_','i','3','8','6'
#elif defined(__x86_64)
# define KEY '_','_','x','8','6','_','6','4'
#elif defined(__ppc__)
# define KEY '_','_','p','p','c','_','_'
#elif defined(__ppc64__)
# define KEY '_','_','p','p','c','6','4','_','_'
#elif defined(__aarch64__)
# define KEY '_','_','a','a','r','c','h','6','4','_','_'
#elif defined(__ARM_ARCH_7A__)
# define KEY '_','_','A','R','M','_','A','R','C','H','_','7','A','_','_'
#elif defined(__ARM_ARCH_7S__)
# define KEY '_','_','A','R','M','_','A','R','C','H','_','7','S','_','_'
#endif

#define SIZE (sizeof(int16))
static char info_size[] =  {'I', 'N', 'F', 'O', ':', 's','i','z','e','[',
  ('0' + ((SIZE / 10000)%10)),
  ('0' + ((SIZE / 1000)%10)),
  ('0' + ((SIZE / 100)%10)),
  ('0' + ((SIZE / 10)%10)),
  ('0' +  (SIZE    % 10)),
  ']',
#ifdef KEY
  ' ','k','e','y','[', KEY, ']',
#endif
  '\0'};

#ifdef __CLASSIC_C__
int main(argc, argv) int argc; char *argv[];
#else
int main(int argc, char *argv[])
#endif
{
  int require = 0;
  require += info_size[argc];
  (void)argv;
  return require;
}


Determining size of uint16 failed with the following output:
Change Dir: /Users/junminkim/Workspace/DataBase/External-Library/mariadb-connector-c-3.1.6-src/CMakeFiles/CMakeTmp

Run Build Command(s):/usr/bin/make cmTC_5c4bf/fast && /Library/Developer/CommandLineTools/usr/bin/make -f CMakeFiles/cmTC_5c4bf.dir/build.make CMakeFiles/cmTC_5c4bf.dir/build
Building C object CMakeFiles/cmTC_5c4bf.dir/SIZEOF_UINT16.c.o
/Library/Developer/CommandLineTools/usr/bin/cc   -isysroot /Library/Developer/CommandLineTools/SDKs/MacOSX10.15.sdk   -o CMakeFiles/cmTC_5c4bf.dir/SIZEOF_UINT16.c.o   -c /Users/junminkim/Workspace/DataBase/External-Library/mariadb-connector-c-3.1.6-src/CMakeFiles/CheckTypeSize/SIZEOF_UINT16.c
/Users/junminkim/Workspace/DataBase/External-Library/mariadb-connector-c-3.1.6-src/CMakeFiles/CheckTypeSize/SIZEOF_UINT16.c:26:12: error: use of undeclared identifier 'uint16'
  ('0' + ((SIZE / 10000)%10)),
           ^
/Users/junminkim/Workspace/DataBase/External-Library/mariadb-connector-c-3.1.6-src/CMakeFiles/CheckTypeSize/SIZEOF_UINT16.c:24:22: note: expanded from macro 'SIZE'
#define SIZE (sizeof(uint16))
                     ^
/Users/junminkim/Workspace/DataBase/External-Library/mariadb-connector-c-3.1.6-src/CMakeFiles/CheckTypeSize/SIZEOF_UINT16.c:27:12: error: use of undeclared identifier 'uint16'
  ('0' + ((SIZE / 1000)%10)),
           ^
/Users/junminkim/Workspace/DataBase/External-Library/mariadb-connector-c-3.1.6-src/CMakeFiles/CheckTypeSize/SIZEOF_UINT16.c:24:22: note: expanded from macro 'SIZE'
#define SIZE (sizeof(uint16))
                     ^
/Users/junminkim/Workspace/DataBase/External-Library/mariadb-connector-c-3.1.6-src/CMakeFiles/CheckTypeSize/SIZEOF_UINT16.c:28:12: error: use of undeclared identifier 'uint16'
  ('0' + ((SIZE / 100)%10)),
           ^
/Users/junminkim/Workspace/DataBase/External-Library/mariadb-connector-c-3.1.6-src/CMakeFiles/CheckTypeSize/SIZEOF_UINT16.c:24:22: note: expanded from macro 'SIZE'
#define SIZE (sizeof(uint16))
                     ^
/Users/junminkim/Workspace/DataBase/External-Library/mariadb-connector-c-3.1.6-src/CMakeFiles/CheckTypeSize/SIZEOF_UINT16.c:29:12: error: use of undeclared identifier 'uint16'
  ('0' + ((SIZE / 10)%10)),
           ^
/Users/junminkim/Workspace/DataBase/External-Library/mariadb-connector-c-3.1.6-src/CMakeFiles/CheckTypeSize/SIZEOF_UINT16.c:24:22: note: expanded from macro 'SIZE'
#define SIZE (sizeof(uint16))
                     ^
/Users/junminkim/Workspace/DataBase/External-Library/mariadb-connector-c-3.1.6-src/CMakeFiles/CheckTypeSize/SIZEOF_UINT16.c:30:12: error: use of undeclared identifier 'uint16'
  ('0' +  (SIZE    % 10)),
           ^
/Users/junminkim/Workspace/DataBase/External-Library/mariadb-connector-c-3.1.6-src/CMakeFiles/CheckTypeSize/SIZEOF_UINT16.c:24:22: note: expanded from macro 'SIZE'
#define SIZE (sizeof(uint16))
                     ^
5 errors generated.
make[1]: *** [CMakeFiles/cmTC_5c4bf.dir/SIZEOF_UINT16.c.o] Error 1
make: *** [cmTC_5c4bf/fast] Error 2


/Users/junminkim/Workspace/DataBase/External-Library/mariadb-connector-c-3.1.6-src/CMakeFiles/CheckTypeSize/SIZEOF_UINT16.c:
#include <sys/types.h>
#include <stdint.h>
#include <stddef.h>
#include "sys/types.h"


#undef KEY
#if defined(__i386)
# define KEY '_','_','i','3','8','6'
#elif defined(__x86_64)
# define KEY '_','_','x','8','6','_','6','4'
#elif defined(__ppc__)
# define KEY '_','_','p','p','c','_','_'
#elif defined(__ppc64__)
# define KEY '_','_','p','p','c','6','4','_','_'
#elif defined(__aarch64__)
# define KEY '_','_','a','a','r','c','h','6','4','_','_'
#elif defined(__ARM_ARCH_7A__)
# define KEY '_','_','A','R','M','_','A','R','C','H','_','7','A','_','_'
#elif defined(__ARM_ARCH_7S__)
# define KEY '_','_','A','R','M','_','A','R','C','H','_','7','S','_','_'
#endif

#define SIZE (sizeof(uint16))
static char info_size[] =  {'I', 'N', 'F', 'O', ':', 's','i','z','e','[',
  ('0' + ((SIZE / 10000)%10)),
  ('0' + ((SIZE / 1000)%10)),
  ('0' + ((SIZE / 100)%10)),
  ('0' + ((SIZE / 10)%10)),
  ('0' +  (SIZE    % 10)),
  ']',
#ifdef KEY
  ' ','k','e','y','[', KEY, ']',
#endif
  '\0'};

#ifdef __CLASSIC_C__
int main(argc, argv) int argc; char *argv[];
#else
int main(int argc, char *argv[])
#endif
{
  int require = 0;
  require += info_size[argc];
  (void)argv;
  return require;
}


Determining size of int32 failed with the following output:
Change Dir: /Users/junminkim/Workspace/DataBase/External-Library/mariadb-connector-c-3.1.6-src/CMakeFiles/CMakeTmp

Run Build Command(s):/usr/bin/make cmTC_20be3/fast && /Library/Developer/CommandLineTools/usr/bin/make -f CMakeFiles/cmTC_20be3.dir/build.make CMakeFiles/cmTC_20be3.dir/build
Building C object CMakeFiles/cmTC_20be3.dir/SIZEOF_INT32.c.o
/Library/Developer/CommandLineTools/usr/bin/cc   -isysroot /Library/Developer/CommandLineTools/SDKs/MacOSX10.15.sdk   -o CMakeFiles/cmTC_20be3.dir/SIZEOF_INT32.c.o   -c /Users/junminkim/Workspace/DataBase/External-Library/mariadb-connector-c-3.1.6-src/CMakeFiles/CheckTypeSize/SIZEOF_INT32.c
/Users/junminkim/Workspace/DataBase/External-Library/mariadb-connector-c-3.1.6-src/CMakeFiles/CheckTypeSize/SIZEOF_INT32.c:26:12: error: use of undeclared identifier 'int32'
  ('0' + ((SIZE / 10000)%10)),
           ^
/Users/junminkim/Workspace/DataBase/External-Library/mariadb-connector-c-3.1.6-src/CMakeFiles/CheckTypeSize/SIZEOF_INT32.c:24:22: note: expanded from macro 'SIZE'
#define SIZE (sizeof(int32))
                     ^
/Users/junminkim/Workspace/DataBase/External-Library/mariadb-connector-c-3.1.6-src/CMakeFiles/CheckTypeSize/SIZEOF_INT32.c:27:12: error: use of undeclared identifier 'int32'
  ('0' + ((SIZE / 1000)%10)),
           ^
/Users/junminkim/Workspace/DataBase/External-Library/mariadb-connector-c-3.1.6-src/CMakeFiles/CheckTypeSize/SIZEOF_INT32.c:24:22: note: expanded from macro 'SIZE'
#define SIZE (sizeof(int32))
                     ^
/Users/junminkim/Workspace/DataBase/External-Library/mariadb-connector-c-3.1.6-src/CMakeFiles/CheckTypeSize/SIZEOF_INT32.c:28:12: error: use of undeclared identifier 'int32'
  ('0' + ((SIZE / 100)%10)),
           ^
/Users/junminkim/Workspace/DataBase/External-Library/mariadb-connector-c-3.1.6-src/CMakeFiles/CheckTypeSize/SIZEOF_INT32.c:24:22: note: expanded from macro 'SIZE'
#define SIZE (sizeof(int32))
                     ^
/Users/junminkim/Workspace/DataBase/External-Library/mariadb-connector-c-3.1.6-src/CMakeFiles/CheckTypeSize/SIZEOF_INT32.c:29:12: error: use of undeclared identifier 'int32'
  ('0' + ((SIZE / 10)%10)),
           ^
/Users/junminkim/Workspace/DataBase/External-Library/mariadb-connector-c-3.1.6-src/CMakeFiles/CheckTypeSize/SIZEOF_INT32.c:24:22: note: expanded from macro 'SIZE'
#define SIZE (sizeof(int32))
                     ^
/Users/junminkim/Workspace/DataBase/External-Library/mariadb-connector-c-3.1.6-src/CMakeFiles/CheckTypeSize/SIZEOF_INT32.c:30:12: error: use of undeclared identifier 'int32'
  ('0' +  (SIZE    % 10)),
           ^
/Users/junminkim/Workspace/DataBase/External-Library/mariadb-connector-c-3.1.6-src/CMakeFiles/CheckTypeSize/SIZEOF_INT32.c:24:22: note: expanded from macro 'SIZE'
#define SIZE (sizeof(int32))
                     ^
5 errors generated.
make[1]: *** [CMakeFiles/cmTC_20be3.dir/SIZEOF_INT32.c.o] Error 1
make: *** [cmTC_20be3/fast] Error 2


/Users/junminkim/Workspace/DataBase/External-Library/mariadb-connector-c-3.1.6-src/CMakeFiles/CheckTypeSize/SIZEOF_INT32.c:
#include <sys/types.h>
#include <stdint.h>
#include <stddef.h>
#include "sys/types.h"


#undef KEY
#if defined(__i386)
# define KEY '_','_','i','3','8','6'
#elif defined(__x86_64)
# define KEY '_','_','x','8','6','_','6','4'
#elif defined(__ppc__)
# define KEY '_','_','p','p','c','_','_'
#elif defined(__ppc64__)
# define KEY '_','_','p','p','c','6','4','_','_'
#elif defined(__aarch64__)
# define KEY '_','_','a','a','r','c','h','6','4','_','_'
#elif defined(__ARM_ARCH_7A__)
# define KEY '_','_','A','R','M','_','A','R','C','H','_','7','A','_','_'
#elif defined(__ARM_ARCH_7S__)
# define KEY '_','_','A','R','M','_','A','R','C','H','_','7','S','_','_'
#endif

#define SIZE (sizeof(int32))
static char info_size[] =  {'I', 'N', 'F', 'O', ':', 's','i','z','e','[',
  ('0' + ((SIZE / 10000)%10)),
  ('0' + ((SIZE / 1000)%10)),
  ('0' + ((SIZE / 100)%10)),
  ('0' + ((SIZE / 10)%10)),
  ('0' +  (SIZE    % 10)),
  ']',
#ifdef KEY
  ' ','k','e','y','[', KEY, ']',
#endif
  '\0'};

#ifdef __CLASSIC_C__
int main(argc, argv) int argc; char *argv[];
#else
int main(int argc, char *argv[])
#endif
{
  int require = 0;
  require += info_size[argc];
  (void)argv;
  return require;
}


Determining size of uint32 failed with the following output:
Change Dir: /Users/junminkim/Workspace/DataBase/External-Library/mariadb-connector-c-3.1.6-src/CMakeFiles/CMakeTmp

Run Build Command(s):/usr/bin/make cmTC_5a329/fast && /Library/Developer/CommandLineTools/usr/bin/make -f CMakeFiles/cmTC_5a329.dir/build.make CMakeFiles/cmTC_5a329.dir/build
Building C object CMakeFiles/cmTC_5a329.dir/SIZEOF_UINT32.c.o
/Library/Developer/CommandLineTools/usr/bin/cc   -isysroot /Library/Developer/CommandLineTools/SDKs/MacOSX10.15.sdk   -o CMakeFiles/cmTC_5a329.dir/SIZEOF_UINT32.c.o   -c /Users/junminkim/Workspace/DataBase/External-Library/mariadb-connector-c-3.1.6-src/CMakeFiles/CheckTypeSize/SIZEOF_UINT32.c
/Users/junminkim/Workspace/DataBase/External-Library/mariadb-connector-c-3.1.6-src/CMakeFiles/CheckTypeSize/SIZEOF_UINT32.c:26:12: error: use of undeclared identifier 'uint32'
  ('0' + ((SIZE / 10000)%10)),
           ^
/Users/junminkim/Workspace/DataBase/External-Library/mariadb-connector-c-3.1.6-src/CMakeFiles/CheckTypeSize/SIZEOF_UINT32.c:24:22: note: expanded from macro 'SIZE'
#define SIZE (sizeof(uint32))
                     ^
/Users/junminkim/Workspace/DataBase/External-Library/mariadb-connector-c-3.1.6-src/CMakeFiles/CheckTypeSize/SIZEOF_UINT32.c:27:12: error: use of undeclared identifier 'uint32'
  ('0' + ((SIZE / 1000)%10)),
           ^
/Users/junminkim/Workspace/DataBase/External-Library/mariadb-connector-c-3.1.6-src/CMakeFiles/CheckTypeSize/SIZEOF_UINT32.c:24:22: note: expanded from macro 'SIZE'
#define SIZE (sizeof(uint32))
                     ^
/Users/junminkim/Workspace/DataBase/External-Library/mariadb-connector-c-3.1.6-src/CMakeFiles/CheckTypeSize/SIZEOF_UINT32.c:28:12: error: use of undeclared identifier 'uint32'
  ('0' + ((SIZE / 100)%10)),
           ^
/Users/junminkim/Workspace/DataBase/External-Library/mariadb-connector-c-3.1.6-src/CMakeFiles/CheckTypeSize/SIZEOF_UINT32.c:24:22: note: expanded from macro 'SIZE'
#define SIZE (sizeof(uint32))
                     ^
/Users/junminkim/Workspace/DataBase/External-Library/mariadb-connector-c-3.1.6-src/CMakeFiles/CheckTypeSize/SIZEOF_UINT32.c:29:12: error: use of undeclared identifier 'uint32'
  ('0' + ((SIZE / 10)%10)),
           ^
/Users/junminkim/Workspace/DataBase/External-Library/mariadb-connector-c-3.1.6-src/CMakeFiles/CheckTypeSize/SIZEOF_UINT32.c:24:22: note: expanded from macro 'SIZE'
#define SIZE (sizeof(uint32))
                     ^
/Users/junminkim/Workspace/DataBase/External-Library/mariadb-connector-c-3.1.6-src/CMakeFiles/CheckTypeSize/SIZEOF_UINT32.c:30:12: error: use of undeclared identifier 'uint32'
  ('0' +  (SIZE    % 10)),
           ^
/Users/junminkim/Workspace/DataBase/External-Library/mariadb-connector-c-3.1.6-src/CMakeFiles/CheckTypeSize/SIZEOF_UINT32.c:24:22: note: expanded from macro 'SIZE'
#define SIZE (sizeof(uint32))
                     ^
5 errors generated.
make[1]: *** [CMakeFiles/cmTC_5a329.dir/SIZEOF_UINT32.c.o] Error 1
make: *** [cmTC_5a329/fast] Error 2


/Users/junminkim/Workspace/DataBase/External-Library/mariadb-connector-c-3.1.6-src/CMakeFiles/CheckTypeSize/SIZEOF_UINT32.c:
#include <sys/types.h>
#include <stdint.h>
#include <stddef.h>
#include "sys/types.h"


#undef KEY
#if defined(__i386)
# define KEY '_','_','i','3','8','6'
#elif defined(__x86_64)
# define KEY '_','_','x','8','6','_','6','4'
#elif defined(__ppc__)
# define KEY '_','_','p','p','c','_','_'
#elif defined(__ppc64__)
# define KEY '_','_','p','p','c','6','4','_','_'
#elif defined(__aarch64__)
# define KEY '_','_','a','a','r','c','h','6','4','_','_'
#elif defined(__ARM_ARCH_7A__)
# define KEY '_','_','A','R','M','_','A','R','C','H','_','7','A','_','_'
#elif defined(__ARM_ARCH_7S__)
# define KEY '_','_','A','R','M','_','A','R','C','H','_','7','S','_','_'
#endif

#define SIZE (sizeof(uint32))
static char info_size[] =  {'I', 'N', 'F', 'O', ':', 's','i','z','e','[',
  ('0' + ((SIZE / 10000)%10)),
  ('0' + ((SIZE / 1000)%10)),
  ('0' + ((SIZE / 100)%10)),
  ('0' + ((SIZE / 10)%10)),
  ('0' +  (SIZE    % 10)),
  ']',
#ifdef KEY
  ' ','k','e','y','[', KEY, ']',
#endif
  '\0'};

#ifdef __CLASSIC_C__
int main(argc, argv) int argc; char *argv[];
#else
int main(int argc, char *argv[])
#endif
{
  int require = 0;
  require += info_size[argc];
  (void)argv;
  return require;
}


Determining size of int64 failed with the following output:
Change Dir: /Users/junminkim/Workspace/DataBase/External-Library/mariadb-connector-c-3.1.6-src/CMakeFiles/CMakeTmp

Run Build Command(s):/usr/bin/make cmTC_a9b60/fast && /Library/Developer/CommandLineTools/usr/bin/make -f CMakeFiles/cmTC_a9b60.dir/build.make CMakeFiles/cmTC_a9b60.dir/build
Building C object CMakeFiles/cmTC_a9b60.dir/SIZEOF_INT64.c.o
/Library/Developer/CommandLineTools/usr/bin/cc   -isysroot /Library/Developer/CommandLineTools/SDKs/MacOSX10.15.sdk   -o CMakeFiles/cmTC_a9b60.dir/SIZEOF_INT64.c.o   -c /Users/junminkim/Workspace/DataBase/External-Library/mariadb-connector-c-3.1.6-src/CMakeFiles/CheckTypeSize/SIZEOF_INT64.c
/Users/junminkim/Workspace/DataBase/External-Library/mariadb-connector-c-3.1.6-src/CMakeFiles/CheckTypeSize/SIZEOF_INT64.c:26:12: error: use of undeclared identifier 'int64'
  ('0' + ((SIZE / 10000)%10)),
           ^
/Users/junminkim/Workspace/DataBase/External-Library/mariadb-connector-c-3.1.6-src/CMakeFiles/CheckTypeSize/SIZEOF_INT64.c:24:22: note: expanded from macro 'SIZE'
#define SIZE (sizeof(int64))
                     ^
/Users/junminkim/Workspace/DataBase/External-Library/mariadb-connector-c-3.1.6-src/CMakeFiles/CheckTypeSize/SIZEOF_INT64.c:27:12: error: use of undeclared identifier 'int64'
  ('0' + ((SIZE / 1000)%10)),
           ^
/Users/junminkim/Workspace/DataBase/External-Library/mariadb-connector-c-3.1.6-src/CMakeFiles/CheckTypeSize/SIZEOF_INT64.c:24:22: note: expanded from macro 'SIZE'
#define SIZE (sizeof(int64))
                     ^
/Users/junminkim/Workspace/DataBase/External-Library/mariadb-connector-c-3.1.6-src/CMakeFiles/CheckTypeSize/SIZEOF_INT64.c:28:12: error: use of undeclared identifier 'int64'
  ('0' + ((SIZE / 100)%10)),
           ^
/Users/junminkim/Workspace/DataBase/External-Library/mariadb-connector-c-3.1.6-src/CMakeFiles/CheckTypeSize/SIZEOF_INT64.c:24:22: note: expanded from macro 'SIZE'
#define SIZE (sizeof(int64))
                     ^
/Users/junminkim/Workspace/DataBase/External-Library/mariadb-connector-c-3.1.6-src/CMakeFiles/CheckTypeSize/SIZEOF_INT64.c:29:12: error: use of undeclared identifier 'int64'
  ('0' + ((SIZE / 10)%10)),
           ^
/Users/junminkim/Workspace/DataBase/External-Library/mariadb-connector-c-3.1.6-src/CMakeFiles/CheckTypeSize/SIZEOF_INT64.c:24:22: note: expanded from macro 'SIZE'
#define SIZE (sizeof(int64))
                     ^
/Users/junminkim/Workspace/DataBase/External-Library/mariadb-connector-c-3.1.6-src/CMakeFiles/CheckTypeSize/SIZEOF_INT64.c:30:12: error: use of undeclared identifier 'int64'
  ('0' +  (SIZE    % 10)),
           ^
/Users/junminkim/Workspace/DataBase/External-Library/mariadb-connector-c-3.1.6-src/CMakeFiles/CheckTypeSize/SIZEOF_INT64.c:24:22: note: expanded from macro 'SIZE'
#define SIZE (sizeof(int64))
                     ^
5 errors generated.
make[1]: *** [CMakeFiles/cmTC_a9b60.dir/SIZEOF_INT64.c.o] Error 1
make: *** [cmTC_a9b60/fast] Error 2


/Users/junminkim/Workspace/DataBase/External-Library/mariadb-connector-c-3.1.6-src/CMakeFiles/CheckTypeSize/SIZEOF_INT64.c:
#include <sys/types.h>
#include <stdint.h>
#include <stddef.h>
#include "sys/types.h"


#undef KEY
#if defined(__i386)
# define KEY '_','_','i','3','8','6'
#elif defined(__x86_64)
# define KEY '_','_','x','8','6','_','6','4'
#elif defined(__ppc__)
# define KEY '_','_','p','p','c','_','_'
#elif defined(__ppc64__)
# define KEY '_','_','p','p','c','6','4','_','_'
#elif defined(__aarch64__)
# define KEY '_','_','a','a','r','c','h','6','4','_','_'
#elif defined(__ARM_ARCH_7A__)
# define KEY '_','_','A','R','M','_','A','R','C','H','_','7','A','_','_'
#elif defined(__ARM_ARCH_7S__)
# define KEY '_','_','A','R','M','_','A','R','C','H','_','7','S','_','_'
#endif

#define SIZE (sizeof(int64))
static char info_size[] =  {'I', 'N', 'F', 'O', ':', 's','i','z','e','[',
  ('0' + ((SIZE / 10000)%10)),
  ('0' + ((SIZE / 1000)%10)),
  ('0' + ((SIZE / 100)%10)),
  ('0' + ((SIZE / 10)%10)),
  ('0' +  (SIZE    % 10)),
  ']',
#ifdef KEY
  ' ','k','e','y','[', KEY, ']',
#endif
  '\0'};

#ifdef __CLASSIC_C__
int main(argc, argv) int argc; char *argv[];
#else
int main(int argc, char *argv[])
#endif
{
  int require = 0;
  require += info_size[argc];
  (void)argv;
  return require;
}


Determining size of uint64 failed with the following output:
Change Dir: /Users/junminkim/Workspace/DataBase/External-Library/mariadb-connector-c-3.1.6-src/CMakeFiles/CMakeTmp

Run Build Command(s):/usr/bin/make cmTC_47671/fast && /Library/Developer/CommandLineTools/usr/bin/make -f CMakeFiles/cmTC_47671.dir/build.make CMakeFiles/cmTC_47671.dir/build
Building C object CMakeFiles/cmTC_47671.dir/SIZEOF_UINT64.c.o
/Library/Developer/CommandLineTools/usr/bin/cc   -isysroot /Library/Developer/CommandLineTools/SDKs/MacOSX10.15.sdk   -o CMakeFiles/cmTC_47671.dir/SIZEOF_UINT64.c.o   -c /Users/junminkim/Workspace/DataBase/External-Library/mariadb-connector-c-3.1.6-src/CMakeFiles/CheckTypeSize/SIZEOF_UINT64.c
/Users/junminkim/Workspace/DataBase/External-Library/mariadb-connector-c-3.1.6-src/CMakeFiles/CheckTypeSize/SIZEOF_UINT64.c:26:12: error: use of undeclared identifier 'uint64'
  ('0' + ((SIZE / 10000)%10)),
           ^
/Users/junminkim/Workspace/DataBase/External-Library/mariadb-connector-c-3.1.6-src/CMakeFiles/CheckTypeSize/SIZEOF_UINT64.c:24:22: note: expanded from macro 'SIZE'
#define SIZE (sizeof(uint64))
                     ^
/Users/junminkim/Workspace/DataBase/External-Library/mariadb-connector-c-3.1.6-src/CMakeFiles/CheckTypeSize/SIZEOF_UINT64.c:27:12: error: use of undeclared identifier 'uint64'
  ('0' + ((SIZE / 1000)%10)),
           ^
/Users/junminkim/Workspace/DataBase/External-Library/mariadb-connector-c-3.1.6-src/CMakeFiles/CheckTypeSize/SIZEOF_UINT64.c:24:22: note: expanded from macro 'SIZE'
#define SIZE (sizeof(uint64))
                     ^
/Users/junminkim/Workspace/DataBase/External-Library/mariadb-connector-c-3.1.6-src/CMakeFiles/CheckTypeSize/SIZEOF_UINT64.c:28:12: error: use of undeclared identifier 'uint64'
  ('0' + ((SIZE / 100)%10)),
           ^
/Users/junminkim/Workspace/DataBase/External-Library/mariadb-connector-c-3.1.6-src/CMakeFiles/CheckTypeSize/SIZEOF_UINT64.c:24:22: note: expanded from macro 'SIZE'
#define SIZE (sizeof(uint64))
                     ^
/Users/junminkim/Workspace/DataBase/External-Library/mariadb-connector-c-3.1.6-src/CMakeFiles/CheckTypeSize/SIZEOF_UINT64.c:29:12: error: use of undeclared identifier 'uint64'
  ('0' + ((SIZE / 10)%10)),
           ^
/Users/junminkim/Workspace/DataBase/External-Library/mariadb-connector-c-3.1.6-src/CMakeFiles/CheckTypeSize/SIZEOF_UINT64.c:24:22: note: expanded from macro 'SIZE'
#define SIZE (sizeof(uint64))
                     ^
/Users/junminkim/Workspace/DataBase/External-Library/mariadb-connector-c-3.1.6-src/CMakeFiles/CheckTypeSize/SIZEOF_UINT64.c:30:12: error: use of undeclared identifier 'uint64'
  ('0' +  (SIZE    % 10)),
           ^
/Users/junminkim/Workspace/DataBase/External-Library/mariadb-connector-c-3.1.6-src/CMakeFiles/CheckTypeSize/SIZEOF_UINT64.c:24:22: note: expanded from macro 'SIZE'
#define SIZE (sizeof(uint64))
                     ^
5 errors generated.
make[1]: *** [CMakeFiles/cmTC_47671.dir/SIZEOF_UINT64.c.o] Error 1
make: *** [cmTC_47671/fast] Error 2


/Users/junminkim/Workspace/DataBase/External-Library/mariadb-connector-c-3.1.6-src/CMakeFiles/CheckTypeSize/SIZEOF_UINT64.c:
#include <sys/types.h>
#include <stdint.h>
#include <stddef.h>
#include "sys/types.h"


#undef KEY
#if defined(__i386)
# define KEY '_','_','i','3','8','6'
#elif defined(__x86_64)
# define KEY '_','_','x','8','6','_','6','4'
#elif defined(__ppc__)
# define KEY '_','_','p','p','c','_','_'
#elif defined(__ppc64__)
# define KEY '_','_','p','p','c','6','4','_','_'
#elif defined(__aarch64__)
# define KEY '_','_','a','a','r','c','h','6','4','_','_'
#elif defined(__ARM_ARCH_7A__)
# define KEY '_','_','A','R','M','_','A','R','C','H','_','7','A','_','_'
#elif defined(__ARM_ARCH_7S__)
# define KEY '_','_','A','R','M','_','A','R','C','H','_','7','S','_','_'
#endif

#define SIZE (sizeof(uint64))
static char info_size[] =  {'I', 'N', 'F', 'O', ':', 's','i','z','e','[',
  ('0' + ((SIZE / 10000)%10)),
  ('0' + ((SIZE / 1000)%10)),
  ('0' + ((SIZE / 100)%10)),
  ('0' + ((SIZE / 10)%10)),
  ('0' +  (SIZE    % 10)),
  ']',
#ifdef KEY
  ' ','k','e','y','[', KEY, ']',
#endif
  '\0'};

#ifdef __CLASSIC_C__
int main(argc, argv) int argc; char *argv[];
#else
int main(int argc, char *argv[])
#endif
{
  int require = 0;
  require += info_size[argc];
  (void)argv;
  return require;
}


Determining size of socklen_t failed with the following output:
Change Dir: /Users/junminkim/Workspace/DataBase/External-Library/mariadb-connector-c-3.1.6-src/CMakeFiles/CMakeTmp

Run Build Command(s):/usr/bin/make cmTC_c04ec/fast && /Library/Developer/CommandLineTools/usr/bin/make -f CMakeFiles/cmTC_c04ec.dir/build.make CMakeFiles/cmTC_c04ec.dir/build
Building C object CMakeFiles/cmTC_c04ec.dir/SIZEOF_SOCKLEN_T.c.o
/Library/Developer/CommandLineTools/usr/bin/cc   -isysroot /Library/Developer/CommandLineTools/SDKs/MacOSX10.15.sdk   -o CMakeFiles/cmTC_c04ec.dir/SIZEOF_SOCKLEN_T.c.o   -c /Users/junminkim/Workspace/DataBase/External-Library/mariadb-connector-c-3.1.6-src/CMakeFiles/CheckTypeSize/SIZEOF_SOCKLEN_T.c
/Users/junminkim/Workspace/DataBase/External-Library/mariadb-connector-c-3.1.6-src/CMakeFiles/CheckTypeSize/SIZEOF_SOCKLEN_T.c:26:12: error: use of undeclared identifier 'socklen_t'
  ('0' + ((SIZE / 10000)%10)),
           ^
/Users/junminkim/Workspace/DataBase/External-Library/mariadb-connector-c-3.1.6-src/CMakeFiles/CheckTypeSize/SIZEOF_SOCKLEN_T.c:24:22: note: expanded from macro 'SIZE'
#define SIZE (sizeof(socklen_t))
                     ^
/Users/junminkim/Workspace/DataBase/External-Library/mariadb-connector-c-3.1.6-src/CMakeFiles/CheckTypeSize/SIZEOF_SOCKLEN_T.c:27:12: error: use of undeclared identifier 'socklen_t'
  ('0' + ((SIZE / 1000)%10)),
           ^
/Users/junminkim/Workspace/DataBase/External-Library/mariadb-connector-c-3.1.6-src/CMakeFiles/CheckTypeSize/SIZEOF_SOCKLEN_T.c:24:22: note: expanded from macro 'SIZE'
#define SIZE (sizeof(socklen_t))
                     ^
/Users/junminkim/Workspace/DataBase/External-Library/mariadb-connector-c-3.1.6-src/CMakeFiles/CheckTypeSize/SIZEOF_SOCKLEN_T.c:28:12: error: use of undeclared identifier 'socklen_t'
  ('0' + ((SIZE / 100)%10)),
           ^
/Users/junminkim/Workspace/DataBase/External-Library/mariadb-connector-c-3.1.6-src/CMakeFiles/CheckTypeSize/SIZEOF_SOCKLEN_T.c:24:22: note: expanded from macro 'SIZE'
#define SIZE (sizeof(socklen_t))
                     ^
/Users/junminkim/Workspace/DataBase/External-Library/mariadb-connector-c-3.1.6-src/CMakeFiles/CheckTypeSize/SIZEOF_SOCKLEN_T.c:29:12: error: use of undeclared identifier 'socklen_t'
  ('0' + ((SIZE / 10)%10)),
           ^
/Users/junminkim/Workspace/DataBase/External-Library/mariadb-connector-c-3.1.6-src/CMakeFiles/CheckTypeSize/SIZEOF_SOCKLEN_T.c:24:22: note: expanded from macro 'SIZE'
#define SIZE (sizeof(socklen_t))
                     ^
/Users/junminkim/Workspace/DataBase/External-Library/mariadb-connector-c-3.1.6-src/CMakeFiles/CheckTypeSize/SIZEOF_SOCKLEN_T.c:30:12: error: use of undeclared identifier 'socklen_t'
  ('0' +  (SIZE    % 10)),
           ^
/Users/junminkim/Workspace/DataBase/External-Library/mariadb-connector-c-3.1.6-src/CMakeFiles/CheckTypeSize/SIZEOF_SOCKLEN_T.c:24:22: note: expanded from macro 'SIZE'
#define SIZE (sizeof(socklen_t))
                     ^
5 errors generated.
make[1]: *** [CMakeFiles/cmTC_c04ec.dir/SIZEOF_SOCKLEN_T.c.o] Error 1
make: *** [cmTC_c04ec/fast] Error 2


/Users/junminkim/Workspace/DataBase/External-Library/mariadb-connector-c-3.1.6-src/CMakeFiles/CheckTypeSize/SIZEOF_SOCKLEN_T.c:
#include <sys/types.h>
#include <stdint.h>
#include <stddef.h>
#include "sys/types.h"


#undef KEY
#if defined(__i386)
# define KEY '_','_','i','3','8','6'
#elif defined(__x86_64)
# define KEY '_','_','x','8','6','_','6','4'
#elif defined(__ppc__)
# define KEY '_','_','p','p','c','_','_'
#elif defined(__ppc64__)
# define KEY '_','_','p','p','c','6','4','_','_'
#elif defined(__aarch64__)
# define KEY '_','_','a','a','r','c','h','6','4','_','_'
#elif defined(__ARM_ARCH_7A__)
# define KEY '_','_','A','R','M','_','A','R','C','H','_','7','A','_','_'
#elif defined(__ARM_ARCH_7S__)
# define KEY '_','_','A','R','M','_','A','R','C','H','_','7','S','_','_'
#endif

#define SIZE (sizeof(socklen_t))
static char info_size[] =  {'I', 'N', 'F', 'O', ':', 's','i','z','e','[',
  ('0' + ((SIZE / 10000)%10)),
  ('0' + ((SIZE / 1000)%10)),
  ('0' + ((SIZE / 100)%10)),
  ('0' + ((SIZE / 10)%10)),
  ('0' +  (SIZE    % 10)),
  ']',
#ifdef KEY
  ' ','k','e','y','[', KEY, ']',
#endif
  '\0'};

#ifdef __CLASSIC_C__
int main(argc, argv) int argc; char *argv[];
#else
int main(int argc, char *argv[])
#endif
{
  int require = 0;
  require += info_size[argc];
  (void)argv;
  return require;
}


Determining if the function gethostbyname_r exists failed with the following output:
Change Dir: /Users/junminkim/Workspace/DataBase/External-Library/mariadb-connector-c-3.1.6-src/CMakeFiles/CMakeTmp

Run Build Command(s):/usr/bin/make cmTC_d2978/fast && /Library/Developer/CommandLineTools/usr/bin/make -f CMakeFiles/cmTC_d2978.dir/build.make CMakeFiles/cmTC_d2978.dir/build
Building C object CMakeFiles/cmTC_d2978.dir/CheckFunctionExists.c.o
/Library/Developer/CommandLineTools/usr/bin/cc   -DCHECK_FUNCTION_EXISTS=gethostbyname_r -isysroot /Library/Developer/CommandLineTools/SDKs/MacOSX10.15.sdk   -o CMakeFiles/cmTC_d2978.dir/CheckFunctionExists.c.o   -c /usr/local/Cellar/cmake/3.16.4/share/cmake/Modules/CheckFunctionExists.c
Linking C executable cmTC_d2978
/usr/local/Cellar/cmake/3.16.4/bin/cmake -E cmake_link_script CMakeFiles/cmTC_d2978.dir/link.txt --verbose=1
/Library/Developer/CommandLineTools/usr/bin/cc  -DCHECK_FUNCTION_EXISTS=gethostbyname_r -isysroot /Library/Developer/CommandLineTools/SDKs/MacOSX10.15.sdk -Wl,-search_paths_first -Wl,-headerpad_max_install_names   CMakeFiles/cmTC_d2978.dir/CheckFunctionExists.c.o  -o cmTC_d2978 
Undefined symbols for architecture x86_64:
  "_gethostbyname_r", referenced from:
      _main in CheckFunctionExists.c.o
ld: symbol(s) not found for architecture x86_64
clang: error: linker command failed with exit code 1 (use -v to see invocation)
make[1]: *** [cmTC_d2978] Error 1
make: *** [cmTC_d2978/fast] Error 2



Determining if the function gethostbyname_r exists in the nsl_r failed with the following output:
Change Dir: /Users/junminkim/Workspace/DataBase/External-Library/mariadb-connector-c-3.1.6-src/CMakeFiles/CMakeTmp

Run Build Command(s):/usr/bin/make cmTC_87564/fast && /Library/Developer/CommandLineTools/usr/bin/make -f CMakeFiles/cmTC_87564.dir/build.make CMakeFiles/cmTC_87564.dir/build
Building C object CMakeFiles/cmTC_87564.dir/CheckFunctionExists.c.o
/Library/Developer/CommandLineTools/usr/bin/cc   -DCHECK_FUNCTION_EXISTS=gethostbyname_r -isysroot /Library/Developer/CommandLineTools/SDKs/MacOSX10.15.sdk   -o CMakeFiles/cmTC_87564.dir/CheckFunctionExists.c.o   -c /usr/local/Cellar/cmake/3.16.4/share/cmake/Modules/CheckFunctionExists.c
Linking C executable cmTC_87564
/usr/local/Cellar/cmake/3.16.4/bin/cmake -E cmake_link_script CMakeFiles/cmTC_87564.dir/link.txt --verbose=1
/Library/Developer/CommandLineTools/usr/bin/cc  -DCHECK_FUNCTION_EXISTS=gethostbyname_r -isysroot /Library/Developer/CommandLineTools/SDKs/MacOSX10.15.sdk -Wl,-search_paths_first -Wl,-headerpad_max_install_names   CMakeFiles/cmTC_87564.dir/CheckFunctionExists.c.o  -o cmTC_87564  -lnsl_r 
ld: library not found for -lnsl_r
clang: error: linker command failed with exit code 1 (use -v to see invocation)
make[1]: *** [cmTC_87564] Error 1
make: *** [cmTC_87564/fast] Error 2



Determining if the function gethostbyname_r exists in the nsl failed with the following output:
Change Dir: /Users/junminkim/Workspace/DataBase/External-Library/mariadb-connector-c-3.1.6-src/CMakeFiles/CMakeTmp

Run Build Command(s):/usr/bin/make cmTC_de365/fast && /Library/Developer/CommandLineTools/usr/bin/make -f CMakeFiles/cmTC_de365.dir/build.make CMakeFiles/cmTC_de365.dir/build
Building C object CMakeFiles/cmTC_de365.dir/CheckFunctionExists.c.o
/Library/Developer/CommandLineTools/usr/bin/cc   -DCHECK_FUNCTION_EXISTS=gethostbyname_r -isysroot /Library/Developer/CommandLineTools/SDKs/MacOSX10.15.sdk   -o CMakeFiles/cmTC_de365.dir/CheckFunctionExists.c.o   -c /usr/local/Cellar/cmake/3.16.4/share/cmake/Modules/CheckFunctionExists.c
Linking C executable cmTC_de365
/usr/local/Cellar/cmake/3.16.4/bin/cmake -E cmake_link_script CMakeFiles/cmTC_de365.dir/link.txt --verbose=1
/Library/Developer/CommandLineTools/usr/bin/cc  -DCHECK_FUNCTION_EXISTS=gethostbyname_r -isysroot /Library/Developer/CommandLineTools/SDKs/MacOSX10.15.sdk -Wl,-search_paths_first -Wl,-headerpad_max_install_names   CMakeFiles/cmTC_de365.dir/CheckFunctionExists.c.o  -o cmTC_de365  -lnsl 
ld: library not found for -lnsl
clang: error: linker command failed with exit code 1 (use -v to see invocation)
make[1]: *** [cmTC_de365] Error 1
make: *** [cmTC_de365/fast] Error 2



