g:\mariadb-connector-c-3.1.6-src\debug\auth_gssapi_client.lib
g:\mariadb-connector-c-3.1.6-src\debug\auth_gssapi_client.exp
g:\mariadb-connector-c-3.1.6-src\auth_gssapi_client.dir\debug\sspi_errmsg.obj
g:\mariadb-connector-c-3.1.6-src\auth_gssapi_client.dir\debug\sspi_client.obj
g:\mariadb-connector-c-3.1.6-src\auth_gssapi_client.dir\debug\auth_gssapi_client.obj
g:\mariadb-connector-c-3.1.6-src\cmakefiles\generate.stamp
g:\mariadb-connector-c-3.1.6-src\debug\auth_gssapi_client.ilk
g:\mariadb-connector-c-3.1.6-src\debug\auth_gssapi_client.dll
g:\mariadb-connector-c-3.1.6-src\debug\auth_gssapi_client.pdb
g:\mariadb-connector-c-3.1.6-src\auth_gssapi_client.dir\debug\auth_gssapi_client.res
g:\mariadb-connector-c-3.1.6-src\auth_gssapi_client.dir\debug\auth_gss.858120e4.tlog\auth_gssapi_client.write.1u.tlog
g:\mariadb-connector-c-3.1.6-src\auth_gssapi_client.dir\debug\auth_gss.858120e4.tlog\cl.command.1.tlog
g:\mariadb-connector-c-3.1.6-src\auth_gssapi_client.dir\debug\auth_gss.858120e4.tlog\cl.read.1.tlog
g:\mariadb-connector-c-3.1.6-src\auth_gssapi_client.dir\debug\auth_gss.858120e4.tlog\cl.write.1.tlog
g:\mariadb-connector-c-3.1.6-src\auth_gssapi_client.dir\debug\auth_gss.858120e4.tlog\custombuild.command.1.tlog
g:\mariadb-connector-c-3.1.6-src\auth_gssapi_client.dir\debug\auth_gss.858120e4.tlog\custombuild.read.1.tlog
g:\mariadb-connector-c-3.1.6-src\auth_gssapi_client.dir\debug\auth_gss.858120e4.tlog\custombuild.write.1.tlog
g:\mariadb-connector-c-3.1.6-src\auth_gssapi_client.dir\debug\auth_gss.858120e4.tlog\link.command.1.tlog
g:\mariadb-connector-c-3.1.6-src\auth_gssapi_client.dir\debug\auth_gss.858120e4.tlog\link.read.1.tlog
g:\mariadb-connector-c-3.1.6-src\auth_gssapi_client.dir\debug\auth_gss.858120e4.tlog\link.write.1.tlog
g:\mariadb-connector-c-3.1.6-src\auth_gssapi_client.dir\debug\auth_gss.858120e4.tlog\rc.command.1.tlog
g:\mariadb-connector-c-3.1.6-src\auth_gssapi_client.dir\debug\auth_gss.858120e4.tlog\rc.read.1.tlog
g:\mariadb-connector-c-3.1.6-src\auth_gssapi_client.dir\debug\auth_gss.858120e4.tlog\rc.write.1.tlog
