The system is: Darwin - 19.3.0 - x86_64
Compiling the C compiler identification source file "CMakeCCompilerId.c" succeeded.
Compiler: /Library/Developer/CommandLineTools/usr/bin/cc 
Build flags: 
Id flags:  

The output was:
0


Compilation of the C compiler identification source "CMakeCCompilerId.c" produced "a.out"

The C compiler identification is AppleClang, found in "/Users/junminkim/Workspace/DataBase/MariaDBConnector/cmake-build-debug/CMakeFiles/3.15.3/CompilerIdC/a.out"

Compiling the CXX compiler identification source file "CMakeCXXCompilerId.cpp" succeeded.
Compiler: /Library/Developer/CommandLineTools/usr/bin/c++ 
Build flags: 
Id flags:  

The output was:
0


Compilation of the CXX compiler identification source "CMakeCXXCompilerId.cpp" produced "a.out"

The CXX compiler identification is AppleClang, found in "/Users/junminkim/Workspace/DataBase/MariaDBConnector/cmake-build-debug/CMakeFiles/3.15.3/CompilerIdCXX/a.out"

Determining if the C compiler works passed with the following output:
Change Dir: /Users/junminkim/Workspace/DataBase/MariaDBConnector/cmake-build-debug/CMakeFiles/CMakeTmp

Run Build Command(s):/usr/bin/make cmTC_cddd7/fast && /Library/Developer/CommandLineTools/usr/bin/make -f CMakeFiles/cmTC_cddd7.dir/build.make CMakeFiles/cmTC_cddd7.dir/build
Building C object CMakeFiles/cmTC_cddd7.dir/testCCompiler.c.o
/Library/Developer/CommandLineTools/usr/bin/cc   -isysroot /Library/Developer/CommandLineTools/SDKs/MacOSX10.15.sdk   -o CMakeFiles/cmTC_cddd7.dir/testCCompiler.c.o   -c /Users/junminkim/Workspace/DataBase/MariaDBConnector/cmake-build-debug/CMakeFiles/CMakeTmp/testCCompiler.c
Linking C executable cmTC_cddd7
/Applications/CLion.app/Contents/bin/cmake/mac/bin/cmake -E cmake_link_script CMakeFiles/cmTC_cddd7.dir/link.txt --verbose=1
/Library/Developer/CommandLineTools/usr/bin/cc   -isysroot /Library/Developer/CommandLineTools/SDKs/MacOSX10.15.sdk -Wl,-search_paths_first -Wl,-headerpad_max_install_names   CMakeFiles/cmTC_cddd7.dir/testCCompiler.c.o  -o cmTC_cddd7 



Detecting C compiler ABI info compiled with the following output:
Change Dir: /Users/junminkim/Workspace/DataBase/MariaDBConnector/cmake-build-debug/CMakeFiles/CMakeTmp

Run Build Command(s):/usr/bin/make cmTC_f0606/fast && /Library/Developer/CommandLineTools/usr/bin/make -f CMakeFiles/cmTC_f0606.dir/build.make CMakeFiles/cmTC_f0606.dir/build
Building C object CMakeFiles/cmTC_f0606.dir/CMakeCCompilerABI.c.o
/Library/Developer/CommandLineTools/usr/bin/cc   -isysroot /Library/Developer/CommandLineTools/SDKs/MacOSX10.15.sdk   -v -Wl,-v -o CMakeFiles/cmTC_f0606.dir/CMakeCCompilerABI.c.o   -c /Applications/CLion.app/Contents/bin/cmake/mac/share/cmake-3.15/Modules/CMakeCCompilerABI.c
Apple clang version 11.0.0 (clang-1100.0.33.17)
Target: x86_64-apple-darwin19.3.0
Thread model: posix
InstalledDir: /Library/Developer/CommandLineTools/usr/bin
clang: warning: -Wl,-v: 'linker' input unused [-Wunused-command-line-argument]
 "/Library/Developer/CommandLineTools/usr/bin/clang" -cc1 -triple x86_64-apple-macosx10.15.0 -Wdeprecated-objc-isa-usage -Werror=deprecated-objc-isa-usage -emit-obj -mrelax-all -disable-free -disable-llvm-verifier -discard-value-names -main-file-name CMakeCCompilerABI.c -mrelocation-model pic -pic-level 2 -mthread-model posix -mdisable-fp-elim -fno-strict-return -masm-verbose -munwind-tables -target-sdk-version=10.15 -target-cpu penryn -dwarf-column-info -debugger-tuning=lldb -ggnu-pubnames -target-linker-version 530 -v -coverage-notes-file /Users/junminkim/Workspace/DataBase/MariaDBConnector/cmake-build-debug/CMakeFiles/CMakeTmp/CMakeFiles/cmTC_f0606.dir/CMakeCCompilerABI.c.gcno -resource-dir /Library/Developer/CommandLineTools/usr/lib/clang/11.0.0 -isysroot /Library/Developer/CommandLineTools/SDKs/MacOSX10.15.sdk -Wno-framework-include-private-from-public -Wno-atimport-in-framework-header -Wno-extra-semi-stmt -Wno-quoted-include-in-framework-header -fdebug-compilation-dir /Users/junminkim/Workspace/DataBase/MariaDBConnector/cmake-build-debug/CMakeFiles/CMakeTmp -ferror-limit 19 -fmessage-length 0 -stack-protector 1 -fstack-check -mdarwin-stkchk-strong-link -fblocks -fencode-extended-block-signature -fregister-global-dtors-with-atexit -fobjc-runtime=macosx-10.15.0 -fmax-type-align=16 -fdiagnostics-show-option -o CMakeFiles/cmTC_f0606.dir/CMakeCCompilerABI.c.o -x c /Applications/CLion.app/Contents/bin/cmake/mac/share/cmake-3.15/Modules/CMakeCCompilerABI.c
clang -cc1 version 11.0.0 (clang-1100.0.33.17) default target x86_64-apple-darwin19.3.0
ignoring nonexistent directory "/Library/Developer/CommandLineTools/SDKs/MacOSX10.15.sdk/usr/local/include"
ignoring nonexistent directory "/Library/Developer/CommandLineTools/SDKs/MacOSX10.15.sdk/Library/Frameworks"
#include "..." search starts here:
#include <...> search starts here:
 /Library/Developer/CommandLineTools/usr/lib/clang/11.0.0/include
 /Library/Developer/CommandLineTools/usr/include
 /Library/Developer/CommandLineTools/SDKs/MacOSX10.15.sdk/usr/include
 /Library/Developer/CommandLineTools/SDKs/MacOSX10.15.sdk/System/Library/Frameworks (framework directory)
End of search list.
Linking C executable cmTC_f0606
/Applications/CLion.app/Contents/bin/cmake/mac/bin/cmake -E cmake_link_script CMakeFiles/cmTC_f0606.dir/link.txt --verbose=1
/Library/Developer/CommandLineTools/usr/bin/cc   -isysroot /Library/Developer/CommandLineTools/SDKs/MacOSX10.15.sdk -Wl,-search_paths_first -Wl,-headerpad_max_install_names  -v -Wl,-v CMakeFiles/cmTC_f0606.dir/CMakeCCompilerABI.c.o  -o cmTC_f0606 
Apple clang version 11.0.0 (clang-1100.0.33.17)
Target: x86_64-apple-darwin19.3.0
Thread model: posix
InstalledDir: /Library/Developer/CommandLineTools/usr/bin
 "/Library/Developer/CommandLineTools/usr/bin/ld" -demangle -lto_library /Library/Developer/CommandLineTools/usr/lib/libLTO.dylib -dynamic -arch x86_64 -macosx_version_min 10.15.0 -syslibroot /Library/Developer/CommandLineTools/SDKs/MacOSX10.15.sdk -o cmTC_f0606 -search_paths_first -headerpad_max_install_names -v CMakeFiles/cmTC_f0606.dir/CMakeCCompilerABI.c.o -lSystem /Library/Developer/CommandLineTools/usr/lib/clang/11.0.0/lib/darwin/libclang_rt.osx.a
@(#)PROGRAM:ld  PROJECT:ld64-530
BUILD 18:57:17 Dec 13 2019
configured to support archs: armv6 armv7 armv7s arm64 arm64e arm64_32 i386 x86_64 x86_64h armv6m armv7k armv7m armv7em
Library search paths:
	/Library/Developer/CommandLineTools/SDKs/MacOSX10.15.sdk/usr/lib
Framework search paths:
	/Library/Developer/CommandLineTools/SDKs/MacOSX10.15.sdk/System/Library/Frameworks/



Parsed C implicit include dir info from above output: rv=done
  found start of include info
  found start of implicit include info
    add: [/Library/Developer/CommandLineTools/usr/lib/clang/11.0.0/include]
    add: [/Library/Developer/CommandLineTools/usr/include]
    add: [/Library/Developer/CommandLineTools/SDKs/MacOSX10.15.sdk/usr/include]
  end of search list found
  collapse include dir [/Library/Developer/CommandLineTools/usr/lib/clang/11.0.0/include] ==> [/Library/Developer/CommandLineTools/usr/lib/clang/11.0.0/include]
  collapse include dir [/Library/Developer/CommandLineTools/usr/include] ==> [/Library/Developer/CommandLineTools/usr/include]
  collapse include dir [/Library/Developer/CommandLineTools/SDKs/MacOSX10.15.sdk/usr/include] ==> [/Library/Developer/CommandLineTools/SDKs/MacOSX10.15.sdk/usr/include]
  implicit include dirs: [/Library/Developer/CommandLineTools/usr/lib/clang/11.0.0/include;/Library/Developer/CommandLineTools/usr/include;/Library/Developer/CommandLineTools/SDKs/MacOSX10.15.sdk/usr/include]


Parsed C implicit link information from above output:
  link line regex: [^( *|.*[/\])(ld|CMAKE_LINK_STARTFILE-NOTFOUND|([^/\]+-)?ld|collect2)[^/\]*( |$)]
  ignore line: [Change Dir: /Users/junminkim/Workspace/DataBase/MariaDBConnector/cmake-build-debug/CMakeFiles/CMakeTmp]
  ignore line: []
  ignore line: [Run Build Command(s):/usr/bin/make cmTC_f0606/fast && /Library/Developer/CommandLineTools/usr/bin/make -f CMakeFiles/cmTC_f0606.dir/build.make CMakeFiles/cmTC_f0606.dir/build]
  ignore line: [Building C object CMakeFiles/cmTC_f0606.dir/CMakeCCompilerABI.c.o]
  ignore line: [/Library/Developer/CommandLineTools/usr/bin/cc   -isysroot /Library/Developer/CommandLineTools/SDKs/MacOSX10.15.sdk   -v -Wl,-v -o CMakeFiles/cmTC_f0606.dir/CMakeCCompilerABI.c.o   -c /Applications/CLion.app/Contents/bin/cmake/mac/share/cmake-3.15/Modules/CMakeCCompilerABI.c]
  ignore line: [Apple clang version 11.0.0 (clang-1100.0.33.17)]
  ignore line: [Target: x86_64-apple-darwin19.3.0]
  ignore line: [Thread model: posix]
  ignore line: [InstalledDir: /Library/Developer/CommandLineTools/usr/bin]
  ignore line: [clang: warning: -Wl,-v: 'linker' input unused [-Wunused-command-line-argument]]
  ignore line: [ "/Library/Developer/CommandLineTools/usr/bin/clang" -cc1 -triple x86_64-apple-macosx10.15.0 -Wdeprecated-objc-isa-usage -Werror=deprecated-objc-isa-usage -emit-obj -mrelax-all -disable-free -disable-llvm-verifier -discard-value-names -main-file-name CMakeCCompilerABI.c -mrelocation-model pic -pic-level 2 -mthread-model posix -mdisable-fp-elim -fno-strict-return -masm-verbose -munwind-tables -target-sdk-version=10.15 -target-cpu penryn -dwarf-column-info -debugger-tuning=lldb -ggnu-pubnames -target-linker-version 530 -v -coverage-notes-file /Users/junminkim/Workspace/DataBase/MariaDBConnector/cmake-build-debug/CMakeFiles/CMakeTmp/CMakeFiles/cmTC_f0606.dir/CMakeCCompilerABI.c.gcno -resource-dir /Library/Developer/CommandLineTools/usr/lib/clang/11.0.0 -isysroot /Library/Developer/CommandLineTools/SDKs/MacOSX10.15.sdk -Wno-framework-include-private-from-public -Wno-atimport-in-framework-header -Wno-extra-semi-stmt -Wno-quoted-include-in-framework-header -fdebug-compilation-dir /Users/junminkim/Workspace/DataBase/MariaDBConnector/cmake-build-debug/CMakeFiles/CMakeTmp -ferror-limit 19 -fmessage-length 0 -stack-protector 1 -fstack-check -mdarwin-stkchk-strong-link -fblocks -fencode-extended-block-signature -fregister-global-dtors-with-atexit -fobjc-runtime=macosx-10.15.0 -fmax-type-align=16 -fdiagnostics-show-option -o CMakeFiles/cmTC_f0606.dir/CMakeCCompilerABI.c.o -x c /Applications/CLion.app/Contents/bin/cmake/mac/share/cmake-3.15/Modules/CMakeCCompilerABI.c]
  ignore line: [clang -cc1 version 11.0.0 (clang-1100.0.33.17) default target x86_64-apple-darwin19.3.0]
  ignore line: [ignoring nonexistent directory "/Library/Developer/CommandLineTools/SDKs/MacOSX10.15.sdk/usr/local/include"]
  ignore line: [ignoring nonexistent directory "/Library/Developer/CommandLineTools/SDKs/MacOSX10.15.sdk/Library/Frameworks"]
  ignore line: [#include "..." search starts here:]
  ignore line: [#include <...> search starts here:]
  ignore line: [ /Library/Developer/CommandLineTools/usr/lib/clang/11.0.0/include]
  ignore line: [ /Library/Developer/CommandLineTools/usr/include]
  ignore line: [ /Library/Developer/CommandLineTools/SDKs/MacOSX10.15.sdk/usr/include]
  ignore line: [ /Library/Developer/CommandLineTools/SDKs/MacOSX10.15.sdk/System/Library/Frameworks (framework directory)]
  ignore line: [End of search list.]
  ignore line: [Linking C executable cmTC_f0606]
  ignore line: [/Applications/CLion.app/Contents/bin/cmake/mac/bin/cmake -E cmake_link_script CMakeFiles/cmTC_f0606.dir/link.txt --verbose=1]
  ignore line: [/Library/Developer/CommandLineTools/usr/bin/cc   -isysroot /Library/Developer/CommandLineTools/SDKs/MacOSX10.15.sdk -Wl,-search_paths_first -Wl,-headerpad_max_install_names  -v -Wl,-v CMakeFiles/cmTC_f0606.dir/CMakeCCompilerABI.c.o  -o cmTC_f0606 ]
  ignore line: [Apple clang version 11.0.0 (clang-1100.0.33.17)]
  ignore line: [Target: x86_64-apple-darwin19.3.0]
  ignore line: [Thread model: posix]
  ignore line: [InstalledDir: /Library/Developer/CommandLineTools/usr/bin]
  link line: [ "/Library/Developer/CommandLineTools/usr/bin/ld" -demangle -lto_library /Library/Developer/CommandLineTools/usr/lib/libLTO.dylib -dynamic -arch x86_64 -macosx_version_min 10.15.0 -syslibroot /Library/Developer/CommandLineTools/SDKs/MacOSX10.15.sdk -o cmTC_f0606 -search_paths_first -headerpad_max_install_names -v CMakeFiles/cmTC_f0606.dir/CMakeCCompilerABI.c.o -lSystem /Library/Developer/CommandLineTools/usr/lib/clang/11.0.0/lib/darwin/libclang_rt.osx.a]
    arg [/Library/Developer/CommandLineTools/usr/bin/ld] ==> ignore
    arg [-demangle] ==> ignore
    arg [-lto_library] ==> ignore, skip following value
    arg [/Library/Developer/CommandLineTools/usr/lib/libLTO.dylib] ==> skip value of -lto_library
    arg [-dynamic] ==> ignore
    arg [-arch] ==> ignore
    arg [x86_64] ==> ignore
    arg [-macosx_version_min] ==> ignore
    arg [10.15.0] ==> ignore
    arg [-syslibroot] ==> ignore
    arg [/Library/Developer/CommandLineTools/SDKs/MacOSX10.15.sdk] ==> ignore
    arg [-o] ==> ignore
    arg [cmTC_f0606] ==> ignore
    arg [-search_paths_first] ==> ignore
    arg [-headerpad_max_install_names] ==> ignore
    arg [-v] ==> ignore
    arg [CMakeFiles/cmTC_f0606.dir/CMakeCCompilerABI.c.o] ==> ignore
    arg [-lSystem] ==> lib [System]
    arg [/Library/Developer/CommandLineTools/usr/lib/clang/11.0.0/lib/darwin/libclang_rt.osx.a] ==> lib [/Library/Developer/CommandLineTools/usr/lib/clang/11.0.0/lib/darwin/libclang_rt.osx.a]
  Library search paths: [;/Library/Developer/CommandLineTools/SDKs/MacOSX10.15.sdk/usr/lib]
  Framework search paths: [;/Library/Developer/CommandLineTools/SDKs/MacOSX10.15.sdk/System/Library/Frameworks/]
  remove lib [System]
  remove lib [/Library/Developer/CommandLineTools/usr/lib/clang/11.0.0/lib/darwin/libclang_rt.osx.a]
  collapse library dir [/Library/Developer/CommandLineTools/SDKs/MacOSX10.15.sdk/usr/lib] ==> [/Library/Developer/CommandLineTools/SDKs/MacOSX10.15.sdk/usr/lib]
  collapse framework dir [/Library/Developer/CommandLineTools/SDKs/MacOSX10.15.sdk/System/Library/Frameworks/] ==> [/Library/Developer/CommandLineTools/SDKs/MacOSX10.15.sdk/System/Library/Frameworks]
  implicit libs: []
  implicit dirs: [/Library/Developer/CommandLineTools/SDKs/MacOSX10.15.sdk/usr/lib]
  implicit fwks: [/Library/Developer/CommandLineTools/SDKs/MacOSX10.15.sdk/System/Library/Frameworks]


Determining if the CXX compiler works passed with the following output:
Change Dir: /Users/junminkim/Workspace/DataBase/MariaDBConnector/cmake-build-debug/CMakeFiles/CMakeTmp

Run Build Command(s):/usr/bin/make cmTC_6de2d/fast && /Library/Developer/CommandLineTools/usr/bin/make -f CMakeFiles/cmTC_6de2d.dir/build.make CMakeFiles/cmTC_6de2d.dir/build
Building CXX object CMakeFiles/cmTC_6de2d.dir/testCXXCompiler.cxx.o
/Library/Developer/CommandLineTools/usr/bin/c++    -isysroot /Library/Developer/CommandLineTools/SDKs/MacOSX10.15.sdk   -o CMakeFiles/cmTC_6de2d.dir/testCXXCompiler.cxx.o -c /Users/junminkim/Workspace/DataBase/MariaDBConnector/cmake-build-debug/CMakeFiles/CMakeTmp/testCXXCompiler.cxx
Linking CXX executable cmTC_6de2d
/Applications/CLion.app/Contents/bin/cmake/mac/bin/cmake -E cmake_link_script CMakeFiles/cmTC_6de2d.dir/link.txt --verbose=1
/Library/Developer/CommandLineTools/usr/bin/c++    -isysroot /Library/Developer/CommandLineTools/SDKs/MacOSX10.15.sdk -Wl,-search_paths_first -Wl,-headerpad_max_install_names   CMakeFiles/cmTC_6de2d.dir/testCXXCompiler.cxx.o  -o cmTC_6de2d 



Detecting CXX compiler ABI info compiled with the following output:
Change Dir: /Users/junminkim/Workspace/DataBase/MariaDBConnector/cmake-build-debug/CMakeFiles/CMakeTmp

Run Build Command(s):/usr/bin/make cmTC_a80b1/fast && /Library/Developer/CommandLineTools/usr/bin/make -f CMakeFiles/cmTC_a80b1.dir/build.make CMakeFiles/cmTC_a80b1.dir/build
Building CXX object CMakeFiles/cmTC_a80b1.dir/CMakeCXXCompilerABI.cpp.o
/Library/Developer/CommandLineTools/usr/bin/c++    -isysroot /Library/Developer/CommandLineTools/SDKs/MacOSX10.15.sdk   -v -Wl,-v -o CMakeFiles/cmTC_a80b1.dir/CMakeCXXCompilerABI.cpp.o -c /Applications/CLion.app/Contents/bin/cmake/mac/share/cmake-3.15/Modules/CMakeCXXCompilerABI.cpp
Apple clang version 11.0.0 (clang-1100.0.33.17)
Target: x86_64-apple-darwin19.3.0
Thread model: posix
InstalledDir: /Library/Developer/CommandLineTools/usr/bin
clang: warning: -Wl,-v: 'linker' input unused [-Wunused-command-line-argument]
 "/Library/Developer/CommandLineTools/usr/bin/clang" -cc1 -triple x86_64-apple-macosx10.15.0 -Wdeprecated-objc-isa-usage -Werror=deprecated-objc-isa-usage -emit-obj -mrelax-all -disable-free -disable-llvm-verifier -discard-value-names -main-file-name CMakeCXXCompilerABI.cpp -mrelocation-model pic -pic-level 2 -mthread-model posix -mdisable-fp-elim -fno-strict-return -masm-verbose -munwind-tables -target-sdk-version=10.15 -target-cpu penryn -dwarf-column-info -debugger-tuning=lldb -ggnu-pubnames -target-linker-version 530 -v -coverage-notes-file /Users/junminkim/Workspace/DataBase/MariaDBConnector/cmake-build-debug/CMakeFiles/CMakeTmp/CMakeFiles/cmTC_a80b1.dir/CMakeCXXCompilerABI.cpp.gcno -resource-dir /Library/Developer/CommandLineTools/usr/lib/clang/11.0.0 -isysroot /Library/Developer/CommandLineTools/SDKs/MacOSX10.15.sdk -stdlib=libc++ -internal-isystem /Library/Developer/CommandLineTools/usr/bin/../include/c++/v1 -Wno-framework-include-private-from-public -Wno-atimport-in-framework-header -Wno-extra-semi-stmt -Wno-quoted-include-in-framework-header -fdeprecated-macro -fdebug-compilation-dir /Users/junminkim/Workspace/DataBase/MariaDBConnector/cmake-build-debug/CMakeFiles/CMakeTmp -ferror-limit 19 -fmessage-length 0 -stack-protector 1 -fstack-check -mdarwin-stkchk-strong-link -fblocks -fencode-extended-block-signature -fregister-global-dtors-with-atexit -fobjc-runtime=macosx-10.15.0 -fcxx-exceptions -fexceptions -fmax-type-align=16 -fdiagnostics-show-option -o CMakeFiles/cmTC_a80b1.dir/CMakeCXXCompilerABI.cpp.o -x c++ /Applications/CLion.app/Contents/bin/cmake/mac/share/cmake-3.15/Modules/CMakeCXXCompilerABI.cpp
clang -cc1 version 11.0.0 (clang-1100.0.33.17) default target x86_64-apple-darwin19.3.0
ignoring nonexistent directory "/Library/Developer/CommandLineTools/SDKs/MacOSX10.15.sdk/usr/include/c++/v1"
ignoring nonexistent directory "/Library/Developer/CommandLineTools/SDKs/MacOSX10.15.sdk/usr/local/include"
ignoring nonexistent directory "/Library/Developer/CommandLineTools/SDKs/MacOSX10.15.sdk/Library/Frameworks"
#include "..." search starts here:
#include <...> search starts here:
 /Library/Developer/CommandLineTools/usr/bin/../include/c++/v1
 /Library/Developer/CommandLineTools/usr/lib/clang/11.0.0/include
 /Library/Developer/CommandLineTools/usr/include
 /Library/Developer/CommandLineTools/SDKs/MacOSX10.15.sdk/usr/include
 /Library/Developer/CommandLineTools/SDKs/MacOSX10.15.sdk/System/Library/Frameworks (framework directory)
End of search list.
Linking CXX executable cmTC_a80b1
/Applications/CLion.app/Contents/bin/cmake/mac/bin/cmake -E cmake_link_script CMakeFiles/cmTC_a80b1.dir/link.txt --verbose=1
/Library/Developer/CommandLineTools/usr/bin/c++    -isysroot /Library/Developer/CommandLineTools/SDKs/MacOSX10.15.sdk -Wl,-search_paths_first -Wl,-headerpad_max_install_names  -v -Wl,-v CMakeFiles/cmTC_a80b1.dir/CMakeCXXCompilerABI.cpp.o  -o cmTC_a80b1 
Apple clang version 11.0.0 (clang-1100.0.33.17)
Target: x86_64-apple-darwin19.3.0
Thread model: posix
InstalledDir: /Library/Developer/CommandLineTools/usr/bin
 "/Library/Developer/CommandLineTools/usr/bin/ld" -demangle -lto_library /Library/Developer/CommandLineTools/usr/lib/libLTO.dylib -dynamic -arch x86_64 -macosx_version_min 10.15.0 -syslibroot /Library/Developer/CommandLineTools/SDKs/MacOSX10.15.sdk -o cmTC_a80b1 -search_paths_first -headerpad_max_install_names -v CMakeFiles/cmTC_a80b1.dir/CMakeCXXCompilerABI.cpp.o -lc++ -lSystem /Library/Developer/CommandLineTools/usr/lib/clang/11.0.0/lib/darwin/libclang_rt.osx.a
@(#)PROGRAM:ld  PROJECT:ld64-530
BUILD 18:57:17 Dec 13 2019
configured to support archs: armv6 armv7 armv7s arm64 arm64e arm64_32 i386 x86_64 x86_64h armv6m armv7k armv7m armv7em
Library search paths:
	/Library/Developer/CommandLineTools/SDKs/MacOSX10.15.sdk/usr/lib
Framework search paths:
	/Library/Developer/CommandLineTools/SDKs/MacOSX10.15.sdk/System/Library/Frameworks/



Parsed CXX implicit include dir info from above output: rv=done
  found start of include info
  found start of implicit include info
    add: [/Library/Developer/CommandLineTools/usr/bin/../include/c++/v1]
    add: [/Library/Developer/CommandLineTools/usr/lib/clang/11.0.0/include]
    add: [/Library/Developer/CommandLineTools/usr/include]
    add: [/Library/Developer/CommandLineTools/SDKs/MacOSX10.15.sdk/usr/include]
  end of search list found
  collapse include dir [/Library/Developer/CommandLineTools/usr/bin/../include/c++/v1] ==> [/Library/Developer/CommandLineTools/usr/include/c++/v1]
  collapse include dir [/Library/Developer/CommandLineTools/usr/lib/clang/11.0.0/include] ==> [/Library/Developer/CommandLineTools/usr/lib/clang/11.0.0/include]
  collapse include dir [/Library/Developer/CommandLineTools/usr/include] ==> [/Library/Developer/CommandLineTools/usr/include]
  collapse include dir [/Library/Developer/CommandLineTools/SDKs/MacOSX10.15.sdk/usr/include] ==> [/Library/Developer/CommandLineTools/SDKs/MacOSX10.15.sdk/usr/include]
  implicit include dirs: [/Library/Developer/CommandLineTools/usr/include/c++/v1;/Library/Developer/CommandLineTools/usr/lib/clang/11.0.0/include;/Library/Developer/CommandLineTools/usr/include;/Library/Developer/CommandLineTools/SDKs/MacOSX10.15.sdk/usr/include]


Parsed CXX implicit link information from above output:
  link line regex: [^( *|.*[/\])(ld|CMAKE_LINK_STARTFILE-NOTFOUND|([^/\]+-)?ld|collect2)[^/\]*( |$)]
  ignore line: [Change Dir: /Users/junminkim/Workspace/DataBase/MariaDBConnector/cmake-build-debug/CMakeFiles/CMakeTmp]
  ignore line: []
  ignore line: [Run Build Command(s):/usr/bin/make cmTC_a80b1/fast && /Library/Developer/CommandLineTools/usr/bin/make -f CMakeFiles/cmTC_a80b1.dir/build.make CMakeFiles/cmTC_a80b1.dir/build]
  ignore line: [Building CXX object CMakeFiles/cmTC_a80b1.dir/CMakeCXXCompilerABI.cpp.o]
  ignore line: [/Library/Developer/CommandLineTools/usr/bin/c++    -isysroot /Library/Developer/CommandLineTools/SDKs/MacOSX10.15.sdk   -v -Wl,-v -o CMakeFiles/cmTC_a80b1.dir/CMakeCXXCompilerABI.cpp.o -c /Applications/CLion.app/Contents/bin/cmake/mac/share/cmake-3.15/Modules/CMakeCXXCompilerABI.cpp]
  ignore line: [Apple clang version 11.0.0 (clang-1100.0.33.17)]
  ignore line: [Target: x86_64-apple-darwin19.3.0]
  ignore line: [Thread model: posix]
  ignore line: [InstalledDir: /Library/Developer/CommandLineTools/usr/bin]
  ignore line: [clang: warning: -Wl,-v: 'linker' input unused [-Wunused-command-line-argument]]
  ignore line: [ "/Library/Developer/CommandLineTools/usr/bin/clang" -cc1 -triple x86_64-apple-macosx10.15.0 -Wdeprecated-objc-isa-usage -Werror=deprecated-objc-isa-usage -emit-obj -mrelax-all -disable-free -disable-llvm-verifier -discard-value-names -main-file-name CMakeCXXCompilerABI.cpp -mrelocation-model pic -pic-level 2 -mthread-model posix -mdisable-fp-elim -fno-strict-return -masm-verbose -munwind-tables -target-sdk-version=10.15 -target-cpu penryn -dwarf-column-info -debugger-tuning=lldb -ggnu-pubnames -target-linker-version 530 -v -coverage-notes-file /Users/junminkim/Workspace/DataBase/MariaDBConnector/cmake-build-debug/CMakeFiles/CMakeTmp/CMakeFiles/cmTC_a80b1.dir/CMakeCXXCompilerABI.cpp.gcno -resource-dir /Library/Developer/CommandLineTools/usr/lib/clang/11.0.0 -isysroot /Library/Developer/CommandLineTools/SDKs/MacOSX10.15.sdk -stdlib=libc++ -internal-isystem /Library/Developer/CommandLineTools/usr/bin/../include/c++/v1 -Wno-framework-include-private-from-public -Wno-atimport-in-framework-header -Wno-extra-semi-stmt -Wno-quoted-include-in-framework-header -fdeprecated-macro -fdebug-compilation-dir /Users/junminkim/Workspace/DataBase/MariaDBConnector/cmake-build-debug/CMakeFiles/CMakeTmp -ferror-limit 19 -fmessage-length 0 -stack-protector 1 -fstack-check -mdarwin-stkchk-strong-link -fblocks -fencode-extended-block-signature -fregister-global-dtors-with-atexit -fobjc-runtime=macosx-10.15.0 -fcxx-exceptions -fexceptions -fmax-type-align=16 -fdiagnostics-show-option -o CMakeFiles/cmTC_a80b1.dir/CMakeCXXCompilerABI.cpp.o -x c++ /Applications/CLion.app/Contents/bin/cmake/mac/share/cmake-3.15/Modules/CMakeCXXCompilerABI.cpp]
  ignore line: [clang -cc1 version 11.0.0 (clang-1100.0.33.17) default target x86_64-apple-darwin19.3.0]
  ignore line: [ignoring nonexistent directory "/Library/Developer/CommandLineTools/SDKs/MacOSX10.15.sdk/usr/include/c++/v1"]
  ignore line: [ignoring nonexistent directory "/Library/Developer/CommandLineTools/SDKs/MacOSX10.15.sdk/usr/local/include"]
  ignore line: [ignoring nonexistent directory "/Library/Developer/CommandLineTools/SDKs/MacOSX10.15.sdk/Library/Frameworks"]
  ignore line: [#include "..." search starts here:]
  ignore line: [#include <...> search starts here:]
  ignore line: [ /Library/Developer/CommandLineTools/usr/bin/../include/c++/v1]
  ignore line: [ /Library/Developer/CommandLineTools/usr/lib/clang/11.0.0/include]
  ignore line: [ /Library/Developer/CommandLineTools/usr/include]
  ignore line: [ /Library/Developer/CommandLineTools/SDKs/MacOSX10.15.sdk/usr/include]
  ignore line: [ /Library/Developer/CommandLineTools/SDKs/MacOSX10.15.sdk/System/Library/Frameworks (framework directory)]
  ignore line: [End of search list.]
  ignore line: [Linking CXX executable cmTC_a80b1]
  ignore line: [/Applications/CLion.app/Contents/bin/cmake/mac/bin/cmake -E cmake_link_script CMakeFiles/cmTC_a80b1.dir/link.txt --verbose=1]
  ignore line: [/Library/Developer/CommandLineTools/usr/bin/c++    -isysroot /Library/Developer/CommandLineTools/SDKs/MacOSX10.15.sdk -Wl,-search_paths_first -Wl,-headerpad_max_install_names  -v -Wl,-v CMakeFiles/cmTC_a80b1.dir/CMakeCXXCompilerABI.cpp.o  -o cmTC_a80b1 ]
  ignore line: [Apple clang version 11.0.0 (clang-1100.0.33.17)]
  ignore line: [Target: x86_64-apple-darwin19.3.0]
  ignore line: [Thread model: posix]
  ignore line: [InstalledDir: /Library/Developer/CommandLineTools/usr/bin]
  link line: [ "/Library/Developer/CommandLineTools/usr/bin/ld" -demangle -lto_library /Library/Developer/CommandLineTools/usr/lib/libLTO.dylib -dynamic -arch x86_64 -macosx_version_min 10.15.0 -syslibroot /Library/Developer/CommandLineTools/SDKs/MacOSX10.15.sdk -o cmTC_a80b1 -search_paths_first -headerpad_max_install_names -v CMakeFiles/cmTC_a80b1.dir/CMakeCXXCompilerABI.cpp.o -lc++ -lSystem /Library/Developer/CommandLineTools/usr/lib/clang/11.0.0/lib/darwin/libclang_rt.osx.a]
    arg [/Library/Developer/CommandLineTools/usr/bin/ld] ==> ignore
    arg [-demangle] ==> ignore
    arg [-lto_library] ==> ignore, skip following value
    arg [/Library/Developer/CommandLineTools/usr/lib/libLTO.dylib] ==> skip value of -lto_library
    arg [-dynamic] ==> ignore
    arg [-arch] ==> ignore
    arg [x86_64] ==> ignore
    arg [-macosx_version_min] ==> ignore
    arg [10.15.0] ==> ignore
    arg [-syslibroot] ==> ignore
    arg [/Library/Developer/CommandLineTools/SDKs/MacOSX10.15.sdk] ==> ignore
    arg [-o] ==> ignore
    arg [cmTC_a80b1] ==> ignore
    arg [-search_paths_first] ==> ignore
    arg [-headerpad_max_install_names] ==> ignore
    arg [-v] ==> ignore
    arg [CMakeFiles/cmTC_a80b1.dir/CMakeCXXCompilerABI.cpp.o] ==> ignore
    arg [-lc++] ==> lib [c++]
    arg [-lSystem] ==> lib [System]
    arg [/Library/Developer/CommandLineTools/usr/lib/clang/11.0.0/lib/darwin/libclang_rt.osx.a] ==> lib [/Library/Developer/CommandLineTools/usr/lib/clang/11.0.0/lib/darwin/libclang_rt.osx.a]
  Library search paths: [;/Library/Developer/CommandLineTools/SDKs/MacOSX10.15.sdk/usr/lib]
  Framework search paths: [;/Library/Developer/CommandLineTools/SDKs/MacOSX10.15.sdk/System/Library/Frameworks/]
  remove lib [System]
  remove lib [/Library/Developer/CommandLineTools/usr/lib/clang/11.0.0/lib/darwin/libclang_rt.osx.a]
  collapse library dir [/Library/Developer/CommandLineTools/SDKs/MacOSX10.15.sdk/usr/lib] ==> [/Library/Developer/CommandLineTools/SDKs/MacOSX10.15.sdk/usr/lib]
  collapse framework dir [/Library/Developer/CommandLineTools/SDKs/MacOSX10.15.sdk/System/Library/Frameworks/] ==> [/Library/Developer/CommandLineTools/SDKs/MacOSX10.15.sdk/System/Library/Frameworks]
  implicit libs: [c++]
  implicit dirs: [/Library/Developer/CommandLineTools/SDKs/MacOSX10.15.sdk/usr/lib]
  implicit fwks: [/Library/Developer/CommandLineTools/SDKs/MacOSX10.15.sdk/System/Library/Frameworks]


Determining if the include file sys/types.h exists passed with the following output:
Change Dir: /Users/junminkim/Workspace/DataBase/MariaDBConnector/cmake-build-debug/CMakeFiles/CMakeTmp

Run Build Command(s):/usr/bin/make cmTC_62022/fast && /Library/Developer/CommandLineTools/usr/bin/make -f CMakeFiles/cmTC_62022.dir/build.make CMakeFiles/cmTC_62022.dir/build
Building C object CMakeFiles/cmTC_62022.dir/CheckIncludeFile.c.o
/Library/Developer/CommandLineTools/usr/bin/cc   -isysroot /Library/Developer/CommandLineTools/SDKs/MacOSX10.15.sdk   -o CMakeFiles/cmTC_62022.dir/CheckIncludeFile.c.o   -c /Users/junminkim/Workspace/DataBase/MariaDBConnector/cmake-build-debug/CMakeFiles/CMakeTmp/CheckIncludeFile.c
Linking C executable cmTC_62022
/Applications/CLion.app/Contents/bin/cmake/mac/bin/cmake -E cmake_link_script CMakeFiles/cmTC_62022.dir/link.txt --verbose=1
/Library/Developer/CommandLineTools/usr/bin/cc   -isysroot /Library/Developer/CommandLineTools/SDKs/MacOSX10.15.sdk -Wl,-search_paths_first -Wl,-headerpad_max_install_names   CMakeFiles/cmTC_62022.dir/CheckIncludeFile.c.o  -o cmTC_62022 



Determining if the include file stdint.h exists passed with the following output:
Change Dir: /Users/junminkim/Workspace/DataBase/MariaDBConnector/cmake-build-debug/CMakeFiles/CMakeTmp

Run Build Command(s):/usr/bin/make cmTC_f9e73/fast && /Library/Developer/CommandLineTools/usr/bin/make -f CMakeFiles/cmTC_f9e73.dir/build.make CMakeFiles/cmTC_f9e73.dir/build
Building C object CMakeFiles/cmTC_f9e73.dir/CheckIncludeFile.c.o
/Library/Developer/CommandLineTools/usr/bin/cc   -isysroot /Library/Developer/CommandLineTools/SDKs/MacOSX10.15.sdk   -o CMakeFiles/cmTC_f9e73.dir/CheckIncludeFile.c.o   -c /Users/junminkim/Workspace/DataBase/MariaDBConnector/cmake-build-debug/CMakeFiles/CMakeTmp/CheckIncludeFile.c
Linking C executable cmTC_f9e73
/Applications/CLion.app/Contents/bin/cmake/mac/bin/cmake -E cmake_link_script CMakeFiles/cmTC_f9e73.dir/link.txt --verbose=1
/Library/Developer/CommandLineTools/usr/bin/cc   -isysroot /Library/Developer/CommandLineTools/SDKs/MacOSX10.15.sdk -Wl,-search_paths_first -Wl,-headerpad_max_install_names   CMakeFiles/cmTC_f9e73.dir/CheckIncludeFile.c.o  -o cmTC_f9e73 



Determining if the include file stddef.h exists passed with the following output:
Change Dir: /Users/junminkim/Workspace/DataBase/MariaDBConnector/cmake-build-debug/CMakeFiles/CMakeTmp

Run Build Command(s):/usr/bin/make cmTC_a81fc/fast && /Library/Developer/CommandLineTools/usr/bin/make -f CMakeFiles/cmTC_a81fc.dir/build.make CMakeFiles/cmTC_a81fc.dir/build
Building C object CMakeFiles/cmTC_a81fc.dir/CheckIncludeFile.c.o
/Library/Developer/CommandLineTools/usr/bin/cc   -isysroot /Library/Developer/CommandLineTools/SDKs/MacOSX10.15.sdk   -o CMakeFiles/cmTC_a81fc.dir/CheckIncludeFile.c.o   -c /Users/junminkim/Workspace/DataBase/MariaDBConnector/cmake-build-debug/CMakeFiles/CMakeTmp/CheckIncludeFile.c
Linking C executable cmTC_a81fc
/Applications/CLion.app/Contents/bin/cmake/mac/bin/cmake -E cmake_link_script CMakeFiles/cmTC_a81fc.dir/link.txt --verbose=1
/Library/Developer/CommandLineTools/usr/bin/cc   -isysroot /Library/Developer/CommandLineTools/SDKs/MacOSX10.15.sdk -Wl,-search_paths_first -Wl,-headerpad_max_install_names   CMakeFiles/cmTC_a81fc.dir/CheckIncludeFile.c.o  -o cmTC_a81fc 



Determining size of unsigned short passed with the following output:
Change Dir: /Users/junminkim/Workspace/DataBase/MariaDBConnector/cmake-build-debug/CMakeFiles/CMakeTmp

Run Build Command(s):/usr/bin/make cmTC_e980f/fast && /Library/Developer/CommandLineTools/usr/bin/make -f CMakeFiles/cmTC_e980f.dir/build.make CMakeFiles/cmTC_e980f.dir/build
Building C object CMakeFiles/cmTC_e980f.dir/CMAKE_SIZEOF_UNSIGNED_SHORT.c.o
/Library/Developer/CommandLineTools/usr/bin/cc   -isysroot /Library/Developer/CommandLineTools/SDKs/MacOSX10.15.sdk   -o CMakeFiles/cmTC_e980f.dir/CMAKE_SIZEOF_UNSIGNED_SHORT.c.o   -c /Users/junminkim/Workspace/DataBase/MariaDBConnector/cmake-build-debug/CMakeFiles/CheckTypeSize/CMAKE_SIZEOF_UNSIGNED_SHORT.c
Linking C executable cmTC_e980f
/Applications/CLion.app/Contents/bin/cmake/mac/bin/cmake -E cmake_link_script CMakeFiles/cmTC_e980f.dir/link.txt --verbose=1
/Library/Developer/CommandLineTools/usr/bin/cc   -isysroot /Library/Developer/CommandLineTools/SDKs/MacOSX10.15.sdk -Wl,-search_paths_first -Wl,-headerpad_max_install_names   CMakeFiles/cmTC_e980f.dir/CMAKE_SIZEOF_UNSIGNED_SHORT.c.o  -o cmTC_e980f 



Determining if the system is big endian passed with the following output:
Change Dir: /Users/junminkim/Workspace/DataBase/MariaDBConnector/cmake-build-debug/CMakeFiles/CMakeTmp

Run Build Command(s):/usr/bin/make cmTC_62f6e/fast && /Library/Developer/CommandLineTools/usr/bin/make -f CMakeFiles/cmTC_62f6e.dir/build.make CMakeFiles/cmTC_62f6e.dir/build
Building C object CMakeFiles/cmTC_62f6e.dir/TestEndianess.c.o
/Library/Developer/CommandLineTools/usr/bin/cc   -isysroot /Library/Developer/CommandLineTools/SDKs/MacOSX10.15.sdk   -o CMakeFiles/cmTC_62f6e.dir/TestEndianess.c.o   -c /Users/junminkim/Workspace/DataBase/MariaDBConnector/cmake-build-debug/CMakeFiles/CMakeTmp/TestEndianess.c
Linking C executable cmTC_62f6e
/Applications/CLion.app/Contents/bin/cmake/mac/bin/cmake -E cmake_link_script CMakeFiles/cmTC_62f6e.dir/link.txt --verbose=1
/Library/Developer/CommandLineTools/usr/bin/cc   -isysroot /Library/Developer/CommandLineTools/SDKs/MacOSX10.15.sdk -Wl,-search_paths_first -Wl,-headerpad_max_install_names   CMakeFiles/cmTC_62f6e.dir/TestEndianess.c.o  -o cmTC_62f6e 


TestEndianess.c:
/* A 16 bit integer is required. */
typedef unsigned short cmakeint16;

/* On a little endian machine, these 16bit ints will give "THIS IS LITTLE ENDIAN."
   On a big endian machine the characters will be exchanged pairwise. */
const cmakeint16 info_little[] =  {0x4854, 0x5349, 0x4920, 0x2053, 0x494c, 0x5454, 0x454c, 0x4520, 0x444e, 0x4149, 0x2e4e, 0x0000};

/* on a big endian machine, these 16bit ints will give "THIS IS BIG ENDIAN."
   On a little endian machine the characters will be exchanged pairwise. */
const cmakeint16 info_big[] =     {0x5448, 0x4953, 0x2049, 0x5320, 0x4249, 0x4720, 0x454e, 0x4449, 0x414e, 0x2e2e, 0x0000};

#ifdef __CLASSIC_C__
int main(argc, argv) int argc; char *argv[];
#else
int main(int argc, char *argv[])
#endif
{
  int require = 0;
  require += info_little[argc];
  require += info_big[argc];
  (void)argv;
  return require;
}


Determining if files alloca.h exist passed with the following output:
Change Dir: /Users/junminkim/Workspace/DataBase/MariaDBConnector/cmake-build-debug/CMakeFiles/CMakeTmp

Run Build Command(s):/usr/bin/make cmTC_9d5f4/fast && /Library/Developer/CommandLineTools/usr/bin/make -f CMakeFiles/cmTC_9d5f4.dir/build.make CMakeFiles/cmTC_9d5f4.dir/build
Building C object CMakeFiles/cmTC_9d5f4.dir/HAVE_ALLOCA_H.c.o
/Library/Developer/CommandLineTools/usr/bin/cc   -isysroot /Library/Developer/CommandLineTools/SDKs/MacOSX10.15.sdk   -o CMakeFiles/cmTC_9d5f4.dir/HAVE_ALLOCA_H.c.o   -c /Users/junminkim/Workspace/DataBase/MariaDBConnector/cmake-build-debug/CMakeFiles/CheckIncludeFiles/HAVE_ALLOCA_H.c
Linking C executable cmTC_9d5f4
/Applications/CLion.app/Contents/bin/cmake/mac/bin/cmake -E cmake_link_script CMakeFiles/cmTC_9d5f4.dir/link.txt --verbose=1
/Library/Developer/CommandLineTools/usr/bin/cc   -isysroot /Library/Developer/CommandLineTools/SDKs/MacOSX10.15.sdk -Wl,-search_paths_first -Wl,-headerpad_max_install_names   CMakeFiles/cmTC_9d5f4.dir/HAVE_ALLOCA_H.c.o  -o cmTC_9d5f4 



Determining if files arpa/inet.h exist passed with the following output:
Change Dir: /Users/junminkim/Workspace/DataBase/MariaDBConnector/cmake-build-debug/CMakeFiles/CMakeTmp

Run Build Command(s):/usr/bin/make cmTC_fb79f/fast && /Library/Developer/CommandLineTools/usr/bin/make -f CMakeFiles/cmTC_fb79f.dir/build.make CMakeFiles/cmTC_fb79f.dir/build
Building C object CMakeFiles/cmTC_fb79f.dir/HAVE_ARPA_INET_H.c.o
/Library/Developer/CommandLineTools/usr/bin/cc   -isysroot /Library/Developer/CommandLineTools/SDKs/MacOSX10.15.sdk   -o CMakeFiles/cmTC_fb79f.dir/HAVE_ARPA_INET_H.c.o   -c /Users/junminkim/Workspace/DataBase/MariaDBConnector/cmake-build-debug/CMakeFiles/CheckIncludeFiles/HAVE_ARPA_INET_H.c
Linking C executable cmTC_fb79f
/Applications/CLion.app/Contents/bin/cmake/mac/bin/cmake -E cmake_link_script CMakeFiles/cmTC_fb79f.dir/link.txt --verbose=1
/Library/Developer/CommandLineTools/usr/bin/cc   -isysroot /Library/Developer/CommandLineTools/SDKs/MacOSX10.15.sdk -Wl,-search_paths_first -Wl,-headerpad_max_install_names   CMakeFiles/cmTC_fb79f.dir/HAVE_ARPA_INET_H.c.o  -o cmTC_fb79f 



Determining if files dlfcn.h exist passed with the following output:
Change Dir: /Users/junminkim/Workspace/DataBase/MariaDBConnector/cmake-build-debug/CMakeFiles/CMakeTmp

Run Build Command(s):/usr/bin/make cmTC_8a82b/fast && /Library/Developer/CommandLineTools/usr/bin/make -f CMakeFiles/cmTC_8a82b.dir/build.make CMakeFiles/cmTC_8a82b.dir/build
Building C object CMakeFiles/cmTC_8a82b.dir/HAVE_DLFCN_H.c.o
/Library/Developer/CommandLineTools/usr/bin/cc   -isysroot /Library/Developer/CommandLineTools/SDKs/MacOSX10.15.sdk   -o CMakeFiles/cmTC_8a82b.dir/HAVE_DLFCN_H.c.o   -c /Users/junminkim/Workspace/DataBase/MariaDBConnector/cmake-build-debug/CMakeFiles/CheckIncludeFiles/HAVE_DLFCN_H.c
Linking C executable cmTC_8a82b
/Applications/CLion.app/Contents/bin/cmake/mac/bin/cmake -E cmake_link_script CMakeFiles/cmTC_8a82b.dir/link.txt --verbose=1
/Library/Developer/CommandLineTools/usr/bin/cc   -isysroot /Library/Developer/CommandLineTools/SDKs/MacOSX10.15.sdk -Wl,-search_paths_first -Wl,-headerpad_max_install_names   CMakeFiles/cmTC_8a82b.dir/HAVE_DLFCN_H.c.o  -o cmTC_8a82b 



Determining if files fcntl.h exist passed with the following output:
Change Dir: /Users/junminkim/Workspace/DataBase/MariaDBConnector/cmake-build-debug/CMakeFiles/CMakeTmp

Run Build Command(s):/usr/bin/make cmTC_f74ec/fast && /Library/Developer/CommandLineTools/usr/bin/make -f CMakeFiles/cmTC_f74ec.dir/build.make CMakeFiles/cmTC_f74ec.dir/build
Building C object CMakeFiles/cmTC_f74ec.dir/HAVE_FCNTL_H.c.o
/Library/Developer/CommandLineTools/usr/bin/cc   -isysroot /Library/Developer/CommandLineTools/SDKs/MacOSX10.15.sdk   -o CMakeFiles/cmTC_f74ec.dir/HAVE_FCNTL_H.c.o   -c /Users/junminkim/Workspace/DataBase/MariaDBConnector/cmake-build-debug/CMakeFiles/CheckIncludeFiles/HAVE_FCNTL_H.c
Linking C executable cmTC_f74ec
/Applications/CLion.app/Contents/bin/cmake/mac/bin/cmake -E cmake_link_script CMakeFiles/cmTC_f74ec.dir/link.txt --verbose=1
/Library/Developer/CommandLineTools/usr/bin/cc   -isysroot /Library/Developer/CommandLineTools/SDKs/MacOSX10.15.sdk -Wl,-search_paths_first -Wl,-headerpad_max_install_names   CMakeFiles/cmTC_f74ec.dir/HAVE_FCNTL_H.c.o  -o cmTC_f74ec 



Determining if files float.h exist passed with the following output:
Change Dir: /Users/junminkim/Workspace/DataBase/MariaDBConnector/cmake-build-debug/CMakeFiles/CMakeTmp

Run Build Command(s):/usr/bin/make cmTC_e04d6/fast && /Library/Developer/CommandLineTools/usr/bin/make -f CMakeFiles/cmTC_e04d6.dir/build.make CMakeFiles/cmTC_e04d6.dir/build
Building C object CMakeFiles/cmTC_e04d6.dir/HAVE_FLOAT_H.c.o
/Library/Developer/CommandLineTools/usr/bin/cc   -isysroot /Library/Developer/CommandLineTools/SDKs/MacOSX10.15.sdk   -o CMakeFiles/cmTC_e04d6.dir/HAVE_FLOAT_H.c.o   -c /Users/junminkim/Workspace/DataBase/MariaDBConnector/cmake-build-debug/CMakeFiles/CheckIncludeFiles/HAVE_FLOAT_H.c
Linking C executable cmTC_e04d6
/Applications/CLion.app/Contents/bin/cmake/mac/bin/cmake -E cmake_link_script CMakeFiles/cmTC_e04d6.dir/link.txt --verbose=1
/Library/Developer/CommandLineTools/usr/bin/cc   -isysroot /Library/Developer/CommandLineTools/SDKs/MacOSX10.15.sdk -Wl,-search_paths_first -Wl,-headerpad_max_install_names   CMakeFiles/cmTC_e04d6.dir/HAVE_FLOAT_H.c.o  -o cmTC_e04d6 



Determining if files limits.h exist passed with the following output:
Change Dir: /Users/junminkim/Workspace/DataBase/MariaDBConnector/cmake-build-debug/CMakeFiles/CMakeTmp

Run Build Command(s):/usr/bin/make cmTC_ec270/fast && /Library/Developer/CommandLineTools/usr/bin/make -f CMakeFiles/cmTC_ec270.dir/build.make CMakeFiles/cmTC_ec270.dir/build
Building C object CMakeFiles/cmTC_ec270.dir/HAVE_LIMITS_H.c.o
/Library/Developer/CommandLineTools/usr/bin/cc   -isysroot /Library/Developer/CommandLineTools/SDKs/MacOSX10.15.sdk   -o CMakeFiles/cmTC_ec270.dir/HAVE_LIMITS_H.c.o   -c /Users/junminkim/Workspace/DataBase/MariaDBConnector/cmake-build-debug/CMakeFiles/CheckIncludeFiles/HAVE_LIMITS_H.c
Linking C executable cmTC_ec270
/Applications/CLion.app/Contents/bin/cmake/mac/bin/cmake -E cmake_link_script CMakeFiles/cmTC_ec270.dir/link.txt --verbose=1
/Library/Developer/CommandLineTools/usr/bin/cc   -isysroot /Library/Developer/CommandLineTools/SDKs/MacOSX10.15.sdk -Wl,-search_paths_first -Wl,-headerpad_max_install_names   CMakeFiles/cmTC_ec270.dir/HAVE_LIMITS_H.c.o  -o cmTC_ec270 



Determining if files pwd.h exist passed with the following output:
Change Dir: /Users/junminkim/Workspace/DataBase/MariaDBConnector/cmake-build-debug/CMakeFiles/CMakeTmp

Run Build Command(s):/usr/bin/make cmTC_30a23/fast && /Library/Developer/CommandLineTools/usr/bin/make -f CMakeFiles/cmTC_30a23.dir/build.make CMakeFiles/cmTC_30a23.dir/build
Building C object CMakeFiles/cmTC_30a23.dir/HAVE_PWD_H.c.o
/Library/Developer/CommandLineTools/usr/bin/cc   -isysroot /Library/Developer/CommandLineTools/SDKs/MacOSX10.15.sdk   -o CMakeFiles/cmTC_30a23.dir/HAVE_PWD_H.c.o   -c /Users/junminkim/Workspace/DataBase/MariaDBConnector/cmake-build-debug/CMakeFiles/CheckIncludeFiles/HAVE_PWD_H.c
Linking C executable cmTC_30a23
/Applications/CLion.app/Contents/bin/cmake/mac/bin/cmake -E cmake_link_script CMakeFiles/cmTC_30a23.dir/link.txt --verbose=1
/Library/Developer/CommandLineTools/usr/bin/cc   -isysroot /Library/Developer/CommandLineTools/SDKs/MacOSX10.15.sdk -Wl,-search_paths_first -Wl,-headerpad_max_install_names   CMakeFiles/cmTC_30a23.dir/HAVE_PWD_H.c.o  -o cmTC_30a23 



Determining if files sched.h exist passed with the following output:
Change Dir: /Users/junminkim/Workspace/DataBase/MariaDBConnector/cmake-build-debug/CMakeFiles/CMakeTmp

Run Build Command(s):/usr/bin/make cmTC_eace4/fast && /Library/Developer/CommandLineTools/usr/bin/make -f CMakeFiles/cmTC_eace4.dir/build.make CMakeFiles/cmTC_eace4.dir/build
Building C object CMakeFiles/cmTC_eace4.dir/HAVE_SCHED_H.c.o
/Library/Developer/CommandLineTools/usr/bin/cc   -isysroot /Library/Developer/CommandLineTools/SDKs/MacOSX10.15.sdk   -o CMakeFiles/cmTC_eace4.dir/HAVE_SCHED_H.c.o   -c /Users/junminkim/Workspace/DataBase/MariaDBConnector/cmake-build-debug/CMakeFiles/CheckIncludeFiles/HAVE_SCHED_H.c
Linking C executable cmTC_eace4
/Applications/CLion.app/Contents/bin/cmake/mac/bin/cmake -E cmake_link_script CMakeFiles/cmTC_eace4.dir/link.txt --verbose=1
/Library/Developer/CommandLineTools/usr/bin/cc   -isysroot /Library/Developer/CommandLineTools/SDKs/MacOSX10.15.sdk -Wl,-search_paths_first -Wl,-headerpad_max_install_names   CMakeFiles/cmTC_eace4.dir/HAVE_SCHED_H.c.o  -o cmTC_eace4 



Determining if files signal.h exist passed with the following output:
Change Dir: /Users/junminkim/Workspace/DataBase/MariaDBConnector/cmake-build-debug/CMakeFiles/CMakeTmp

Run Build Command(s):/usr/bin/make cmTC_efd85/fast && /Library/Developer/CommandLineTools/usr/bin/make -f CMakeFiles/cmTC_efd85.dir/build.make CMakeFiles/cmTC_efd85.dir/build
Building C object CMakeFiles/cmTC_efd85.dir/INCLUDE_SIGNAL.c.o
/Library/Developer/CommandLineTools/usr/bin/cc   -isysroot /Library/Developer/CommandLineTools/SDKs/MacOSX10.15.sdk   -o CMakeFiles/cmTC_efd85.dir/INCLUDE_SIGNAL.c.o   -c /Users/junminkim/Workspace/DataBase/MariaDBConnector/cmake-build-debug/CMakeFiles/CheckIncludeFiles/INCLUDE_SIGNAL.c
Linking C executable cmTC_efd85
/Applications/CLion.app/Contents/bin/cmake/mac/bin/cmake -E cmake_link_script CMakeFiles/cmTC_efd85.dir/link.txt --verbose=1
/Library/Developer/CommandLineTools/usr/bin/cc   -isysroot /Library/Developer/CommandLineTools/SDKs/MacOSX10.15.sdk -Wl,-search_paths_first -Wl,-headerpad_max_install_names   CMakeFiles/cmTC_efd85.dir/INCLUDE_SIGNAL.c.o  -o cmTC_efd85 



Determining if files stdlib.h exist passed with the following output:
Change Dir: /Users/junminkim/Workspace/DataBase/MariaDBConnector/cmake-build-debug/CMakeFiles/CMakeTmp

Run Build Command(s):/usr/bin/make cmTC_ed91a/fast && /Library/Developer/CommandLineTools/usr/bin/make -f CMakeFiles/cmTC_ed91a.dir/build.make CMakeFiles/cmTC_ed91a.dir/build
Building C object CMakeFiles/cmTC_ed91a.dir/HAVE_STDLIB_H.c.o
/Library/Developer/CommandLineTools/usr/bin/cc   -isysroot /Library/Developer/CommandLineTools/SDKs/MacOSX10.15.sdk   -o CMakeFiles/cmTC_ed91a.dir/HAVE_STDLIB_H.c.o   -c /Users/junminkim/Workspace/DataBase/MariaDBConnector/cmake-build-debug/CMakeFiles/CheckIncludeFiles/HAVE_STDLIB_H.c
Linking C executable cmTC_ed91a
/Applications/CLion.app/Contents/bin/cmake/mac/bin/cmake -E cmake_link_script CMakeFiles/cmTC_ed91a.dir/link.txt --verbose=1
/Library/Developer/CommandLineTools/usr/bin/cc   -isysroot /Library/Developer/CommandLineTools/SDKs/MacOSX10.15.sdk -Wl,-search_paths_first -Wl,-headerpad_max_install_names   CMakeFiles/cmTC_ed91a.dir/HAVE_STDLIB_H.c.o  -o cmTC_ed91a 



Determining if files string.h exist passed with the following output:
Change Dir: /Users/junminkim/Workspace/DataBase/MariaDBConnector/cmake-build-debug/CMakeFiles/CMakeTmp

Run Build Command(s):/usr/bin/make cmTC_c5b42/fast && /Library/Developer/CommandLineTools/usr/bin/make -f CMakeFiles/cmTC_c5b42.dir/build.make CMakeFiles/cmTC_c5b42.dir/build
Building C object CMakeFiles/cmTC_c5b42.dir/HAVE_STRING_H.c.o
/Library/Developer/CommandLineTools/usr/bin/cc   -isysroot /Library/Developer/CommandLineTools/SDKs/MacOSX10.15.sdk   -o CMakeFiles/cmTC_c5b42.dir/HAVE_STRING_H.c.o   -c /Users/junminkim/Workspace/DataBase/MariaDBConnector/cmake-build-debug/CMakeFiles/CheckIncludeFiles/HAVE_STRING_H.c
Linking C executable cmTC_c5b42
/Applications/CLion.app/Contents/bin/cmake/mac/bin/cmake -E cmake_link_script CMakeFiles/cmTC_c5b42.dir/link.txt --verbose=1
/Library/Developer/CommandLineTools/usr/bin/cc   -isysroot /Library/Developer/CommandLineTools/SDKs/MacOSX10.15.sdk -Wl,-search_paths_first -Wl,-headerpad_max_install_names   CMakeFiles/cmTC_c5b42.dir/HAVE_STRING_H.c.o  -o cmTC_c5b42 



Determining if files strings.h exist passed with the following output:
Change Dir: /Users/junminkim/Workspace/DataBase/MariaDBConnector/cmake-build-debug/CMakeFiles/CMakeTmp

Run Build Command(s):/usr/bin/make cmTC_cfbf3/fast && /Library/Developer/CommandLineTools/usr/bin/make -f CMakeFiles/cmTC_cfbf3.dir/build.make CMakeFiles/cmTC_cfbf3.dir/build
Building C object CMakeFiles/cmTC_cfbf3.dir/HAVE_STRINGS_H.c.o
/Library/Developer/CommandLineTools/usr/bin/cc   -isysroot /Library/Developer/CommandLineTools/SDKs/MacOSX10.15.sdk   -o CMakeFiles/cmTC_cfbf3.dir/HAVE_STRINGS_H.c.o   -c /Users/junminkim/Workspace/DataBase/MariaDBConnector/cmake-build-debug/CMakeFiles/CheckIncludeFiles/HAVE_STRINGS_H.c
Linking C executable cmTC_cfbf3
/Applications/CLion.app/Contents/bin/cmake/mac/bin/cmake -E cmake_link_script CMakeFiles/cmTC_cfbf3.dir/link.txt --verbose=1
/Library/Developer/CommandLineTools/usr/bin/cc   -isysroot /Library/Developer/CommandLineTools/SDKs/MacOSX10.15.sdk -Wl,-search_paths_first -Wl,-headerpad_max_install_names   CMakeFiles/cmTC_cfbf3.dir/HAVE_STRINGS_H.c.o  -o cmTC_cfbf3 



Determining if files sys/ioctl.h exist passed with the following output:
Change Dir: /Users/junminkim/Workspace/DataBase/MariaDBConnector/cmake-build-debug/CMakeFiles/CMakeTmp

Run Build Command(s):/usr/bin/make cmTC_bd619/fast && /Library/Developer/CommandLineTools/usr/bin/make -f CMakeFiles/cmTC_bd619.dir/build.make CMakeFiles/cmTC_bd619.dir/build
Building C object CMakeFiles/cmTC_bd619.dir/HAVE_SYS_IOCTL_H.c.o
/Library/Developer/CommandLineTools/usr/bin/cc   -isysroot /Library/Developer/CommandLineTools/SDKs/MacOSX10.15.sdk   -o CMakeFiles/cmTC_bd619.dir/HAVE_SYS_IOCTL_H.c.o   -c /Users/junminkim/Workspace/DataBase/MariaDBConnector/cmake-build-debug/CMakeFiles/CheckIncludeFiles/HAVE_SYS_IOCTL_H.c
Linking C executable cmTC_bd619
/Applications/CLion.app/Contents/bin/cmake/mac/bin/cmake -E cmake_link_script CMakeFiles/cmTC_bd619.dir/link.txt --verbose=1
/Library/Developer/CommandLineTools/usr/bin/cc   -isysroot /Library/Developer/CommandLineTools/SDKs/MacOSX10.15.sdk -Wl,-search_paths_first -Wl,-headerpad_max_install_names   CMakeFiles/cmTC_bd619.dir/HAVE_SYS_IOCTL_H.c.o  -o cmTC_bd619 



Determining if files sys/select.h exist passed with the following output:
Change Dir: /Users/junminkim/Workspace/DataBase/MariaDBConnector/cmake-build-debug/CMakeFiles/CMakeTmp

Run Build Command(s):/usr/bin/make cmTC_f44e8/fast && /Library/Developer/CommandLineTools/usr/bin/make -f CMakeFiles/cmTC_f44e8.dir/build.make CMakeFiles/cmTC_f44e8.dir/build
Building C object CMakeFiles/cmTC_f44e8.dir/HAVE_SYS_SELECT_H.c.o
/Library/Developer/CommandLineTools/usr/bin/cc   -isysroot /Library/Developer/CommandLineTools/SDKs/MacOSX10.15.sdk   -o CMakeFiles/cmTC_f44e8.dir/HAVE_SYS_SELECT_H.c.o   -c /Users/junminkim/Workspace/DataBase/MariaDBConnector/cmake-build-debug/CMakeFiles/CheckIncludeFiles/HAVE_SYS_SELECT_H.c
Linking C executable cmTC_f44e8
/Applications/CLion.app/Contents/bin/cmake/mac/bin/cmake -E cmake_link_script CMakeFiles/cmTC_f44e8.dir/link.txt --verbose=1
/Library/Developer/CommandLineTools/usr/bin/cc   -isysroot /Library/Developer/CommandLineTools/SDKs/MacOSX10.15.sdk -Wl,-search_paths_first -Wl,-headerpad_max_install_names   CMakeFiles/cmTC_f44e8.dir/HAVE_SYS_SELECT_H.c.o  -o cmTC_f44e8 



Determining if files sys/socket.h exist passed with the following output:
Change Dir: /Users/junminkim/Workspace/DataBase/MariaDBConnector/cmake-build-debug/CMakeFiles/CMakeTmp

Run Build Command(s):/usr/bin/make cmTC_e67bf/fast && /Library/Developer/CommandLineTools/usr/bin/make -f CMakeFiles/cmTC_e67bf.dir/build.make CMakeFiles/cmTC_e67bf.dir/build
Building C object CMakeFiles/cmTC_e67bf.dir/HAVE_SYS_SOCKET_H.c.o
/Library/Developer/CommandLineTools/usr/bin/cc   -isysroot /Library/Developer/CommandLineTools/SDKs/MacOSX10.15.sdk   -o CMakeFiles/cmTC_e67bf.dir/HAVE_SYS_SOCKET_H.c.o   -c /Users/junminkim/Workspace/DataBase/MariaDBConnector/cmake-build-debug/CMakeFiles/CheckIncludeFiles/HAVE_SYS_SOCKET_H.c
Linking C executable cmTC_e67bf
/Applications/CLion.app/Contents/bin/cmake/mac/bin/cmake -E cmake_link_script CMakeFiles/cmTC_e67bf.dir/link.txt --verbose=1
/Library/Developer/CommandLineTools/usr/bin/cc   -isysroot /Library/Developer/CommandLineTools/SDKs/MacOSX10.15.sdk -Wl,-search_paths_first -Wl,-headerpad_max_install_names   CMakeFiles/cmTC_e67bf.dir/HAVE_SYS_SOCKET_H.c.o  -o cmTC_e67bf 



Determining if files sys/un.h exist passed with the following output:
Change Dir: /Users/junminkim/Workspace/DataBase/MariaDBConnector/cmake-build-debug/CMakeFiles/CMakeTmp

Run Build Command(s):/usr/bin/make cmTC_0b4d2/fast && /Library/Developer/CommandLineTools/usr/bin/make -f CMakeFiles/cmTC_0b4d2.dir/build.make CMakeFiles/cmTC_0b4d2.dir/build
Building C object CMakeFiles/cmTC_0b4d2.dir/HAVE_SYS_UN_H.c.o
/Library/Developer/CommandLineTools/usr/bin/cc   -isysroot /Library/Developer/CommandLineTools/SDKs/MacOSX10.15.sdk   -o CMakeFiles/cmTC_0b4d2.dir/HAVE_SYS_UN_H.c.o   -c /Users/junminkim/Workspace/DataBase/MariaDBConnector/cmake-build-debug/CMakeFiles/CheckIncludeFiles/HAVE_SYS_UN_H.c
Linking C executable cmTC_0b4d2
/Applications/CLion.app/Contents/bin/cmake/mac/bin/cmake -E cmake_link_script CMakeFiles/cmTC_0b4d2.dir/link.txt --verbose=1
/Library/Developer/CommandLineTools/usr/bin/cc   -isysroot /Library/Developer/CommandLineTools/SDKs/MacOSX10.15.sdk -Wl,-search_paths_first -Wl,-headerpad_max_install_names   CMakeFiles/cmTC_0b4d2.dir/HAVE_SYS_UN_H.c.o  -o cmTC_0b4d2 



Determining if files unistd.h exist passed with the following output:
Change Dir: /Users/junminkim/Workspace/DataBase/MariaDBConnector/cmake-build-debug/CMakeFiles/CMakeTmp

Run Build Command(s):/usr/bin/make cmTC_cff91/fast && /Library/Developer/CommandLineTools/usr/bin/make -f CMakeFiles/cmTC_cff91.dir/build.make CMakeFiles/cmTC_cff91.dir/build
Building C object CMakeFiles/cmTC_cff91.dir/HAVE_UNISTD_H.c.o
/Library/Developer/CommandLineTools/usr/bin/cc   -isysroot /Library/Developer/CommandLineTools/SDKs/MacOSX10.15.sdk   -o CMakeFiles/cmTC_cff91.dir/HAVE_UNISTD_H.c.o   -c /Users/junminkim/Workspace/DataBase/MariaDBConnector/cmake-build-debug/CMakeFiles/CheckIncludeFiles/HAVE_UNISTD_H.c
Linking C executable cmTC_cff91
/Applications/CLion.app/Contents/bin/cmake/mac/bin/cmake -E cmake_link_script CMakeFiles/cmTC_cff91.dir/link.txt --verbose=1
/Library/Developer/CommandLineTools/usr/bin/cc   -isysroot /Library/Developer/CommandLineTools/SDKs/MacOSX10.15.sdk -Wl,-search_paths_first -Wl,-headerpad_max_install_names   CMakeFiles/cmTC_cff91.dir/HAVE_UNISTD_H.c.o  -o cmTC_cff91 



Determining if files utime.h exist passed with the following output:
Change Dir: /Users/junminkim/Workspace/DataBase/MariaDBConnector/cmake-build-debug/CMakeFiles/CMakeTmp

Run Build Command(s):/usr/bin/make cmTC_e0036/fast && /Library/Developer/CommandLineTools/usr/bin/make -f CMakeFiles/cmTC_e0036.dir/build.make CMakeFiles/cmTC_e0036.dir/build
Building C object CMakeFiles/cmTC_e0036.dir/HAVE_UTIME_H.c.o
/Library/Developer/CommandLineTools/usr/bin/cc   -isysroot /Library/Developer/CommandLineTools/SDKs/MacOSX10.15.sdk   -o CMakeFiles/cmTC_e0036.dir/HAVE_UTIME_H.c.o   -c /Users/junminkim/Workspace/DataBase/MariaDBConnector/cmake-build-debug/CMakeFiles/CheckIncludeFiles/HAVE_UTIME_H.c
Linking C executable cmTC_e0036
/Applications/CLion.app/Contents/bin/cmake/mac/bin/cmake -E cmake_link_script CMakeFiles/cmTC_e0036.dir/link.txt --verbose=1
/Library/Developer/CommandLineTools/usr/bin/cc   -isysroot /Library/Developer/CommandLineTools/SDKs/MacOSX10.15.sdk -Wl,-search_paths_first -Wl,-headerpad_max_install_names   CMakeFiles/cmTC_e0036.dir/HAVE_UTIME_H.c.o  -o cmTC_e0036 



Determining if the function dlerror exists passed with the following output:
Change Dir: /Users/junminkim/Workspace/DataBase/MariaDBConnector/cmake-build-debug/CMakeFiles/CMakeTmp

Run Build Command(s):/usr/bin/make cmTC_3d1cf/fast && /Library/Developer/CommandLineTools/usr/bin/make -f CMakeFiles/cmTC_3d1cf.dir/build.make CMakeFiles/cmTC_3d1cf.dir/build
Building C object CMakeFiles/cmTC_3d1cf.dir/CheckFunctionExists.c.o
/Library/Developer/CommandLineTools/usr/bin/cc   -DCHECK_FUNCTION_EXISTS=dlerror -isysroot /Library/Developer/CommandLineTools/SDKs/MacOSX10.15.sdk   -o CMakeFiles/cmTC_3d1cf.dir/CheckFunctionExists.c.o   -c /Applications/CLion.app/Contents/bin/cmake/mac/share/cmake-3.15/Modules/CheckFunctionExists.c
Linking C executable cmTC_3d1cf
/Applications/CLion.app/Contents/bin/cmake/mac/bin/cmake -E cmake_link_script CMakeFiles/cmTC_3d1cf.dir/link.txt --verbose=1
/Library/Developer/CommandLineTools/usr/bin/cc  -DCHECK_FUNCTION_EXISTS=dlerror -isysroot /Library/Developer/CommandLineTools/SDKs/MacOSX10.15.sdk -Wl,-search_paths_first -Wl,-headerpad_max_install_names   CMakeFiles/cmTC_3d1cf.dir/CheckFunctionExists.c.o  -o cmTC_3d1cf 



Determining if the function dlopen exists passed with the following output:
Change Dir: /Users/junminkim/Workspace/DataBase/MariaDBConnector/cmake-build-debug/CMakeFiles/CMakeTmp

Run Build Command(s):/usr/bin/make cmTC_5c4cd/fast && /Library/Developer/CommandLineTools/usr/bin/make -f CMakeFiles/cmTC_5c4cd.dir/build.make CMakeFiles/cmTC_5c4cd.dir/build
Building C object CMakeFiles/cmTC_5c4cd.dir/CheckFunctionExists.c.o
/Library/Developer/CommandLineTools/usr/bin/cc   -DCHECK_FUNCTION_EXISTS=dlopen -isysroot /Library/Developer/CommandLineTools/SDKs/MacOSX10.15.sdk   -o CMakeFiles/cmTC_5c4cd.dir/CheckFunctionExists.c.o   -c /Applications/CLion.app/Contents/bin/cmake/mac/share/cmake-3.15/Modules/CheckFunctionExists.c
Linking C executable cmTC_5c4cd
/Applications/CLion.app/Contents/bin/cmake/mac/bin/cmake -E cmake_link_script CMakeFiles/cmTC_5c4cd.dir/link.txt --verbose=1
/Library/Developer/CommandLineTools/usr/bin/cc  -DCHECK_FUNCTION_EXISTS=dlopen -isysroot /Library/Developer/CommandLineTools/SDKs/MacOSX10.15.sdk -Wl,-search_paths_first -Wl,-headerpad_max_install_names   CMakeFiles/cmTC_5c4cd.dir/CheckFunctionExists.c.o  -o cmTC_5c4cd 



Determining if the function fcntl exists passed with the following output:
Change Dir: /Users/junminkim/Workspace/DataBase/MariaDBConnector/cmake-build-debug/CMakeFiles/CMakeTmp

Run Build Command(s):/usr/bin/make cmTC_803b3/fast && /Library/Developer/CommandLineTools/usr/bin/make -f CMakeFiles/cmTC_803b3.dir/build.make CMakeFiles/cmTC_803b3.dir/build
Building C object CMakeFiles/cmTC_803b3.dir/CheckFunctionExists.c.o
/Library/Developer/CommandLineTools/usr/bin/cc   -DCHECK_FUNCTION_EXISTS=fcntl -isysroot /Library/Developer/CommandLineTools/SDKs/MacOSX10.15.sdk   -o CMakeFiles/cmTC_803b3.dir/CheckFunctionExists.c.o   -c /Applications/CLion.app/Contents/bin/cmake/mac/share/cmake-3.15/Modules/CheckFunctionExists.c
Linking C executable cmTC_803b3
/Applications/CLion.app/Contents/bin/cmake/mac/bin/cmake -E cmake_link_script CMakeFiles/cmTC_803b3.dir/link.txt --verbose=1
/Library/Developer/CommandLineTools/usr/bin/cc  -DCHECK_FUNCTION_EXISTS=fcntl -isysroot /Library/Developer/CommandLineTools/SDKs/MacOSX10.15.sdk -Wl,-search_paths_first -Wl,-headerpad_max_install_names   CMakeFiles/cmTC_803b3.dir/CheckFunctionExists.c.o  -o cmTC_803b3 



Determining if the function memcpy exists passed with the following output:
Change Dir: /Users/junminkim/Workspace/DataBase/MariaDBConnector/cmake-build-debug/CMakeFiles/CMakeTmp

Run Build Command(s):/usr/bin/make cmTC_69382/fast && /Library/Developer/CommandLineTools/usr/bin/make -f CMakeFiles/cmTC_69382.dir/build.make CMakeFiles/cmTC_69382.dir/build
Building C object CMakeFiles/cmTC_69382.dir/CheckFunctionExists.c.o
/Library/Developer/CommandLineTools/usr/bin/cc   -DCHECK_FUNCTION_EXISTS=memcpy -isysroot /Library/Developer/CommandLineTools/SDKs/MacOSX10.15.sdk   -o CMakeFiles/cmTC_69382.dir/CheckFunctionExists.c.o   -c /Applications/CLion.app/Contents/bin/cmake/mac/share/cmake-3.15/Modules/CheckFunctionExists.c
/Applications/CLion.app/Contents/bin/cmake/mac/share/cmake-3.15/Modules/CheckFunctionExists.c:7:3: warning: incompatible redeclaration of library function 'memcpy' [-Wincompatible-library-redeclaration]
  CHECK_FUNCTION_EXISTS(void);
  ^
<command line>:1:31: note: expanded from here
#define CHECK_FUNCTION_EXISTS memcpy
                              ^
/Applications/CLion.app/Contents/bin/cmake/mac/share/cmake-3.15/Modules/CheckFunctionExists.c:7:3: note: 'memcpy' is a builtin with type 'void *(void *, const void *, unsigned long)'
<command line>:1:31: note: expanded from here
#define CHECK_FUNCTION_EXISTS memcpy
                              ^
1 warning generated.
Linking C executable cmTC_69382
/Applications/CLion.app/Contents/bin/cmake/mac/bin/cmake -E cmake_link_script CMakeFiles/cmTC_69382.dir/link.txt --verbose=1
/Library/Developer/CommandLineTools/usr/bin/cc  -DCHECK_FUNCTION_EXISTS=memcpy -isysroot /Library/Developer/CommandLineTools/SDKs/MacOSX10.15.sdk -Wl,-search_paths_first -Wl,-headerpad_max_install_names   CMakeFiles/cmTC_69382.dir/CheckFunctionExists.c.o  -o cmTC_69382 



Determining if the function nl_langinfo exists passed with the following output:
Change Dir: /Users/junminkim/Workspace/DataBase/MariaDBConnector/cmake-build-debug/CMakeFiles/CMakeTmp

Run Build Command(s):/usr/bin/make cmTC_d4624/fast && /Library/Developer/CommandLineTools/usr/bin/make -f CMakeFiles/cmTC_d4624.dir/build.make CMakeFiles/cmTC_d4624.dir/build
Building C object CMakeFiles/cmTC_d4624.dir/CheckFunctionExists.c.o
/Library/Developer/CommandLineTools/usr/bin/cc   -DCHECK_FUNCTION_EXISTS=nl_langinfo -isysroot /Library/Developer/CommandLineTools/SDKs/MacOSX10.15.sdk   -o CMakeFiles/cmTC_d4624.dir/CheckFunctionExists.c.o   -c /Applications/CLion.app/Contents/bin/cmake/mac/share/cmake-3.15/Modules/CheckFunctionExists.c
Linking C executable cmTC_d4624
/Applications/CLion.app/Contents/bin/cmake/mac/bin/cmake -E cmake_link_script CMakeFiles/cmTC_d4624.dir/link.txt --verbose=1
/Library/Developer/CommandLineTools/usr/bin/cc  -DCHECK_FUNCTION_EXISTS=nl_langinfo -isysroot /Library/Developer/CommandLineTools/SDKs/MacOSX10.15.sdk -Wl,-search_paths_first -Wl,-headerpad_max_install_names   CMakeFiles/cmTC_d4624.dir/CheckFunctionExists.c.o  -o cmTC_d4624 



Determining if the function setlocale exists passed with the following output:
Change Dir: /Users/junminkim/Workspace/DataBase/MariaDBConnector/cmake-build-debug/CMakeFiles/CMakeTmp

Run Build Command(s):/usr/bin/make cmTC_e394c/fast && /Library/Developer/CommandLineTools/usr/bin/make -f CMakeFiles/cmTC_e394c.dir/build.make CMakeFiles/cmTC_e394c.dir/build
Building C object CMakeFiles/cmTC_e394c.dir/CheckFunctionExists.c.o
/Library/Developer/CommandLineTools/usr/bin/cc   -DCHECK_FUNCTION_EXISTS=setlocale -isysroot /Library/Developer/CommandLineTools/SDKs/MacOSX10.15.sdk   -o CMakeFiles/cmTC_e394c.dir/CheckFunctionExists.c.o   -c /Applications/CLion.app/Contents/bin/cmake/mac/share/cmake-3.15/Modules/CheckFunctionExists.c
Linking C executable cmTC_e394c
/Applications/CLion.app/Contents/bin/cmake/mac/bin/cmake -E cmake_link_script CMakeFiles/cmTC_e394c.dir/link.txt --verbose=1
/Library/Developer/CommandLineTools/usr/bin/cc  -DCHECK_FUNCTION_EXISTS=setlocale -isysroot /Library/Developer/CommandLineTools/SDKs/MacOSX10.15.sdk -Wl,-search_paths_first -Wl,-headerpad_max_install_names   CMakeFiles/cmTC_e394c.dir/CheckFunctionExists.c.o  -o cmTC_e394c 



Determining if the function poll exists passed with the following output:
Change Dir: /Users/junminkim/Workspace/DataBase/MariaDBConnector/cmake-build-debug/CMakeFiles/CMakeTmp

Run Build Command(s):/usr/bin/make cmTC_888cb/fast && /Library/Developer/CommandLineTools/usr/bin/make -f CMakeFiles/cmTC_888cb.dir/build.make CMakeFiles/cmTC_888cb.dir/build
Building C object CMakeFiles/cmTC_888cb.dir/CheckFunctionExists.c.o
/Library/Developer/CommandLineTools/usr/bin/cc   -DCHECK_FUNCTION_EXISTS=poll -isysroot /Library/Developer/CommandLineTools/SDKs/MacOSX10.15.sdk   -o CMakeFiles/cmTC_888cb.dir/CheckFunctionExists.c.o   -c /Applications/CLion.app/Contents/bin/cmake/mac/share/cmake-3.15/Modules/CheckFunctionExists.c
Linking C executable cmTC_888cb
/Applications/CLion.app/Contents/bin/cmake/mac/bin/cmake -E cmake_link_script CMakeFiles/cmTC_888cb.dir/link.txt --verbose=1
/Library/Developer/CommandLineTools/usr/bin/cc  -DCHECK_FUNCTION_EXISTS=poll -isysroot /Library/Developer/CommandLineTools/SDKs/MacOSX10.15.sdk -Wl,-search_paths_first -Wl,-headerpad_max_install_names   CMakeFiles/cmTC_888cb.dir/CheckFunctionExists.c.o  -o cmTC_888cb 



Determining if the function getpwuid exists passed with the following output:
Change Dir: /Users/junminkim/Workspace/DataBase/MariaDBConnector/cmake-build-debug/CMakeFiles/CMakeTmp

Run Build Command(s):/usr/bin/make cmTC_bd455/fast && /Library/Developer/CommandLineTools/usr/bin/make -f CMakeFiles/cmTC_bd455.dir/build.make CMakeFiles/cmTC_bd455.dir/build
Building C object CMakeFiles/cmTC_bd455.dir/CheckFunctionExists.c.o
/Library/Developer/CommandLineTools/usr/bin/cc   -DCHECK_FUNCTION_EXISTS=getpwuid -isysroot /Library/Developer/CommandLineTools/SDKs/MacOSX10.15.sdk   -o CMakeFiles/cmTC_bd455.dir/CheckFunctionExists.c.o   -c /Applications/CLion.app/Contents/bin/cmake/mac/share/cmake-3.15/Modules/CheckFunctionExists.c
Linking C executable cmTC_bd455
/Applications/CLion.app/Contents/bin/cmake/mac/bin/cmake -E cmake_link_script CMakeFiles/cmTC_bd455.dir/link.txt --verbose=1
/Library/Developer/CommandLineTools/usr/bin/cc  -DCHECK_FUNCTION_EXISTS=getpwuid -isysroot /Library/Developer/CommandLineTools/SDKs/MacOSX10.15.sdk -Wl,-search_paths_first -Wl,-headerpad_max_install_names   CMakeFiles/cmTC_bd455.dir/CheckFunctionExists.c.o  -o cmTC_bd455 



Determining size of char * passed with the following output:
Change Dir: /Users/junminkim/Workspace/DataBase/MariaDBConnector/cmake-build-debug/CMakeFiles/CMakeTmp

Run Build Command(s):/usr/bin/make cmTC_c3cd9/fast && /Library/Developer/CommandLineTools/usr/bin/make -f CMakeFiles/cmTC_c3cd9.dir/build.make CMakeFiles/cmTC_c3cd9.dir/build
Building C object CMakeFiles/cmTC_c3cd9.dir/SIZEOF_CHARP.c.o
/Library/Developer/CommandLineTools/usr/bin/cc   -isysroot /Library/Developer/CommandLineTools/SDKs/MacOSX10.15.sdk   -o CMakeFiles/cmTC_c3cd9.dir/SIZEOF_CHARP.c.o   -c /Users/junminkim/Workspace/DataBase/MariaDBConnector/cmake-build-debug/CMakeFiles/CheckTypeSize/SIZEOF_CHARP.c
Linking C executable cmTC_c3cd9
/Applications/CLion.app/Contents/bin/cmake/mac/bin/cmake -E cmake_link_script CMakeFiles/cmTC_c3cd9.dir/link.txt --verbose=1
/Library/Developer/CommandLineTools/usr/bin/cc   -isysroot /Library/Developer/CommandLineTools/SDKs/MacOSX10.15.sdk -Wl,-search_paths_first -Wl,-headerpad_max_install_names   CMakeFiles/cmTC_c3cd9.dir/SIZEOF_CHARP.c.o  -o cmTC_c3cd9 



Determining size of int passed with the following output:
Change Dir: /Users/junminkim/Workspace/DataBase/MariaDBConnector/cmake-build-debug/CMakeFiles/CMakeTmp

Run Build Command(s):/usr/bin/make cmTC_5646f/fast && /Library/Developer/CommandLineTools/usr/bin/make -f CMakeFiles/cmTC_5646f.dir/build.make CMakeFiles/cmTC_5646f.dir/build
Building C object CMakeFiles/cmTC_5646f.dir/SIZEOF_INT.c.o
/Library/Developer/CommandLineTools/usr/bin/cc   -isysroot /Library/Developer/CommandLineTools/SDKs/MacOSX10.15.sdk   -o CMakeFiles/cmTC_5646f.dir/SIZEOF_INT.c.o   -c /Users/junminkim/Workspace/DataBase/MariaDBConnector/cmake-build-debug/CMakeFiles/CheckTypeSize/SIZEOF_INT.c
Linking C executable cmTC_5646f
/Applications/CLion.app/Contents/bin/cmake/mac/bin/cmake -E cmake_link_script CMakeFiles/cmTC_5646f.dir/link.txt --verbose=1
/Library/Developer/CommandLineTools/usr/bin/cc   -isysroot /Library/Developer/CommandLineTools/SDKs/MacOSX10.15.sdk -Wl,-search_paths_first -Wl,-headerpad_max_install_names   CMakeFiles/cmTC_5646f.dir/SIZEOF_INT.c.o  -o cmTC_5646f 



Determining size of long passed with the following output:
Change Dir: /Users/junminkim/Workspace/DataBase/MariaDBConnector/cmake-build-debug/CMakeFiles/CMakeTmp

Run Build Command(s):/usr/bin/make cmTC_5e9cd/fast && /Library/Developer/CommandLineTools/usr/bin/make -f CMakeFiles/cmTC_5e9cd.dir/build.make CMakeFiles/cmTC_5e9cd.dir/build
Building C object CMakeFiles/cmTC_5e9cd.dir/SIZEOF_LONG.c.o
/Library/Developer/CommandLineTools/usr/bin/cc   -isysroot /Library/Developer/CommandLineTools/SDKs/MacOSX10.15.sdk   -o CMakeFiles/cmTC_5e9cd.dir/SIZEOF_LONG.c.o   -c /Users/junminkim/Workspace/DataBase/MariaDBConnector/cmake-build-debug/CMakeFiles/CheckTypeSize/SIZEOF_LONG.c
Linking C executable cmTC_5e9cd
/Applications/CLion.app/Contents/bin/cmake/mac/bin/cmake -E cmake_link_script CMakeFiles/cmTC_5e9cd.dir/link.txt --verbose=1
/Library/Developer/CommandLineTools/usr/bin/cc   -isysroot /Library/Developer/CommandLineTools/SDKs/MacOSX10.15.sdk -Wl,-search_paths_first -Wl,-headerpad_max_install_names   CMakeFiles/cmTC_5e9cd.dir/SIZEOF_LONG.c.o  -o cmTC_5e9cd 



Determining size of long long passed with the following output:
Change Dir: /Users/junminkim/Workspace/DataBase/MariaDBConnector/cmake-build-debug/CMakeFiles/CMakeTmp

Run Build Command(s):/usr/bin/make cmTC_4feb6/fast && /Library/Developer/CommandLineTools/usr/bin/make -f CMakeFiles/cmTC_4feb6.dir/build.make CMakeFiles/cmTC_4feb6.dir/build
Building C object CMakeFiles/cmTC_4feb6.dir/SIZEOF_LONG_LONG.c.o
/Library/Developer/CommandLineTools/usr/bin/cc   -isysroot /Library/Developer/CommandLineTools/SDKs/MacOSX10.15.sdk   -o CMakeFiles/cmTC_4feb6.dir/SIZEOF_LONG_LONG.c.o   -c /Users/junminkim/Workspace/DataBase/MariaDBConnector/cmake-build-debug/CMakeFiles/CheckTypeSize/SIZEOF_LONG_LONG.c
Linking C executable cmTC_4feb6
/Applications/CLion.app/Contents/bin/cmake/mac/bin/cmake -E cmake_link_script CMakeFiles/cmTC_4feb6.dir/link.txt --verbose=1
/Library/Developer/CommandLineTools/usr/bin/cc   -isysroot /Library/Developer/CommandLineTools/SDKs/MacOSX10.15.sdk -Wl,-search_paths_first -Wl,-headerpad_max_install_names   CMakeFiles/cmTC_4feb6.dir/SIZEOF_LONG_LONG.c.o  -o cmTC_4feb6 



Determining size of size_t passed with the following output:
Change Dir: /Users/junminkim/Workspace/DataBase/MariaDBConnector/cmake-build-debug/CMakeFiles/CMakeTmp

Run Build Command(s):/usr/bin/make cmTC_7d850/fast && /Library/Developer/CommandLineTools/usr/bin/make -f CMakeFiles/cmTC_7d850.dir/build.make CMakeFiles/cmTC_7d850.dir/build
Building C object CMakeFiles/cmTC_7d850.dir/SIZEOF_SIZE_T.c.o
/Library/Developer/CommandLineTools/usr/bin/cc   -isysroot /Library/Developer/CommandLineTools/SDKs/MacOSX10.15.sdk   -o CMakeFiles/cmTC_7d850.dir/SIZEOF_SIZE_T.c.o   -c /Users/junminkim/Workspace/DataBase/MariaDBConnector/cmake-build-debug/CMakeFiles/CheckTypeSize/SIZEOF_SIZE_T.c
Linking C executable cmTC_7d850
/Applications/CLion.app/Contents/bin/cmake/mac/bin/cmake -E cmake_link_script CMakeFiles/cmTC_7d850.dir/link.txt --verbose=1
/Library/Developer/CommandLineTools/usr/bin/cc   -isysroot /Library/Developer/CommandLineTools/SDKs/MacOSX10.15.sdk -Wl,-search_paths_first -Wl,-headerpad_max_install_names   CMakeFiles/cmTC_7d850.dir/SIZEOF_SIZE_T.c.o  -o cmTC_7d850 



Determining size of uint passed with the following output:
Change Dir: /Users/junminkim/Workspace/DataBase/MariaDBConnector/cmake-build-debug/CMakeFiles/CMakeTmp

Run Build Command(s):/usr/bin/make cmTC_ef989/fast && /Library/Developer/CommandLineTools/usr/bin/make -f CMakeFiles/cmTC_ef989.dir/build.make CMakeFiles/cmTC_ef989.dir/build
Building C object CMakeFiles/cmTC_ef989.dir/SIZEOF_UINT.c.o
/Library/Developer/CommandLineTools/usr/bin/cc   -isysroot /Library/Developer/CommandLineTools/SDKs/MacOSX10.15.sdk   -o CMakeFiles/cmTC_ef989.dir/SIZEOF_UINT.c.o   -c /Users/junminkim/Workspace/DataBase/MariaDBConnector/cmake-build-debug/CMakeFiles/CheckTypeSize/SIZEOF_UINT.c
Linking C executable cmTC_ef989
/Applications/CLion.app/Contents/bin/cmake/mac/bin/cmake -E cmake_link_script CMakeFiles/cmTC_ef989.dir/link.txt --verbose=1
/Library/Developer/CommandLineTools/usr/bin/cc   -isysroot /Library/Developer/CommandLineTools/SDKs/MacOSX10.15.sdk -Wl,-search_paths_first -Wl,-headerpad_max_install_names   CMakeFiles/cmTC_ef989.dir/SIZEOF_UINT.c.o  -o cmTC_ef989 



Performing C SOURCE FILE Test SOCKET_SIZE_FOUND_socklen_t succeeded with the following output:
Change Dir: /Users/junminkim/Workspace/DataBase/MariaDBConnector/cmake-build-debug/CMakeFiles/CMakeTmp

Run Build Command(s):/usr/bin/make cmTC_fd9ee/fast && /Library/Developer/CommandLineTools/usr/bin/make -f CMakeFiles/cmTC_fd9ee.dir/build.make CMakeFiles/cmTC_fd9ee.dir/build
Building C object CMakeFiles/cmTC_fd9ee.dir/src.c.o
/Library/Developer/CommandLineTools/usr/bin/cc   -DSOCKET_SIZE_FOUND_socklen_t -isysroot /Library/Developer/CommandLineTools/SDKs/MacOSX10.15.sdk   -o CMakeFiles/cmTC_fd9ee.dir/src.c.o   -c /Users/junminkim/Workspace/DataBase/MariaDBConnector/cmake-build-debug/CMakeFiles/CMakeTmp/src.c
Linking C executable cmTC_fd9ee
/Applications/CLion.app/Contents/bin/cmake/mac/bin/cmake -E cmake_link_script CMakeFiles/cmTC_fd9ee.dir/link.txt --verbose=1
/Library/Developer/CommandLineTools/usr/bin/cc  -DSOCKET_SIZE_FOUND_socklen_t -isysroot /Library/Developer/CommandLineTools/SDKs/MacOSX10.15.sdk -Wl,-search_paths_first -Wl,-headerpad_max_install_names   CMakeFiles/cmTC_fd9ee.dir/src.c.o  -o cmTC_fd9ee 


Source file was:

        #include <sys/socket.h>
        int main(int argc, char **argv)
        {
          getsockname(0, 0, (socklen_t *)0);
          return 0;
        }
Determining if the function dlopen exists passed with the following output:
Change Dir: /Users/junminkim/Workspace/DataBase/MariaDBConnector/cmake-build-debug/CMakeFiles/CMakeTmp

Run Build Command(s):/usr/bin/make cmTC_c137d/fast && /Library/Developer/CommandLineTools/usr/bin/make -f CMakeFiles/cmTC_c137d.dir/build.make CMakeFiles/cmTC_c137d.dir/build
Building C object CMakeFiles/cmTC_c137d.dir/CheckFunctionExists.c.o
/Library/Developer/CommandLineTools/usr/bin/cc   -DCHECK_FUNCTION_EXISTS=dlopen -isysroot /Library/Developer/CommandLineTools/SDKs/MacOSX10.15.sdk   -o CMakeFiles/cmTC_c137d.dir/CheckFunctionExists.c.o   -c /Applications/CLion.app/Contents/bin/cmake/mac/share/cmake-3.15/Modules/CheckFunctionExists.c
Linking C executable cmTC_c137d
/Applications/CLion.app/Contents/bin/cmake/mac/bin/cmake -E cmake_link_script CMakeFiles/cmTC_c137d.dir/link.txt --verbose=1
/Library/Developer/CommandLineTools/usr/bin/cc  -DCHECK_FUNCTION_EXISTS=dlopen -isysroot /Library/Developer/CommandLineTools/SDKs/MacOSX10.15.sdk -Wl,-search_paths_first -Wl,-headerpad_max_install_names   CMakeFiles/cmTC_c137d.dir/CheckFunctionExists.c.o  -o cmTC_c137d 



Determining if the function floor exists passed with the following output:
Change Dir: /Users/junminkim/Workspace/DataBase/MariaDBConnector/cmake-build-debug/CMakeFiles/CMakeTmp

Run Build Command(s):/usr/bin/make cmTC_49ba6/fast && /Library/Developer/CommandLineTools/usr/bin/make -f CMakeFiles/cmTC_49ba6.dir/build.make CMakeFiles/cmTC_49ba6.dir/build
Building C object CMakeFiles/cmTC_49ba6.dir/CheckFunctionExists.c.o
/Library/Developer/CommandLineTools/usr/bin/cc   -DCHECK_FUNCTION_EXISTS=floor -isysroot /Library/Developer/CommandLineTools/SDKs/MacOSX10.15.sdk   -o CMakeFiles/cmTC_49ba6.dir/CheckFunctionExists.c.o   -c /Applications/CLion.app/Contents/bin/cmake/mac/share/cmake-3.15/Modules/CheckFunctionExists.c
/Applications/CLion.app/Contents/bin/cmake/mac/share/cmake-3.15/Modules/CheckFunctionExists.c:7:3: warning: incompatible redeclaration of library function 'floor' [-Wincompatible-library-redeclaration]
  CHECK_FUNCTION_EXISTS(void);
  ^
<command line>:1:31: note: expanded from here
#define CHECK_FUNCTION_EXISTS floor
                              ^
/Applications/CLion.app/Contents/bin/cmake/mac/share/cmake-3.15/Modules/CheckFunctionExists.c:7:3: note: 'floor' is a builtin with type 'double (double)'
<command line>:1:31: note: expanded from here
#define CHECK_FUNCTION_EXISTS floor
                              ^
1 warning generated.
Linking C executable cmTC_49ba6
/Applications/CLion.app/Contents/bin/cmake/mac/bin/cmake -E cmake_link_script CMakeFiles/cmTC_49ba6.dir/link.txt --verbose=1
/Library/Developer/CommandLineTools/usr/bin/cc  -DCHECK_FUNCTION_EXISTS=floor -isysroot /Library/Developer/CommandLineTools/SDKs/MacOSX10.15.sdk -Wl,-search_paths_first -Wl,-headerpad_max_install_names   CMakeFiles/cmTC_49ba6.dir/CheckFunctionExists.c.o  -o cmTC_49ba6 



Determining if the function pthread_getspecific exists passed with the following output:
Change Dir: /Users/junminkim/Workspace/DataBase/MariaDBConnector/cmake-build-debug/CMakeFiles/CMakeTmp

Run Build Command(s):/usr/bin/make cmTC_ce272/fast && /Library/Developer/CommandLineTools/usr/bin/make -f CMakeFiles/cmTC_ce272.dir/build.make CMakeFiles/cmTC_ce272.dir/build
Building C object CMakeFiles/cmTC_ce272.dir/CheckFunctionExists.c.o
/Library/Developer/CommandLineTools/usr/bin/cc   -DCHECK_FUNCTION_EXISTS=pthread_getspecific -isysroot /Library/Developer/CommandLineTools/SDKs/MacOSX10.15.sdk   -o CMakeFiles/cmTC_ce272.dir/CheckFunctionExists.c.o   -c /Applications/CLion.app/Contents/bin/cmake/mac/share/cmake-3.15/Modules/CheckFunctionExists.c
Linking C executable cmTC_ce272
/Applications/CLion.app/Contents/bin/cmake/mac/bin/cmake -E cmake_link_script CMakeFiles/cmTC_ce272.dir/link.txt --verbose=1
/Library/Developer/CommandLineTools/usr/bin/cc  -DCHECK_FUNCTION_EXISTS=pthread_getspecific -isysroot /Library/Developer/CommandLineTools/SDKs/MacOSX10.15.sdk -Wl,-search_paths_first -Wl,-headerpad_max_install_names   CMakeFiles/cmTC_ce272.dir/CheckFunctionExists.c.o  -o cmTC_ce272 



Determining if the function setsockopt exists passed with the following output:
Change Dir: /Users/junminkim/Workspace/DataBase/MariaDBConnector/cmake-build-debug/CMakeFiles/CMakeTmp

Run Build Command(s):/usr/bin/make cmTC_c5f21/fast && /Library/Developer/CommandLineTools/usr/bin/make -f CMakeFiles/cmTC_c5f21.dir/build.make CMakeFiles/cmTC_c5f21.dir/build
Building C object CMakeFiles/cmTC_c5f21.dir/CheckFunctionExists.c.o
/Library/Developer/CommandLineTools/usr/bin/cc   -DCHECK_FUNCTION_EXISTS=setsockopt -isysroot /Library/Developer/CommandLineTools/SDKs/MacOSX10.15.sdk   -o CMakeFiles/cmTC_c5f21.dir/CheckFunctionExists.c.o   -c /Applications/CLion.app/Contents/bin/cmake/mac/share/cmake-3.15/Modules/CheckFunctionExists.c
Linking C executable cmTC_c5f21
/Applications/CLion.app/Contents/bin/cmake/mac/bin/cmake -E cmake_link_script CMakeFiles/cmTC_c5f21.dir/link.txt --verbose=1
/Library/Developer/CommandLineTools/usr/bin/cc  -DCHECK_FUNCTION_EXISTS=setsockopt -isysroot /Library/Developer/CommandLineTools/SDKs/MacOSX10.15.sdk -Wl,-search_paths_first -Wl,-headerpad_max_install_names   CMakeFiles/cmTC_c5f21.dir/CheckFunctionExists.c.o  -o cmTC_c5f21 



Determining if the include file pthread.h exists passed with the following output:
Change Dir: /Users/junminkim/Workspace/DataBase/MariaDBConnector/cmake-build-debug/CMakeFiles/CMakeTmp

Run Build Command(s):/usr/bin/make cmTC_c2660/fast && /Library/Developer/CommandLineTools/usr/bin/make -f CMakeFiles/cmTC_c2660.dir/build.make CMakeFiles/cmTC_c2660.dir/build
Building C object CMakeFiles/cmTC_c2660.dir/CheckIncludeFile.c.o
/Library/Developer/CommandLineTools/usr/bin/cc   -isysroot /Library/Developer/CommandLineTools/SDKs/MacOSX10.15.sdk   -o CMakeFiles/cmTC_c2660.dir/CheckIncludeFile.c.o   -c /Users/junminkim/Workspace/DataBase/MariaDBConnector/cmake-build-debug/CMakeFiles/CMakeTmp/CheckIncludeFile.c
Linking C executable cmTC_c2660
/Applications/CLion.app/Contents/bin/cmake/mac/bin/cmake -E cmake_link_script CMakeFiles/cmTC_c2660.dir/link.txt --verbose=1
/Library/Developer/CommandLineTools/usr/bin/cc   -isysroot /Library/Developer/CommandLineTools/SDKs/MacOSX10.15.sdk -Wl,-search_paths_first -Wl,-headerpad_max_install_names   CMakeFiles/cmTC_c2660.dir/CheckIncludeFile.c.o  -o cmTC_c2660 



Performing C SOURCE FILE Test CMAKE_HAVE_LIBC_PTHREAD succeeded with the following output:
Change Dir: /Users/junminkim/Workspace/DataBase/MariaDBConnector/cmake-build-debug/CMakeFiles/CMakeTmp

Run Build Command(s):/usr/bin/make cmTC_4e91d/fast && /Library/Developer/CommandLineTools/usr/bin/make -f CMakeFiles/cmTC_4e91d.dir/build.make CMakeFiles/cmTC_4e91d.dir/build
Building C object CMakeFiles/cmTC_4e91d.dir/src.c.o
/Library/Developer/CommandLineTools/usr/bin/cc   -DCMAKE_HAVE_LIBC_PTHREAD -isysroot /Library/Developer/CommandLineTools/SDKs/MacOSX10.15.sdk   -o CMakeFiles/cmTC_4e91d.dir/src.c.o   -c /Users/junminkim/Workspace/DataBase/MariaDBConnector/cmake-build-debug/CMakeFiles/CMakeTmp/src.c
Linking C executable cmTC_4e91d
/Applications/CLion.app/Contents/bin/cmake/mac/bin/cmake -E cmake_link_script CMakeFiles/cmTC_4e91d.dir/link.txt --verbose=1
/Library/Developer/CommandLineTools/usr/bin/cc  -DCMAKE_HAVE_LIBC_PTHREAD -isysroot /Library/Developer/CommandLineTools/SDKs/MacOSX10.15.sdk -Wl,-search_paths_first -Wl,-headerpad_max_install_names   CMakeFiles/cmTC_4e91d.dir/src.c.o  -o cmTC_4e91d 


Source file was:
#include <pthread.h>

void* test_func(void* data)
{
  return data;
}

int main(void)
{
  pthread_t thread;
  pthread_create(&thread, NULL, test_func, NULL);
  pthread_detach(thread);
  pthread_join(thread, NULL);
  pthread_atfork(NULL, NULL, NULL);
  pthread_exit(NULL);

  return 0;
}

Performing C SOURCE FILE Test ICONV_SECOND_ARGUMENT_IS_CONST succeeded with the following output:
Change Dir: /Users/junminkim/Workspace/DataBase/MariaDBConnector/cmake-build-debug/CMakeFiles/CMakeTmp

Run Build Command(s):/usr/bin/make cmTC_1294f/fast && /Library/Developer/CommandLineTools/usr/bin/make -f CMakeFiles/cmTC_1294f.dir/build.make CMakeFiles/cmTC_1294f.dir/build
Building C object CMakeFiles/cmTC_1294f.dir/src.c.o
/Library/Developer/CommandLineTools/usr/bin/cc   -DICONV_SECOND_ARGUMENT_IS_CONST -isysroot /Library/Developer/CommandLineTools/SDKs/MacOSX10.15.sdk   -o CMakeFiles/cmTC_1294f.dir/src.c.o   -c /Users/junminkim/Workspace/DataBase/MariaDBConnector/cmake-build-debug/CMakeFiles/CMakeTmp/src.c
/Users/junminkim/Workspace/DataBase/MariaDBConnector/cmake-build-debug/CMakeFiles/CMakeTmp/src.c:9:17: warning: passing 'const char **' to parameter of type 'char **' discards qualifiers in nested pointer types [-Wincompatible-pointer-types-discards-qualifiers]
    iconv(conv, &in, &ilen, &out, &olen);
                ^~~
/Library/Developer/CommandLineTools/SDKs/MacOSX10.15.sdk/usr/include/iconv.h:75:79: note: passing argument to parameter '__inbuf' here
extern __LIBICONV_DLL_EXPORTED size_t iconv (iconv_t __cd, char* * __restrict __inbuf, size_t * __restrict __inbytesleft, char* * __restrict __outbuf, size_t * __restrict __outbytesleft);
                                                                              ^
1 warning generated.
Linking C executable cmTC_1294f
/Applications/CLion.app/Contents/bin/cmake/mac/bin/cmake -E cmake_link_script CMakeFiles/cmTC_1294f.dir/link.txt --verbose=1
/Library/Developer/CommandLineTools/usr/bin/cc  -DICONV_SECOND_ARGUMENT_IS_CONST -isysroot /Library/Developer/CommandLineTools/SDKs/MacOSX10.15.sdk -Wl,-search_paths_first -Wl,-headerpad_max_install_names   CMakeFiles/cmTC_1294f.dir/src.c.o  -o cmTC_1294f /usr/lib/libiconv.dylib 


Source file was:

  #include <iconv.h>
  int main(){
    iconv_t conv = 0;
    const char* in = 0;
    size_t ilen = 0;
    char* out = 0;
    size_t olen = 0;
    iconv(conv, &in, &ilen, &out, &olen);
    return 0;
  }

